mode: set
github.com/rhino11/trafficsim/cmd/validate-yaml/main.go:30.13,31.22 1 0
github.com/rhino11/trafficsim/cmd/validate-yaml/main.go:31.22,34.3 2 0
github.com/rhino11/trafficsim/cmd/validate-yaml/main.go:36.2,39.35 2 0
github.com/rhino11/trafficsim/cmd/validate-yaml/main.go:39.35,41.17 2 0
github.com/rhino11/trafficsim/cmd/validate-yaml/main.go:41.17,44.4 2 0
github.com/rhino11/trafficsim/cmd/validate-yaml/main.go:45.3,45.40 1 0
github.com/rhino11/trafficsim/cmd/validate-yaml/main.go:48.2,48.24 1 0
github.com/rhino11/trafficsim/cmd/validate-yaml/main.go:48.24,51.3 2 0
github.com/rhino11/trafficsim/cmd/validate-yaml/main.go:53.2,56.62 3 0
github.com/rhino11/trafficsim/cmd/validate-yaml/main.go:56.62,58.3 1 0
github.com/rhino11/trafficsim/cmd/validate-yaml/main.go:62.54,66.16 3 1
github.com/rhino11/trafficsim/cmd/validate-yaml/main.go:66.16,68.3 1 1
github.com/rhino11/trafficsim/cmd/validate-yaml/main.go:70.2,70.19 1 1
github.com/rhino11/trafficsim/cmd/validate-yaml/main.go:70.19,71.23 1 1
github.com/rhino11/trafficsim/cmd/validate-yaml/main.go:71.23,73.4 1 1
github.com/rhino11/trafficsim/cmd/validate-yaml/main.go:74.3,74.20 1 1
github.com/rhino11/trafficsim/cmd/validate-yaml/main.go:77.2,77.85 1 1
github.com/rhino11/trafficsim/cmd/validate-yaml/main.go:77.85,78.17 1 1
github.com/rhino11/trafficsim/cmd/validate-yaml/main.go:78.17,80.4 1 0
github.com/rhino11/trafficsim/cmd/validate-yaml/main.go:82.3,82.44 1 1
github.com/rhino11/trafficsim/cmd/validate-yaml/main.go:82.44,84.4 1 1
github.com/rhino11/trafficsim/cmd/validate-yaml/main.go:86.3,86.13 1 1
github.com/rhino11/trafficsim/cmd/validate-yaml/main.go:89.2,89.19 1 1
github.com/rhino11/trafficsim/cmd/validate-yaml/main.go:93.39,96.2 2 1
github.com/rhino11/trafficsim/cmd/validate-yaml/main.go:99.54,105.29 2 1
github.com/rhino11/trafficsim/cmd/validate-yaml/main.go:105.29,109.19 3 1
github.com/rhino11/trafficsim/cmd/validate-yaml/main.go:109.19,111.4 1 0
github.com/rhino11/trafficsim/cmd/validate-yaml/main.go:111.9,113.4 1 1
github.com/rhino11/trafficsim/cmd/validate-yaml/main.go:116.2,116.16 1 1
github.com/rhino11/trafficsim/cmd/validate-yaml/main.go:120.46,126.16 3 1
github.com/rhino11/trafficsim/cmd/validate-yaml/main.go:126.16,128.3 1 0
github.com/rhino11/trafficsim/cmd/validate-yaml/main.go:131.2,132.16 2 1
github.com/rhino11/trafficsim/cmd/validate-yaml/main.go:132.16,134.3 1 0
github.com/rhino11/trafficsim/cmd/validate-yaml/main.go:136.2,144.41 3 1
github.com/rhino11/trafficsim/cmd/validate-yaml/main.go:144.41,146.17 2 1
github.com/rhino11/trafficsim/cmd/validate-yaml/main.go:146.17,147.12 1 0
github.com/rhino11/trafficsim/cmd/validate-yaml/main.go:150.3,150.48 1 1
github.com/rhino11/trafficsim/cmd/validate-yaml/main.go:150.48,152.9 2 1
github.com/rhino11/trafficsim/cmd/validate-yaml/main.go:156.2,156.14 1 1
github.com/rhino11/trafficsim/cmd/validate-yaml/main.go:156.14,158.3 1 1
github.com/rhino11/trafficsim/cmd/validate-yaml/main.go:160.2,160.12 1 1
github.com/rhino11/trafficsim/cmd/validate-yaml/main.go:164.53,172.51 2 1
github.com/rhino11/trafficsim/cmd/validate-yaml/main.go:172.51,176.3 3 1
github.com/rhino11/trafficsim/cmd/validate-yaml/main.go:179.2,180.16 2 0
github.com/rhino11/trafficsim/cmd/validate-yaml/main.go:180.16,184.3 3 0
github.com/rhino11/trafficsim/cmd/validate-yaml/main.go:187.2,188.59 2 0
github.com/rhino11/trafficsim/cmd/validate-yaml/main.go:188.59,192.3 3 0
github.com/rhino11/trafficsim/cmd/validate-yaml/main.go:195.2,197.18 2 0
github.com/rhino11/trafficsim/cmd/validate-yaml/main.go:198.21,200.51 2 0
github.com/rhino11/trafficsim/cmd/validate-yaml/main.go:201.29,203.51 2 0
github.com/rhino11/trafficsim/cmd/validate-yaml/main.go:204.25,206.51 2 0
github.com/rhino11/trafficsim/cmd/validate-yaml/main.go:207.17,209.8 1 0
github.com/rhino11/trafficsim/cmd/validate-yaml/main.go:212.2,212.28 1 0
github.com/rhino11/trafficsim/cmd/validate-yaml/main.go:212.28,214.3 1 0
github.com/rhino11/trafficsim/cmd/validate-yaml/main.go:216.2,216.15 1 0
github.com/rhino11/trafficsim/cmd/validate-yaml/main.go:220.48,224.110 2 1
github.com/rhino11/trafficsim/cmd/validate-yaml/main.go:224.110,226.3 1 1
github.com/rhino11/trafficsim/cmd/validate-yaml/main.go:228.2,228.57 1 1
github.com/rhino11/trafficsim/cmd/validate-yaml/main.go:228.57,230.3 1 1
github.com/rhino11/trafficsim/cmd/validate-yaml/main.go:232.2,232.55 1 1
github.com/rhino11/trafficsim/cmd/validate-yaml/main.go:232.55,234.3 1 1
github.com/rhino11/trafficsim/cmd/validate-yaml/main.go:236.2,236.18 1 1
github.com/rhino11/trafficsim/cmd/validate-yaml/main.go:240.50,244.54 3 1
github.com/rhino11/trafficsim/cmd/validate-yaml/main.go:244.54,247.3 2 1
github.com/rhino11/trafficsim/cmd/validate-yaml/main.go:250.2,250.41 1 1
github.com/rhino11/trafficsim/cmd/validate-yaml/main.go:250.41,252.3 1 1
github.com/rhino11/trafficsim/cmd/validate-yaml/main.go:254.2,254.35 1 1
github.com/rhino11/trafficsim/cmd/validate-yaml/main.go:254.35,256.3 1 1
github.com/rhino11/trafficsim/cmd/validate-yaml/main.go:259.2,259.52 1 1
github.com/rhino11/trafficsim/cmd/validate-yaml/main.go:259.52,261.3 1 1
github.com/rhino11/trafficsim/cmd/validate-yaml/main.go:264.2,269.29 2 1
github.com/rhino11/trafficsim/cmd/validate-yaml/main.go:269.29,271.3 1 1
github.com/rhino11/trafficsim/cmd/validate-yaml/main.go:274.2,274.62 1 1
github.com/rhino11/trafficsim/cmd/validate-yaml/main.go:274.62,275.47 1 1
github.com/rhino11/trafficsim/cmd/validate-yaml/main.go:275.47,276.47 1 1
github.com/rhino11/trafficsim/cmd/validate-yaml/main.go:276.47,279.5 1 1
github.com/rhino11/trafficsim/cmd/validate-yaml/main.go:283.2,283.15 1 1
github.com/rhino11/trafficsim/cmd/validate-yaml/main.go:287.75,295.63 3 1
github.com/rhino11/trafficsim/cmd/validate-yaml/main.go:295.63,298.3 2 1
github.com/rhino11/trafficsim/cmd/validate-yaml/main.go:300.2,300.42 1 1
github.com/rhino11/trafficsim/cmd/validate-yaml/main.go:300.42,303.3 2 1
github.com/rhino11/trafficsim/cmd/validate-yaml/main.go:306.2,306.65 1 1
github.com/rhino11/trafficsim/cmd/validate-yaml/main.go:306.65,309.3 2 1
github.com/rhino11/trafficsim/cmd/validate-yaml/main.go:311.2,311.15 1 1
github.com/rhino11/trafficsim/cmd/validate-yaml/main.go:315.110,319.26 2 1
github.com/rhino11/trafficsim/cmd/validate-yaml/main.go:319.26,321.3 1 1
github.com/rhino11/trafficsim/cmd/validate-yaml/main.go:323.2,323.29 1 1
github.com/rhino11/trafficsim/cmd/validate-yaml/main.go:323.29,325.3 1 1
github.com/rhino11/trafficsim/cmd/validate-yaml/main.go:328.2,328.40 1 1
github.com/rhino11/trafficsim/cmd/validate-yaml/main.go:328.40,330.3 1 1
github.com/rhino11/trafficsim/cmd/validate-yaml/main.go:332.2,332.43 1 1
github.com/rhino11/trafficsim/cmd/validate-yaml/main.go:332.43,334.3 1 1
github.com/rhino11/trafficsim/cmd/validate-yaml/main.go:336.2,336.70 1 1
github.com/rhino11/trafficsim/cmd/validate-yaml/main.go:336.70,338.3 1 1
github.com/rhino11/trafficsim/cmd/validate-yaml/main.go:341.2,341.35 1 1
github.com/rhino11/trafficsim/cmd/validate-yaml/main.go:341.35,343.3 1 1
github.com/rhino11/trafficsim/cmd/validate-yaml/main.go:345.2,345.34 1 1
github.com/rhino11/trafficsim/cmd/validate-yaml/main.go:345.34,347.3 1 1
github.com/rhino11/trafficsim/cmd/validate-yaml/main.go:349.2,349.33 1 1
github.com/rhino11/trafficsim/cmd/validate-yaml/main.go:349.33,351.3 1 1
github.com/rhino11/trafficsim/cmd/validate-yaml/main.go:354.2,356.15 2 1
github.com/rhino11/trafficsim/cmd/validate-yaml/main.go:360.112,365.51 3 1
github.com/rhino11/trafficsim/cmd/validate-yaml/main.go:365.51,367.44 1 1
github.com/rhino11/trafficsim/cmd/validate-yaml/main.go:367.44,369.4 1 1
github.com/rhino11/trafficsim/cmd/validate-yaml/main.go:371.3,371.42 1 1
github.com/rhino11/trafficsim/cmd/validate-yaml/main.go:371.42,373.4 1 1
github.com/rhino11/trafficsim/cmd/validate-yaml/main.go:376.2,376.51 1 1
github.com/rhino11/trafficsim/cmd/validate-yaml/main.go:376.51,378.35 1 1
github.com/rhino11/trafficsim/cmd/validate-yaml/main.go:378.35,380.4 1 1
github.com/rhino11/trafficsim/cmd/validate-yaml/main.go:383.2,383.48 1 1
github.com/rhino11/trafficsim/cmd/validate-yaml/main.go:383.48,385.48 1 1
github.com/rhino11/trafficsim/cmd/validate-yaml/main.go:385.48,387.4 1 1
github.com/rhino11/trafficsim/cmd/validate-yaml/main.go:389.3,389.48 1 1
github.com/rhino11/trafficsim/cmd/validate-yaml/main.go:389.48,391.4 1 1
github.com/rhino11/trafficsim/cmd/validate-yaml/main.go:394.2,394.15 1 1
github.com/rhino11/trafficsim/cmd/validate-yaml/main.go:398.54,418.63 3 1
github.com/rhino11/trafficsim/cmd/validate-yaml/main.go:418.63,421.3 2 1
github.com/rhino11/trafficsim/cmd/validate-yaml/main.go:424.2,424.38 1 1
github.com/rhino11/trafficsim/cmd/validate-yaml/main.go:424.38,426.3 1 1
github.com/rhino11/trafficsim/cmd/validate-yaml/main.go:428.2,428.41 1 1
github.com/rhino11/trafficsim/cmd/validate-yaml/main.go:428.41,430.3 1 1
github.com/rhino11/trafficsim/cmd/validate-yaml/main.go:433.2,434.50 2 1
github.com/rhino11/trafficsim/cmd/validate-yaml/main.go:434.50,435.24 1 1
github.com/rhino11/trafficsim/cmd/validate-yaml/main.go:435.24,437.4 1 1
github.com/rhino11/trafficsim/cmd/validate-yaml/main.go:437.9,438.32 1 1
github.com/rhino11/trafficsim/cmd/validate-yaml/main.go:438.32,440.5 1 0
github.com/rhino11/trafficsim/cmd/validate-yaml/main.go:441.4,441.35 1 1
github.com/rhino11/trafficsim/cmd/validate-yaml/main.go:444.3,444.26 1 1
github.com/rhino11/trafficsim/cmd/validate-yaml/main.go:444.26,446.4 1 1
github.com/rhino11/trafficsim/cmd/validate-yaml/main.go:449.3,449.84 1 1
github.com/rhino11/trafficsim/cmd/validate-yaml/main.go:449.84,451.4 1 1
github.com/rhino11/trafficsim/cmd/validate-yaml/main.go:453.3,453.88 1 1
github.com/rhino11/trafficsim/cmd/validate-yaml/main.go:453.88,455.4 1 1
github.com/rhino11/trafficsim/cmd/validate-yaml/main.go:458.2,458.15 1 1
github.com/rhino11/trafficsim/cmd/validate-yaml/main.go:462.46,468.34 5 1
github.com/rhino11/trafficsim/cmd/validate-yaml/main.go:468.34,470.43 2 1
github.com/rhino11/trafficsim/cmd/validate-yaml/main.go:470.43,472.4 1 1
github.com/rhino11/trafficsim/cmd/validate-yaml/main.go:475.2,475.30 1 1
github.com/rhino11/trafficsim/cmd/validate-yaml/main.go:475.30,477.42 2 1
github.com/rhino11/trafficsim/cmd/validate-yaml/main.go:477.42,478.21 1 1
github.com/rhino11/trafficsim/cmd/validate-yaml/main.go:478.21,480.39 2 1
github.com/rhino11/trafficsim/cmd/validate-yaml/main.go:480.39,482.6 1 1
github.com/rhino11/trafficsim/cmd/validate-yaml/main.go:487.2,487.64 1 1
github.com/rhino11/trafficsim/cmd/validate-yaml/main.go:487.64,489.3 1 1
