mode: set
github.com/rhino11/trafficsim/debug_attitude.go:11.13,16.54 4 0
github.com/rhino11/trafficsim/debug_attitude.go:16.54,19.3 2 0
github.com/rhino11/trafficsim/debug_attitude.go:20.2,33.18 9 0
github.com/rhino11/trafficsim/debug_attitude.go:33.18,35.3 1 0
github.com/rhino11/trafficsim/debug_attitude.go:37.2,45.53 5 0
github.com/rhino11/trafficsim/debug_attitude.go:45.53,48.3 2 0
github.com/rhino11/trafficsim/debug_attitude.go:49.2,50.88 2 0
github.com/rhino11/trafficsim/cmd/simrunner/main.go:20.13,37.31 5 0
github.com/rhino11/trafficsim/cmd/simrunner/main.go:37.31,39.3 1 0
github.com/rhino11/trafficsim/cmd/simrunner/main.go:42.2,44.16 3 0
github.com/rhino11/trafficsim/cmd/simrunner/main.go:44.16,46.3 1 0
github.com/rhino11/trafficsim/cmd/simrunner/main.go:49.2,53.16 3 0
github.com/rhino11/trafficsim/cmd/simrunner/main.go:53.16,55.17 2 0
github.com/rhino11/trafficsim/cmd/simrunner/main.go:55.17,57.4 1 0
github.com/rhino11/trafficsim/cmd/simrunner/main.go:58.3,59.90 2 0
github.com/rhino11/trafficsim/cmd/simrunner/main.go:62.2,62.14 1 0
github.com/rhino11/trafficsim/cmd/simrunner/main.go:62.14,68.58 3 0
github.com/rhino11/trafficsim/cmd/simrunner/main.go:68.58,70.4 1 0
github.com/rhino11/trafficsim/cmd/simrunner/main.go:72.3,76.40 3 0
github.com/rhino11/trafficsim/cmd/simrunner/main.go:76.40,78.4 1 0
github.com/rhino11/trafficsim/cmd/simrunner/main.go:81.3,84.42 2 0
github.com/rhino11/trafficsim/cmd/simrunner/main.go:84.42,86.4 1 0
github.com/rhino11/trafficsim/cmd/simrunner/main.go:87.8,89.20 1 0
github.com/rhino11/trafficsim/cmd/simrunner/main.go:89.20,91.4 1 0
github.com/rhino11/trafficsim/cmd/simrunner/main.go:92.3,92.47 1 0
github.com/rhino11/trafficsim/cmd/simrunner/main.go:96.62,99.16 2 0
github.com/rhino11/trafficsim/cmd/simrunner/main.go:99.16,101.3 1 0
github.com/rhino11/trafficsim/cmd/simrunner/main.go:104.2,105.16 2 0
github.com/rhino11/trafficsim/cmd/simrunner/main.go:105.16,107.3 1 0
github.com/rhino11/trafficsim/cmd/simrunner/main.go:109.2,109.18 1 0
github.com/rhino11/trafficsim/cmd/simrunner/main.go:112.91,123.12 6 0
github.com/rhino11/trafficsim/cmd/simrunner/main.go:123.12,127.3 3 0
github.com/rhino11/trafficsim/cmd/simrunner/main.go:130.2,130.57 1 0
github.com/rhino11/trafficsim/cmd/simrunner/main.go:130.57,133.3 2 0
github.com/rhino11/trafficsim/cmd/simrunner/main.go:135.2,139.37 3 0
github.com/rhino11/trafficsim/cmd/simrunner/main.go:139.37,141.3 1 0
github.com/rhino11/trafficsim/cmd/simrunner/main.go:144.2,144.39 1 0
github.com/rhino11/trafficsim/cmd/simrunner/main.go:144.39,146.3 1 0
github.com/rhino11/trafficsim/cmd/simrunner/main.go:149.2,153.6 4 0
github.com/rhino11/trafficsim/cmd/simrunner/main.go:153.6,154.10 1 0
github.com/rhino11/trafficsim/cmd/simrunner/main.go:155.21,158.10 3 0
github.com/rhino11/trafficsim/cmd/simrunner/main.go:159.19,169.26 5 0
github.com/rhino11/trafficsim/cmd/simrunner/main.go:169.26,171.5 1 0
github.com/rhino11/trafficsim/cmd/simrunner/main.go:174.4,174.28 1 0
github.com/rhino11/trafficsim/cmd/simrunner/main.go:174.28,176.5 1 0
github.com/rhino11/trafficsim/cmd/simrunner/main.go:181.75,182.37 1 0
github.com/rhino11/trafficsim/cmd/simrunner/main.go:182.37,198.17 4 0
github.com/rhino11/trafficsim/cmd/simrunner/main.go:198.17,200.4 1 0
github.com/rhino11/trafficsim/cmd/simrunner/main.go:204.52,213.2 5 0
github.com/rhino11/trafficsim/cmd/simrunner/main.go:215.57,216.37 1 0
github.com/rhino11/trafficsim/cmd/simrunner/main.go:216.37,226.3 2 0
github.com/rhino11/trafficsim/cmd/validate-yaml/main.go:30.13,31.22 1 0
github.com/rhino11/trafficsim/cmd/validate-yaml/main.go:31.22,34.3 2 0
github.com/rhino11/trafficsim/cmd/validate-yaml/main.go:36.2,39.35 2 0
github.com/rhino11/trafficsim/cmd/validate-yaml/main.go:39.35,41.17 2 0
github.com/rhino11/trafficsim/cmd/validate-yaml/main.go:41.17,44.4 2 0
github.com/rhino11/trafficsim/cmd/validate-yaml/main.go:45.3,45.40 1 0
github.com/rhino11/trafficsim/cmd/validate-yaml/main.go:48.2,48.24 1 0
github.com/rhino11/trafficsim/cmd/validate-yaml/main.go:48.24,51.3 2 0
github.com/rhino11/trafficsim/cmd/validate-yaml/main.go:53.2,56.62 3 0
github.com/rhino11/trafficsim/cmd/validate-yaml/main.go:56.62,58.3 1 0
github.com/rhino11/trafficsim/cmd/validate-yaml/main.go:62.54,66.16 3 0
github.com/rhino11/trafficsim/cmd/validate-yaml/main.go:66.16,68.3 1 0
github.com/rhino11/trafficsim/cmd/validate-yaml/main.go:70.2,70.19 1 0
github.com/rhino11/trafficsim/cmd/validate-yaml/main.go:70.19,71.23 1 0
github.com/rhino11/trafficsim/cmd/validate-yaml/main.go:71.23,73.4 1 0
github.com/rhino11/trafficsim/cmd/validate-yaml/main.go:74.3,74.20 1 0
github.com/rhino11/trafficsim/cmd/validate-yaml/main.go:77.2,77.85 1 0
github.com/rhino11/trafficsim/cmd/validate-yaml/main.go:77.85,78.17 1 0
github.com/rhino11/trafficsim/cmd/validate-yaml/main.go:78.17,80.4 1 0
github.com/rhino11/trafficsim/cmd/validate-yaml/main.go:82.3,82.44 1 0
github.com/rhino11/trafficsim/cmd/validate-yaml/main.go:82.44,84.4 1 0
github.com/rhino11/trafficsim/cmd/validate-yaml/main.go:86.3,86.13 1 0
github.com/rhino11/trafficsim/cmd/validate-yaml/main.go:89.2,89.19 1 0
github.com/rhino11/trafficsim/cmd/validate-yaml/main.go:93.39,96.2 2 0
github.com/rhino11/trafficsim/cmd/validate-yaml/main.go:99.54,105.29 2 0
github.com/rhino11/trafficsim/cmd/validate-yaml/main.go:105.29,109.19 3 0
github.com/rhino11/trafficsim/cmd/validate-yaml/main.go:109.19,111.4 1 0
github.com/rhino11/trafficsim/cmd/validate-yaml/main.go:111.9,113.4 1 0
github.com/rhino11/trafficsim/cmd/validate-yaml/main.go:116.2,116.16 1 0
github.com/rhino11/trafficsim/cmd/validate-yaml/main.go:120.53,129.16 3 0
github.com/rhino11/trafficsim/cmd/validate-yaml/main.go:129.16,133.3 3 0
github.com/rhino11/trafficsim/cmd/validate-yaml/main.go:136.2,137.59 2 0
github.com/rhino11/trafficsim/cmd/validate-yaml/main.go:137.59,141.3 3 0
github.com/rhino11/trafficsim/cmd/validate-yaml/main.go:144.2,146.18 2 0
github.com/rhino11/trafficsim/cmd/validate-yaml/main.go:147.21,149.51 2 0
github.com/rhino11/trafficsim/cmd/validate-yaml/main.go:150.29,152.51 2 0
github.com/rhino11/trafficsim/cmd/validate-yaml/main.go:153.25,155.51 2 0
github.com/rhino11/trafficsim/cmd/validate-yaml/main.go:156.17,158.8 1 0
github.com/rhino11/trafficsim/cmd/validate-yaml/main.go:161.2,161.28 1 0
github.com/rhino11/trafficsim/cmd/validate-yaml/main.go:161.28,163.3 1 0
github.com/rhino11/trafficsim/cmd/validate-yaml/main.go:165.2,165.15 1 0
github.com/rhino11/trafficsim/cmd/validate-yaml/main.go:169.48,173.110 2 0
github.com/rhino11/trafficsim/cmd/validate-yaml/main.go:173.110,175.3 1 0
github.com/rhino11/trafficsim/cmd/validate-yaml/main.go:177.2,177.57 1 0
github.com/rhino11/trafficsim/cmd/validate-yaml/main.go:177.57,179.3 1 0
github.com/rhino11/trafficsim/cmd/validate-yaml/main.go:181.2,181.55 1 0
github.com/rhino11/trafficsim/cmd/validate-yaml/main.go:181.55,183.3 1 0
github.com/rhino11/trafficsim/cmd/validate-yaml/main.go:185.2,185.18 1 0
github.com/rhino11/trafficsim/cmd/validate-yaml/main.go:189.50,193.54 3 0
github.com/rhino11/trafficsim/cmd/validate-yaml/main.go:193.54,196.3 2 0
github.com/rhino11/trafficsim/cmd/validate-yaml/main.go:199.2,199.41 1 0
github.com/rhino11/trafficsim/cmd/validate-yaml/main.go:199.41,201.3 1 0
github.com/rhino11/trafficsim/cmd/validate-yaml/main.go:203.2,203.35 1 0
github.com/rhino11/trafficsim/cmd/validate-yaml/main.go:203.35,205.3 1 0
github.com/rhino11/trafficsim/cmd/validate-yaml/main.go:208.2,208.52 1 0
github.com/rhino11/trafficsim/cmd/validate-yaml/main.go:208.52,210.3 1 0
github.com/rhino11/trafficsim/cmd/validate-yaml/main.go:213.2,218.29 2 0
github.com/rhino11/trafficsim/cmd/validate-yaml/main.go:218.29,220.3 1 0
github.com/rhino11/trafficsim/cmd/validate-yaml/main.go:223.2,223.62 1 0
github.com/rhino11/trafficsim/cmd/validate-yaml/main.go:223.62,224.47 1 0
github.com/rhino11/trafficsim/cmd/validate-yaml/main.go:224.47,225.47 1 0
github.com/rhino11/trafficsim/cmd/validate-yaml/main.go:225.47,228.5 1 0
github.com/rhino11/trafficsim/cmd/validate-yaml/main.go:232.2,232.15 1 0
github.com/rhino11/trafficsim/cmd/validate-yaml/main.go:236.75,244.63 3 0
github.com/rhino11/trafficsim/cmd/validate-yaml/main.go:244.63,247.3 2 0
github.com/rhino11/trafficsim/cmd/validate-yaml/main.go:249.2,249.42 1 0
github.com/rhino11/trafficsim/cmd/validate-yaml/main.go:249.42,252.3 2 0
github.com/rhino11/trafficsim/cmd/validate-yaml/main.go:255.2,255.65 1 0
github.com/rhino11/trafficsim/cmd/validate-yaml/main.go:255.65,258.3 2 0
github.com/rhino11/trafficsim/cmd/validate-yaml/main.go:260.2,260.15 1 0
github.com/rhino11/trafficsim/cmd/validate-yaml/main.go:264.110,268.26 2 0
github.com/rhino11/trafficsim/cmd/validate-yaml/main.go:268.26,270.3 1 0
github.com/rhino11/trafficsim/cmd/validate-yaml/main.go:272.2,272.29 1 0
github.com/rhino11/trafficsim/cmd/validate-yaml/main.go:272.29,274.3 1 0
github.com/rhino11/trafficsim/cmd/validate-yaml/main.go:277.2,277.40 1 0
github.com/rhino11/trafficsim/cmd/validate-yaml/main.go:277.40,279.3 1 0
github.com/rhino11/trafficsim/cmd/validate-yaml/main.go:281.2,281.43 1 0
github.com/rhino11/trafficsim/cmd/validate-yaml/main.go:281.43,283.3 1 0
github.com/rhino11/trafficsim/cmd/validate-yaml/main.go:285.2,285.70 1 0
github.com/rhino11/trafficsim/cmd/validate-yaml/main.go:285.70,287.3 1 0
github.com/rhino11/trafficsim/cmd/validate-yaml/main.go:290.2,290.35 1 0
github.com/rhino11/trafficsim/cmd/validate-yaml/main.go:290.35,292.3 1 0
github.com/rhino11/trafficsim/cmd/validate-yaml/main.go:294.2,294.34 1 0
github.com/rhino11/trafficsim/cmd/validate-yaml/main.go:294.34,296.3 1 0
github.com/rhino11/trafficsim/cmd/validate-yaml/main.go:298.2,298.33 1 0
github.com/rhino11/trafficsim/cmd/validate-yaml/main.go:298.33,300.3 1 0
github.com/rhino11/trafficsim/cmd/validate-yaml/main.go:303.2,305.15 2 0
github.com/rhino11/trafficsim/cmd/validate-yaml/main.go:309.112,314.51 3 0
github.com/rhino11/trafficsim/cmd/validate-yaml/main.go:314.51,316.44 1 0
github.com/rhino11/trafficsim/cmd/validate-yaml/main.go:316.44,318.4 1 0
github.com/rhino11/trafficsim/cmd/validate-yaml/main.go:320.3,320.42 1 0
github.com/rhino11/trafficsim/cmd/validate-yaml/main.go:320.42,322.4 1 0
github.com/rhino11/trafficsim/cmd/validate-yaml/main.go:325.2,325.51 1 0
github.com/rhino11/trafficsim/cmd/validate-yaml/main.go:325.51,327.35 1 0
github.com/rhino11/trafficsim/cmd/validate-yaml/main.go:327.35,329.4 1 0
github.com/rhino11/trafficsim/cmd/validate-yaml/main.go:332.2,332.48 1 0
github.com/rhino11/trafficsim/cmd/validate-yaml/main.go:332.48,334.48 1 0
github.com/rhino11/trafficsim/cmd/validate-yaml/main.go:334.48,336.4 1 0
github.com/rhino11/trafficsim/cmd/validate-yaml/main.go:338.3,338.48 1 0
github.com/rhino11/trafficsim/cmd/validate-yaml/main.go:338.48,340.4 1 0
github.com/rhino11/trafficsim/cmd/validate-yaml/main.go:343.2,343.15 1 0
github.com/rhino11/trafficsim/cmd/validate-yaml/main.go:347.54,367.63 3 0
github.com/rhino11/trafficsim/cmd/validate-yaml/main.go:367.63,370.3 2 0
github.com/rhino11/trafficsim/cmd/validate-yaml/main.go:373.2,373.38 1 0
github.com/rhino11/trafficsim/cmd/validate-yaml/main.go:373.38,375.3 1 0
github.com/rhino11/trafficsim/cmd/validate-yaml/main.go:377.2,377.41 1 0
github.com/rhino11/trafficsim/cmd/validate-yaml/main.go:377.41,379.3 1 0
github.com/rhino11/trafficsim/cmd/validate-yaml/main.go:382.2,383.50 2 0
github.com/rhino11/trafficsim/cmd/validate-yaml/main.go:383.50,384.24 1 0
github.com/rhino11/trafficsim/cmd/validate-yaml/main.go:384.24,386.4 1 0
github.com/rhino11/trafficsim/cmd/validate-yaml/main.go:386.9,387.32 1 0
github.com/rhino11/trafficsim/cmd/validate-yaml/main.go:387.32,389.5 1 0
github.com/rhino11/trafficsim/cmd/validate-yaml/main.go:390.4,390.35 1 0
github.com/rhino11/trafficsim/cmd/validate-yaml/main.go:393.3,393.26 1 0
github.com/rhino11/trafficsim/cmd/validate-yaml/main.go:393.26,395.4 1 0
github.com/rhino11/trafficsim/cmd/validate-yaml/main.go:398.3,398.84 1 0
github.com/rhino11/trafficsim/cmd/validate-yaml/main.go:398.84,400.4 1 0
github.com/rhino11/trafficsim/cmd/validate-yaml/main.go:402.3,402.88 1 0
github.com/rhino11/trafficsim/cmd/validate-yaml/main.go:402.88,404.4 1 0
github.com/rhino11/trafficsim/cmd/validate-yaml/main.go:407.2,407.15 1 0
github.com/rhino11/trafficsim/cmd/validate-yaml/main.go:411.46,417.34 5 0
github.com/rhino11/trafficsim/cmd/validate-yaml/main.go:417.34,419.43 2 0
github.com/rhino11/trafficsim/cmd/validate-yaml/main.go:419.43,421.4 1 0
github.com/rhino11/trafficsim/cmd/validate-yaml/main.go:424.2,424.30 1 0
github.com/rhino11/trafficsim/cmd/validate-yaml/main.go:424.30,426.42 2 0
github.com/rhino11/trafficsim/cmd/validate-yaml/main.go:426.42,427.21 1 0
github.com/rhino11/trafficsim/cmd/validate-yaml/main.go:427.21,429.39 2 0
github.com/rhino11/trafficsim/cmd/validate-yaml/main.go:429.39,431.6 1 0
github.com/rhino11/trafficsim/cmd/validate-yaml/main.go:436.2,436.64 1 0
github.com/rhino11/trafficsim/cmd/validate-yaml/main.go:436.64,438.3 1 0
github.com/rhino11/trafficsim/internal/config/config.go:174.51,176.30 1 0
github.com/rhino11/trafficsim/internal/config/config.go:176.30,178.3 1 0
github.com/rhino11/trafficsim/internal/config/config.go:181.2,182.39 2 0
github.com/rhino11/trafficsim/internal/config/config.go:182.39,184.3 1 0
github.com/rhino11/trafficsim/internal/config/config.go:186.2,187.16 2 0
github.com/rhino11/trafficsim/internal/config/config.go:187.16,189.3 1 0
github.com/rhino11/trafficsim/internal/config/config.go:191.2,192.54 2 0
github.com/rhino11/trafficsim/internal/config/config.go:192.54,194.3 1 0
github.com/rhino11/trafficsim/internal/config/config.go:197.2,197.47 1 0
github.com/rhino11/trafficsim/internal/config/config.go:197.47,199.3 1 0
github.com/rhino11/trafficsim/internal/config/config.go:202.2,202.48 1 0
github.com/rhino11/trafficsim/internal/config/config.go:202.48,204.3 1 0
github.com/rhino11/trafficsim/internal/config/config.go:206.2,206.21 1 0
github.com/rhino11/trafficsim/internal/config/config.go:210.42,212.44 1 0
github.com/rhino11/trafficsim/internal/config/config.go:212.44,214.3 1 0
github.com/rhino11/trafficsim/internal/config/config.go:215.2,215.38 1 0
github.com/rhino11/trafficsim/internal/config/config.go:215.38,217.3 1 0
github.com/rhino11/trafficsim/internal/config/config.go:218.2,218.41 1 0
github.com/rhino11/trafficsim/internal/config/config.go:218.41,220.3 1 0
github.com/rhino11/trafficsim/internal/config/config.go:223.2,223.29 1 0
github.com/rhino11/trafficsim/internal/config/config.go:223.29,225.3 1 0
github.com/rhino11/trafficsim/internal/config/config.go:226.2,226.30 1 0
github.com/rhino11/trafficsim/internal/config/config.go:226.30,228.3 1 0
github.com/rhino11/trafficsim/internal/config/config.go:229.2,229.33 1 0
github.com/rhino11/trafficsim/internal/config/config.go:229.33,231.3 1 0
github.com/rhino11/trafficsim/internal/config/config.go:234.2,234.40 1 0
github.com/rhino11/trafficsim/internal/config/config.go:234.40,236.3 1 0
github.com/rhino11/trafficsim/internal/config/config.go:237.2,237.38 1 0
github.com/rhino11/trafficsim/internal/config/config.go:237.38,239.3 1 0
github.com/rhino11/trafficsim/internal/config/config.go:240.2,240.39 1 0
github.com/rhino11/trafficsim/internal/config/config.go:240.39,242.3 1 0
github.com/rhino11/trafficsim/internal/config/config.go:243.2,243.40 1 0
github.com/rhino11/trafficsim/internal/config/config.go:243.40,245.3 1 0
github.com/rhino11/trafficsim/internal/config/config.go:247.2,247.12 1 0
github.com/rhino11/trafficsim/internal/config/config.go:251.43,253.58 1 0
github.com/rhino11/trafficsim/internal/config/config.go:253.58,255.3 1 0
github.com/rhino11/trafficsim/internal/config/config.go:258.2,258.38 1 0
github.com/rhino11/trafficsim/internal/config/config.go:258.38,260.3 1 0
github.com/rhino11/trafficsim/internal/config/config.go:263.2,263.65 1 0
github.com/rhino11/trafficsim/internal/config/config.go:263.65,264.47 1 0
github.com/rhino11/trafficsim/internal/config/config.go:264.47,265.50 1 0
github.com/rhino11/trafficsim/internal/config/config.go:265.50,268.5 1 0
github.com/rhino11/trafficsim/internal/config/config.go:272.2,272.12 1 0
github.com/rhino11/trafficsim/internal/config/config.go:276.57,277.51 1 0
github.com/rhino11/trafficsim/internal/config/config.go:277.51,279.3 1 0
github.com/rhino11/trafficsim/internal/config/config.go:280.2,280.51 1 0
github.com/rhino11/trafficsim/internal/config/config.go:280.51,282.3 1 0
github.com/rhino11/trafficsim/internal/config/config.go:283.2,283.47 1 0
github.com/rhino11/trafficsim/internal/config/config.go:283.47,285.3 1 0
github.com/rhino11/trafficsim/internal/config/config.go:286.2,286.48 1 0
github.com/rhino11/trafficsim/internal/config/config.go:286.48,288.3 1 0
github.com/rhino11/trafficsim/internal/config/config.go:289.2,289.14 1 0
github.com/rhino11/trafficsim/internal/config/config.go:293.85,294.53 1 0
github.com/rhino11/trafficsim/internal/config/config.go:294.53,296.3 1 0
github.com/rhino11/trafficsim/internal/config/config.go:297.2,297.53 1 0
github.com/rhino11/trafficsim/internal/config/config.go:297.53,299.3 1 0
github.com/rhino11/trafficsim/internal/config/config.go:300.2,300.49 1 0
github.com/rhino11/trafficsim/internal/config/config.go:300.49,302.3 1 0
github.com/rhino11/trafficsim/internal/config/config.go:303.2,303.50 1 0
github.com/rhino11/trafficsim/internal/config/config.go:303.50,305.3 1 0
github.com/rhino11/trafficsim/internal/config/config.go:306.2,306.63 1 0
github.com/rhino11/trafficsim/internal/config/factory.go:27.70,31.2 1 0
github.com/rhino11/trafficsim/internal/config/factory.go:34.94,37.16 2 0
github.com/rhino11/trafficsim/internal/config/factory.go:37.16,39.3 1 0
github.com/rhino11/trafficsim/internal/config/factory.go:42.2,50.20 3 0
github.com/rhino11/trafficsim/internal/config/factory.go:50.20,52.3 1 0
github.com/rhino11/trafficsim/internal/config/factory.go:55.2,91.22 5 0
github.com/rhino11/trafficsim/internal/config/factory.go:95.90,97.13 2 0
github.com/rhino11/trafficsim/internal/config/factory.go:97.13,99.3 1 0
github.com/rhino11/trafficsim/internal/config/factory.go:101.2,104.46 2 0
github.com/rhino11/trafficsim/internal/config/factory.go:104.46,106.43 1 0
github.com/rhino11/trafficsim/internal/config/factory.go:106.43,109.4 1 0
github.com/rhino11/trafficsim/internal/config/factory.go:111.3,112.17 2 0
github.com/rhino11/trafficsim/internal/config/factory.go:112.17,114.4 1 0
github.com/rhino11/trafficsim/internal/config/factory.go:117.3,117.34 1 0
github.com/rhino11/trafficsim/internal/config/factory.go:117.34,123.56 2 0
github.com/rhino11/trafficsim/internal/config/factory.go:123.56,125.5 1 0
github.com/rhino11/trafficsim/internal/config/factory.go:128.3,128.42 1 0
github.com/rhino11/trafficsim/internal/config/factory.go:131.2,131.23 1 0
github.com/rhino11/trafficsim/internal/config/factory.go:135.75,139.39 2 0
github.com/rhino11/trafficsim/internal/config/factory.go:139.39,141.48 2 0
github.com/rhino11/trafficsim/internal/config/factory.go:141.48,143.4 1 0
github.com/rhino11/trafficsim/internal/config/factory.go:144.3,144.40 1 0
github.com/rhino11/trafficsim/internal/config/factory.go:147.2,147.39 1 0
github.com/rhino11/trafficsim/internal/config/factory.go:147.39,149.48 2 0
github.com/rhino11/trafficsim/internal/config/factory.go:149.48,151.4 1 0
github.com/rhino11/trafficsim/internal/config/factory.go:152.3,152.40 1 0
github.com/rhino11/trafficsim/internal/config/factory.go:155.2,155.35 1 0
github.com/rhino11/trafficsim/internal/config/factory.go:155.35,157.44 2 0
github.com/rhino11/trafficsim/internal/config/factory.go:157.44,159.4 1 0
github.com/rhino11/trafficsim/internal/config/factory.go:160.3,160.32 1 0
github.com/rhino11/trafficsim/internal/config/factory.go:163.2,163.36 1 0
github.com/rhino11/trafficsim/internal/config/factory.go:163.36,165.45 2 0
github.com/rhino11/trafficsim/internal/config/factory.go:165.45,167.4 1 0
github.com/rhino11/trafficsim/internal/config/factory.go:168.3,168.34 1 0
github.com/rhino11/trafficsim/internal/config/factory.go:171.2,171.18 1 0
github.com/rhino11/trafficsim/internal/config/factory.go:175.71,177.13 2 0
github.com/rhino11/trafficsim/internal/config/factory.go:177.13,179.3 1 0
github.com/rhino11/trafficsim/internal/config/factory.go:181.2,181.46 1 0
github.com/rhino11/trafficsim/internal/config/factory.go:181.46,182.43 1 0
github.com/rhino11/trafficsim/internal/config/factory.go:182.43,185.4 1 0
github.com/rhino11/trafficsim/internal/config/factory.go:188.2,188.12 1 0
github.com/rhino11/trafficsim/internal/config/factory.go:192.103,193.34 1 0
github.com/rhino11/trafficsim/internal/config/factory.go:193.34,194.35 1 0
github.com/rhino11/trafficsim/internal/config/factory.go:194.35,199.4 3 0
github.com/rhino11/trafficsim/internal/config/factory.go:201.3,202.26 2 0
github.com/rhino11/trafficsim/internal/config/factory.go:202.26,204.4 1 0
github.com/rhino11/trafficsim/internal/config/factory.go:205.3,205.41 1 0
github.com/rhino11/trafficsim/internal/config/factory.go:209.2,209.19 1 0
github.com/rhino11/trafficsim/internal/config/factory.go:213.85,214.17 1 0
github.com/rhino11/trafficsim/internal/config/factory.go:215.18,216.37 1 0
github.com/rhino11/trafficsim/internal/config/factory.go:217.18,218.37 1 0
github.com/rhino11/trafficsim/internal/config/factory.go:219.14,220.33 1 0
github.com/rhino11/trafficsim/internal/config/factory.go:221.15,222.34 1 0
github.com/rhino11/trafficsim/internal/config/factory.go:223.10,224.37 1 0
github.com/rhino11/trafficsim/internal/config/factory.go:229.122,266.2 1 0
github.com/rhino11/trafficsim/internal/config/factory.go:270.68,272.43 1 0
github.com/rhino11/trafficsim/internal/config/factory.go:272.43,277.3 2 0
github.com/rhino11/trafficsim/internal/config/factory.go:278.2,278.12 1 0
github.com/rhino11/trafficsim/internal/config/factory.go:281.66,283.18 1 0
github.com/rhino11/trafficsim/internal/config/factory.go:284.18,286.26 1 0
github.com/rhino11/trafficsim/internal/config/factory.go:286.26,290.4 2 0
github.com/rhino11/trafficsim/internal/config/factory.go:291.3,291.25 1 0
github.com/rhino11/trafficsim/internal/config/factory.go:292.18,294.24 1 0
github.com/rhino11/trafficsim/internal/config/factory.go:295.14,297.24 1 0
github.com/rhino11/trafficsim/internal/config/factory.go:298.15,300.25 1 0
github.com/rhino11/trafficsim/internal/config/factory.go:301.10,302.24 1 0
github.com/rhino11/trafficsim/internal/config/factory.go:306.65,308.18 1 0
github.com/rhino11/trafficsim/internal/config/factory.go:309.18,310.33 1 0
github.com/rhino11/trafficsim/internal/config/factory.go:310.33,312.4 1 0
github.com/rhino11/trafficsim/internal/config/factory.go:313.3,313.13 1 0
github.com/rhino11/trafficsim/internal/config/factory.go:314.18,315.13 1 0
github.com/rhino11/trafficsim/internal/config/factory.go:316.14,317.33 1 0
github.com/rhino11/trafficsim/internal/config/factory.go:317.33,319.4 1 0
github.com/rhino11/trafficsim/internal/config/factory.go:320.3,320.13 1 0
github.com/rhino11/trafficsim/internal/config/factory.go:321.15,322.14 1 0
github.com/rhino11/trafficsim/internal/config/factory.go:323.10,324.13 1 0
github.com/rhino11/trafficsim/internal/config/factory.go:328.62,330.28 1 0
github.com/rhino11/trafficsim/internal/config/factory.go:330.28,331.33 1 0
github.com/rhino11/trafficsim/internal/config/factory.go:331.33,333.4 1 0
github.com/rhino11/trafficsim/internal/config/factory.go:334.3,334.14 1 0
github.com/rhino11/trafficsim/internal/config/factory.go:336.2,336.12 1 0
github.com/rhino11/trafficsim/internal/sim/engine.go:14.74,16.2 1 0
github.com/rhino11/trafficsim/internal/sim/engine.go:18.39,20.2 1 0
github.com/rhino11/trafficsim/internal/sim/engine.go:22.85,24.2 1 0
github.com/rhino11/trafficsim/internal/sim/engine.go:26.96,28.2 1 0
github.com/rhino11/trafficsim/internal/sim/engine.go:30.71,32.2 1 0
github.com/rhino11/trafficsim/internal/sim/engine.go:55.44,57.55 2 0
github.com/rhino11/trafficsim/internal/sim/engine.go:57.55,58.83 1 0
github.com/rhino11/trafficsim/internal/sim/engine.go:58.83,60.4 1 0
github.com/rhino11/trafficsim/internal/sim/engine.go:63.2,69.3 1 0
github.com/rhino11/trafficsim/internal/sim/engine.go:73.32,77.17 3 0
github.com/rhino11/trafficsim/internal/sim/engine.go:77.17,79.3 1 0
github.com/rhino11/trafficsim/internal/sim/engine.go:81.2,89.12 6 0
github.com/rhino11/trafficsim/internal/sim/engine.go:93.25,97.18 3 0
github.com/rhino11/trafficsim/internal/sim/engine.go:97.18,99.3 1 0
github.com/rhino11/trafficsim/internal/sim/engine.go:101.2,102.27 2 0
github.com/rhino11/trafficsim/internal/sim/engine.go:102.27,104.3 1 0
github.com/rhino11/trafficsim/internal/sim/engine.go:105.2,107.42 2 0
github.com/rhino11/trafficsim/internal/sim/engine.go:111.32,113.16 2 0
github.com/rhino11/trafficsim/internal/sim/engine.go:113.16,115.3 1 0
github.com/rhino11/trafficsim/internal/sim/engine.go:117.2,123.39 5 0
github.com/rhino11/trafficsim/internal/sim/engine.go:123.39,124.72 1 0
github.com/rhino11/trafficsim/internal/sim/engine.go:124.72,131.4 6 0
github.com/rhino11/trafficsim/internal/sim/engine.go:133.2,135.16 2 0
github.com/rhino11/trafficsim/internal/sim/engine.go:135.16,137.3 1 0
github.com/rhino11/trafficsim/internal/sim/engine.go:139.2,140.12 2 0
github.com/rhino11/trafficsim/internal/sim/engine.go:144.35,148.2 3 0
github.com/rhino11/trafficsim/internal/sim/engine.go:151.46,155.2 3 0
github.com/rhino11/trafficsim/internal/sim/engine.go:158.62,163.42 4 0
github.com/rhino11/trafficsim/internal/sim/engine.go:163.42,165.3 1 0
github.com/rhino11/trafficsim/internal/sim/engine.go:167.2,169.12 3 0
github.com/rhino11/trafficsim/internal/sim/engine.go:173.50,177.43 3 0
github.com/rhino11/trafficsim/internal/sim/engine.go:177.43,179.3 1 0
github.com/rhino11/trafficsim/internal/sim/engine.go:181.2,183.12 3 0
github.com/rhino11/trafficsim/internal/sim/engine.go:187.66,192.13 4 0
github.com/rhino11/trafficsim/internal/sim/engine.go:192.13,194.3 1 0
github.com/rhino11/trafficsim/internal/sim/engine.go:196.2,196.22 1 0
github.com/rhino11/trafficsim/internal/sim/engine.go:200.54,205.39 4 0
github.com/rhino11/trafficsim/internal/sim/engine.go:205.39,207.3 1 0
github.com/rhino11/trafficsim/internal/sim/engine.go:209.2,209.18 1 0
github.com/rhino11/trafficsim/internal/sim/engine.go:213.50,214.21 1 0
github.com/rhino11/trafficsim/internal/sim/engine.go:214.21,216.3 1 0
github.com/rhino11/trafficsim/internal/sim/engine.go:220.2,220.51 1 0
github.com/rhino11/trafficsim/internal/sim/engine.go:220.51,222.3 1 0
github.com/rhino11/trafficsim/internal/sim/engine.go:224.2,224.12 1 0
github.com/rhino11/trafficsim/internal/sim/engine.go:228.49,235.124 2 0
github.com/rhino11/trafficsim/internal/sim/engine.go:235.124,237.3 1 0
github.com/rhino11/trafficsim/internal/sim/engine.go:239.2,239.49 1 0
github.com/rhino11/trafficsim/internal/sim/engine.go:239.49,241.3 1 0
github.com/rhino11/trafficsim/internal/sim/engine.go:244.2,249.119 2 0
github.com/rhino11/trafficsim/internal/sim/engine.go:249.119,251.3 1 0
github.com/rhino11/trafficsim/internal/sim/engine.go:253.2,253.49 1 0
github.com/rhino11/trafficsim/internal/sim/engine.go:253.49,255.3 1 0
github.com/rhino11/trafficsim/internal/sim/engine.go:258.2,263.118 2 0
github.com/rhino11/trafficsim/internal/sim/engine.go:263.118,265.3 1 0
github.com/rhino11/trafficsim/internal/sim/engine.go:267.2,267.44 1 0
github.com/rhino11/trafficsim/internal/sim/engine.go:267.44,269.3 1 0
github.com/rhino11/trafficsim/internal/sim/engine.go:272.2,278.49 2 0
github.com/rhino11/trafficsim/internal/sim/engine.go:278.49,280.3 1 0
github.com/rhino11/trafficsim/internal/sim/engine.go:282.2,283.12 2 0
github.com/rhino11/trafficsim/internal/sim/engine.go:287.56,288.20 1 0
github.com/rhino11/trafficsim/internal/sim/engine.go:288.20,290.3 1 0
github.com/rhino11/trafficsim/internal/sim/engine.go:292.2,294.39 3 0
github.com/rhino11/trafficsim/internal/sim/engine.go:294.39,296.3 1 0
github.com/rhino11/trafficsim/internal/sim/engine.go:297.2,300.37 2 0
github.com/rhino11/trafficsim/internal/sim/engine.go:300.37,301.74 1 0
github.com/rhino11/trafficsim/internal/sim/engine.go:301.74,303.4 1 0
github.com/rhino11/trafficsim/internal/sim/engine.go:307.2,314.45 6 0
github.com/rhino11/trafficsim/internal/sim/engine.go:314.45,318.3 3 0
github.com/rhino11/trafficsim/internal/sim/engine.go:320.2,320.12 1 0
github.com/rhino11/trafficsim/internal/sim/engine.go:324.35,325.15 1 0
github.com/rhino11/trafficsim/internal/sim/engine.go:325.15,326.31 1 0
github.com/rhino11/trafficsim/internal/sim/engine.go:326.31,328.4 1 0
github.com/rhino11/trafficsim/internal/sim/engine.go:331.2,333.6 2 0
github.com/rhino11/trafficsim/internal/sim/engine.go:333.6,334.10 1 0
github.com/rhino11/trafficsim/internal/sim/engine.go:335.19,336.10 1 0
github.com/rhino11/trafficsim/internal/sim/engine.go:337.42,341.46 3 0
github.com/rhino11/trafficsim/internal/sim/engine.go:341.46,343.5 1 0
github.com/rhino11/trafficsim/internal/sim/engine.go:349.60,353.19 2 0
github.com/rhino11/trafficsim/internal/sim/engine.go:353.19,356.35 3 0
github.com/rhino11/trafficsim/internal/sim/engine.go:356.35,358.4 1 0
github.com/rhino11/trafficsim/internal/sim/engine.go:363.41,367.2 3 0
github.com/rhino11/trafficsim/internal/sim/engine.go:370.89,375.39 4 0
github.com/rhino11/trafficsim/internal/sim/engine.go:375.39,376.72 1 0
github.com/rhino11/trafficsim/internal/sim/engine.go:376.72,377.54 1 0
github.com/rhino11/trafficsim/internal/sim/engine.go:377.54,379.5 1 0
github.com/rhino11/trafficsim/internal/sim/engine.go:383.2,383.17 1 0
github.com/rhino11/trafficsim/internal/sim/engine.go:387.55,399.39 4 0
github.com/rhino11/trafficsim/internal/sim/engine.go:399.39,400.72 1 0
github.com/rhino11/trafficsim/internal/sim/engine.go:400.72,401.42 1 0
github.com/rhino11/trafficsim/internal/sim/engine.go:402.37,403.30 1 0
github.com/rhino11/trafficsim/internal/sim/engine.go:404.37,405.30 1 0
github.com/rhino11/trafficsim/internal/sim/engine.go:406.33,407.26 1 0
github.com/rhino11/trafficsim/internal/sim/engine.go:408.34,409.27 1 0
github.com/rhino11/trafficsim/internal/sim/engine.go:414.2,414.14 1 0
github.com/rhino11/trafficsim/internal/sim/engine.go:430.90,432.16 2 0
github.com/rhino11/trafficsim/internal/sim/engine.go:432.16,434.3 1 0
github.com/rhino11/trafficsim/internal/sim/engine.go:436.2,436.71 1 0
github.com/rhino11/trafficsim/internal/sim/engine.go:436.71,437.71 1 0
github.com/rhino11/trafficsim/internal/sim/engine.go:437.71,439.4 1 0
github.com/rhino11/trafficsim/internal/sim/engine.go:440.3,441.13 2 0
github.com/rhino11/trafficsim/internal/sim/engine.go:444.2,444.75 1 0
github.com/rhino11/trafficsim/internal/sim/engine.go:448.72,450.16 2 0
github.com/rhino11/trafficsim/internal/sim/engine.go:450.16,452.3 1 0
github.com/rhino11/trafficsim/internal/sim/engine.go:454.2,455.9 2 0
github.com/rhino11/trafficsim/internal/sim/engine.go:455.9,457.3 1 0
github.com/rhino11/trafficsim/internal/sim/engine.go:459.2,472.42 2 0
github.com/rhino11/trafficsim/internal/sim/engine.go:472.42,478.3 2 0
github.com/rhino11/trafficsim/internal/sim/engine.go:480.2,480.20 1 0
github.com/rhino11/trafficsim/internal/sim/physics.go:33.40,43.2 1 0
github.com/rhino11/trafficsim/internal/sim/physics.go:46.101,48.71 1 0
github.com/rhino11/trafficsim/internal/sim/physics.go:48.71,50.3 1 0
github.com/rhino11/trafficsim/internal/sim/physics.go:53.2,53.35 1 0
github.com/rhino11/trafficsim/internal/sim/physics.go:57.117,61.33 2 0
github.com/rhino11/trafficsim/internal/sim/physics.go:61.33,63.3 1 0
github.com/rhino11/trafficsim/internal/sim/physics.go:66.2,73.33 3 0
github.com/rhino11/trafficsim/internal/sim/physics.go:73.33,78.3 4 0
github.com/rhino11/trafficsim/internal/sim/physics.go:81.2,84.31 2 0
github.com/rhino11/trafficsim/internal/sim/physics.go:85.35,86.77 1 0
github.com/rhino11/trafficsim/internal/sim/physics.go:87.35,88.77 1 0
github.com/rhino11/trafficsim/internal/sim/physics.go:89.31,90.73 1 0
github.com/rhino11/trafficsim/internal/sim/physics.go:91.32,92.55 1 0
github.com/rhino11/trafficsim/internal/sim/physics.go:93.10,94.76 1 0
github.com/rhino11/trafficsim/internal/sim/physics.go:99.139,104.20 4 0
github.com/rhino11/trafficsim/internal/sim/physics.go:104.20,106.3 1 0
github.com/rhino11/trafficsim/internal/sim/physics.go:109.2,110.24 2 0
github.com/rhino11/trafficsim/internal/sim/physics.go:110.24,114.3 2 0
github.com/rhino11/trafficsim/internal/sim/physics.go:117.2,128.33 4 0
github.com/rhino11/trafficsim/internal/sim/physics.go:128.33,130.45 2 0
github.com/rhino11/trafficsim/internal/sim/physics.go:130.45,132.4 1 0
github.com/rhino11/trafficsim/internal/sim/physics.go:132.9,132.30 1 0
github.com/rhino11/trafficsim/internal/sim/physics.go:132.30,134.4 1 0
github.com/rhino11/trafficsim/internal/sim/physics.go:134.9,136.4 1 0
github.com/rhino11/trafficsim/internal/sim/physics.go:140.2,152.12 5 0
github.com/rhino11/trafficsim/internal/sim/physics.go:156.139,162.24 3 0
github.com/rhino11/trafficsim/internal/sim/physics.go:162.24,164.3 1 0
github.com/rhino11/trafficsim/internal/sim/physics.go:167.2,181.23 5 0
github.com/rhino11/trafficsim/internal/sim/physics.go:181.23,183.3 1 0
github.com/rhino11/trafficsim/internal/sim/physics.go:185.2,196.12 4 0
github.com/rhino11/trafficsim/internal/sim/physics.go:200.127,215.22 4 0
github.com/rhino11/trafficsim/internal/sim/physics.go:215.22,217.3 1 0
github.com/rhino11/trafficsim/internal/sim/physics.go:220.2,231.12 4 0
github.com/rhino11/trafficsim/internal/sim/physics.go:235.109,238.26 2 0
github.com/rhino11/trafficsim/internal/sim/physics.go:238.26,242.3 2 0
github.com/rhino11/trafficsim/internal/sim/physics.go:245.2,251.12 4 0
github.com/rhino11/trafficsim/internal/sim/physics.go:255.138,265.2 5 0
github.com/rhino11/trafficsim/internal/sim/physics.go:269.88,270.22 1 0
github.com/rhino11/trafficsim/internal/sim/physics.go:271.35,272.15 1 0
github.com/rhino11/trafficsim/internal/sim/physics.go:273.35,274.14 1 0
github.com/rhino11/trafficsim/internal/sim/physics.go:275.31,276.14 1 0
github.com/rhino11/trafficsim/internal/sim/physics.go:277.32,278.16 1 0
github.com/rhino11/trafficsim/internal/sim/physics.go:279.10,280.14 1 0
github.com/rhino11/trafficsim/internal/sim/physics.go:284.130,285.38 1 0
github.com/rhino11/trafficsim/internal/sim/physics.go:285.38,287.3 1 0
github.com/rhino11/trafficsim/internal/sim/physics.go:290.2,291.24 2 0
github.com/rhino11/trafficsim/internal/sim/physics.go:291.24,293.3 1 0
github.com/rhino11/trafficsim/internal/sim/physics.go:294.2,294.25 1 0
github.com/rhino11/trafficsim/internal/sim/physics.go:294.25,296.3 1 0
github.com/rhino11/trafficsim/internal/sim/physics.go:299.2,303.44 3 0
github.com/rhino11/trafficsim/internal/sim/physics.go:303.44,305.3 1 0
github.com/rhino11/trafficsim/internal/sim/physics.go:305.8,305.28 1 0
github.com/rhino11/trafficsim/internal/sim/physics.go:305.28,307.3 1 0
github.com/rhino11/trafficsim/internal/sim/physics.go:307.8,309.3 1 0
github.com/rhino11/trafficsim/internal/sim/physics.go:312.112,313.23 1 0
github.com/rhino11/trafficsim/internal/sim/physics.go:313.23,315.3 1 0
github.com/rhino11/trafficsim/internal/sim/physics.go:317.2,320.43 3 0
github.com/rhino11/trafficsim/internal/sim/physics.go:320.43,322.3 1 0
github.com/rhino11/trafficsim/internal/sim/physics.go:322.8,322.26 1 0
github.com/rhino11/trafficsim/internal/sim/physics.go:322.26,324.3 1 0
github.com/rhino11/trafficsim/internal/sim/physics.go:324.8,326.3 1 0
github.com/rhino11/trafficsim/internal/sim/physics.go:329.113,332.21 2 0
github.com/rhino11/trafficsim/internal/sim/physics.go:332.22,335.3 0 0
github.com/rhino11/trafficsim/internal/sim/physics.go:338.89,355.2 8 0
github.com/rhino11/trafficsim/internal/sim/physics.go:357.96,370.37 6 0
github.com/rhino11/trafficsim/internal/sim/physics.go:370.37,372.3 1 0
github.com/rhino11/trafficsim/internal/sim/physics.go:373.2,373.38 1 0
github.com/rhino11/trafficsim/internal/sim/physics.go:373.38,375.3 1 0
github.com/rhino11/trafficsim/internal/sim/physics.go:379.91,395.2 9 0
github.com/rhino11/trafficsim/internal/sim/physics.go:398.77,408.2 7 0
github.com/rhino11/trafficsim/internal/server/server.go:26.52,29.2 1 0
github.com/rhino11/trafficsim/internal/server/server.go:31.45,33.2 1 0
github.com/rhino11/trafficsim/internal/server/server.go:35.51,37.2 1 0
github.com/rhino11/trafficsim/internal/server/server.go:39.48,41.2 1 0
github.com/rhino11/trafficsim/internal/server/server.go:43.81,45.2 1 0
github.com/rhino11/trafficsim/internal/server/server.go:47.60,49.2 1 0
github.com/rhino11/trafficsim/internal/server/server.go:51.55,53.2 1 0
github.com/rhino11/trafficsim/internal/server/server.go:55.67,57.2 1 0
github.com/rhino11/trafficsim/internal/server/server.go:59.76,61.2 1 0
github.com/rhino11/trafficsim/internal/server/server.go:63.74,65.2 1 0
github.com/rhino11/trafficsim/internal/server/server.go:67.58,69.2 1 0
github.com/rhino11/trafficsim/internal/server/server.go:114.68,122.44 2 0
github.com/rhino11/trafficsim/internal/server/server.go:122.44,124.5 1 0
github.com/rhino11/trafficsim/internal/server/server.go:132.2,133.15 2 0
github.com/rhino11/trafficsim/internal/server/server.go:137.32,139.110 1 0
github.com/rhino11/trafficsim/internal/server/server.go:139.110,154.43 7 0
github.com/rhino11/trafficsim/internal/server/server.go:154.43,156.4 1 0
github.com/rhino11/trafficsim/internal/server/server.go:158.2,185.46 17 0
github.com/rhino11/trafficsim/internal/server/server.go:189.43,208.2 5 0
github.com/rhino11/trafficsim/internal/server/server.go:211.25,216.32 3 0
github.com/rhino11/trafficsim/internal/server/server.go:216.32,217.40 1 0
github.com/rhino11/trafficsim/internal/server/server.go:217.40,219.4 1 0
github.com/rhino11/trafficsim/internal/server/server.go:221.2,221.23 1 0
github.com/rhino11/trafficsim/internal/server/server.go:225.70,227.16 2 0
github.com/rhino11/trafficsim/internal/server/server.go:227.16,230.3 2 0
github.com/rhino11/trafficsim/internal/server/server.go:232.2,238.46 2 0
github.com/rhino11/trafficsim/internal/server/server.go:238.46,241.3 2 0
github.com/rhino11/trafficsim/internal/server/server.go:245.80,247.16 2 0
github.com/rhino11/trafficsim/internal/server/server.go:247.16,250.3 2 0
github.com/rhino11/trafficsim/internal/server/server.go:252.2,258.46 2 0
github.com/rhino11/trafficsim/internal/server/server.go:258.46,261.3 2 0
github.com/rhino11/trafficsim/internal/server/server.go:265.74,267.16 2 0
github.com/rhino11/trafficsim/internal/server/server.go:267.16,270.3 2 0
github.com/rhino11/trafficsim/internal/server/server.go:272.2,289.22 8 0
github.com/rhino11/trafficsim/internal/server/server.go:293.50,303.16 4 0
github.com/rhino11/trafficsim/internal/server/server.go:303.16,306.3 2 0
github.com/rhino11/trafficsim/internal/server/server.go:308.2,308.9 1 0
github.com/rhino11/trafficsim/internal/server/server.go:309.27,309.27 0 0
github.com/rhino11/trafficsim/internal/server/server.go:310.33,311.55 1 0
github.com/rhino11/trafficsim/internal/server/server.go:316.77,320.61 3 0
github.com/rhino11/trafficsim/internal/server/server.go:320.61,323.3 2 0
github.com/rhino11/trafficsim/internal/server/server.go:327.81,330.16 2 0
github.com/rhino11/trafficsim/internal/server/server.go:330.16,335.66 4 0
github.com/rhino11/trafficsim/internal/server/server.go:335.66,337.4 1 0
github.com/rhino11/trafficsim/internal/server/server.go:338.3,338.9 1 0
github.com/rhino11/trafficsim/internal/server/server.go:341.2,342.65 2 0
github.com/rhino11/trafficsim/internal/server/server.go:342.65,345.3 2 0
github.com/rhino11/trafficsim/internal/server/server.go:360.76,363.16 2 0
github.com/rhino11/trafficsim/internal/server/server.go:363.16,366.3 2 0
github.com/rhino11/trafficsim/internal/server/server.go:368.2,371.59 2 0
github.com/rhino11/trafficsim/internal/server/server.go:371.59,386.3 2 0
github.com/rhino11/trafficsim/internal/server/server.go:389.2,389.59 1 0
github.com/rhino11/trafficsim/internal/server/server.go:389.59,403.3 2 0
github.com/rhino11/trafficsim/internal/server/server.go:406.2,406.55 1 0
github.com/rhino11/trafficsim/internal/server/server.go:406.55,420.3 2 0
github.com/rhino11/trafficsim/internal/server/server.go:423.2,423.56 1 0
github.com/rhino11/trafficsim/internal/server/server.go:423.56,437.3 2 0
github.com/rhino11/trafficsim/internal/server/server.go:439.2,439.29 1 0
github.com/rhino11/trafficsim/internal/server/server.go:439.29,441.3 1 0
github.com/rhino11/trafficsim/internal/server/server.go:443.2,443.27 1 0
github.com/rhino11/trafficsim/internal/server/server.go:447.62,453.34 5 0
github.com/rhino11/trafficsim/internal/server/server.go:453.34,454.40 1 0
github.com/rhino11/trafficsim/internal/server/server.go:454.40,456.4 1 0
github.com/rhino11/trafficsim/internal/server/server.go:458.2,458.34 1 0
github.com/rhino11/trafficsim/internal/server/server.go:458.34,459.40 1 0
github.com/rhino11/trafficsim/internal/server/server.go:459.40,461.4 1 0
github.com/rhino11/trafficsim/internal/server/server.go:463.2,463.30 1 0
github.com/rhino11/trafficsim/internal/server/server.go:463.30,464.40 1 0
github.com/rhino11/trafficsim/internal/server/server.go:464.40,466.4 1 0
github.com/rhino11/trafficsim/internal/server/server.go:468.2,468.31 1 0
github.com/rhino11/trafficsim/internal/server/server.go:468.31,469.40 1 0
github.com/rhino11/trafficsim/internal/server/server.go:469.40,471.4 1 0
github.com/rhino11/trafficsim/internal/server/server.go:474.2,474.18 1 0
github.com/rhino11/trafficsim/internal/server/server.go:478.66,487.56 2 0
github.com/rhino11/trafficsim/internal/server/server.go:487.56,489.3 1 0
github.com/rhino11/trafficsim/internal/server/server.go:492.2,493.93 2 0
github.com/rhino11/trafficsim/internal/server/server.go:497.64,563.2 1 0
github.com/rhino11/trafficsim/internal/server/server.go:566.63,655.2 1 0
github.com/rhino11/trafficsim/internal/server/server.go:658.80,659.45 1 0
github.com/rhino11/trafficsim/internal/server/server.go:659.45,662.3 2 0
github.com/rhino11/trafficsim/internal/server/server.go:664.2,667.90 3 0
github.com/rhino11/trafficsim/internal/server/server.go:667.90,669.3 1 0
github.com/rhino11/trafficsim/internal/server/server.go:673.79,678.90 4 0
github.com/rhino11/trafficsim/internal/server/server.go:678.90,680.3 1 0
github.com/rhino11/trafficsim/internal/server/server.go:684.80,685.45 1 0
github.com/rhino11/trafficsim/internal/server/server.go:685.45,688.3 2 0
github.com/rhino11/trafficsim/internal/server/server.go:690.2,693.88 3 0
github.com/rhino11/trafficsim/internal/server/server.go:693.88,695.3 1 0
github.com/rhino11/trafficsim/internal/server/server.go:699.81,708.58 3 0
github.com/rhino11/trafficsim/internal/server/server.go:708.58,712.3 3 0
github.com/rhino11/trafficsim/internal/server/server.go:716.77,723.9 6 0
github.com/rhino11/trafficsim/internal/server/server.go:723.9,726.3 2 0
github.com/rhino11/trafficsim/internal/server/server.go:729.2,730.24 2 0
github.com/rhino11/trafficsim/internal/server/server.go:730.24,735.3 4 0
github.com/rhino11/trafficsim/internal/server/server.go:738.2,745.6 5 0
github.com/rhino11/trafficsim/internal/server/server.go:745.6,746.10 1 0
github.com/rhino11/trafficsim/internal/server/server.go:747.29,749.10 2 0
github.com/rhino11/trafficsim/internal/server/server.go:750.28,752.19 2 0
github.com/rhino11/trafficsim/internal/server/server.go:753.19,754.32 1 0
github.com/rhino11/trafficsim/internal/server/server.go:754.32,756.27 2 0
github.com/rhino11/trafficsim/internal/server/server.go:756.27,764.20 3 0
github.com/rhino11/trafficsim/internal/server/server.go:764.20,766.15 2 0
github.com/rhino11/trafficsim/internal/server/server.go:769.6,770.21 2 0
github.com/rhino11/trafficsim/internal/server/server.go:778.44,782.6 3 0
github.com/rhino11/trafficsim/internal/server/server.go:782.6,783.10 1 0
github.com/rhino11/trafficsim/internal/server/server.go:784.23,785.10 1 0
github.com/rhino11/trafficsim/internal/server/server.go:786.19,787.32 1 0
github.com/rhino11/trafficsim/internal/server/server.go:787.32,797.19 4 0
github.com/rhino11/trafficsim/internal/server/server.go:797.19,799.14 2 0
github.com/rhino11/trafficsim/internal/server/server.go:802.5,802.12 1 0
github.com/rhino11/trafficsim/internal/server/server.go:803.30,803.30 0 0
github.com/rhino11/trafficsim/internal/server/server.go:804.13,804.13 0 0
github.com/rhino11/trafficsim/internal/server/server.go:813.46,828.16 4 0
github.com/rhino11/trafficsim/internal/server/server.go:828.16,831.3 2 0
github.com/rhino11/trafficsim/internal/server/server.go:833.2,833.9 1 0
github.com/rhino11/trafficsim/internal/server/server.go:834.27,834.27 0 0
github.com/rhino11/trafficsim/internal/server/server.go:835.10,835.10 0 0
github.com/rhino11/trafficsim/internal/server/server.go:841.36,842.6 1 0
github.com/rhino11/trafficsim/internal/server/server.go:842.6,843.10 1 0
github.com/rhino11/trafficsim/internal/server/server.go:844.23,845.10 1 0
github.com/rhino11/trafficsim/internal/server/server.go:846.33,850.34 3 0
github.com/rhino11/trafficsim/internal/server/server.go:850.34,852.19 2 0
github.com/rhino11/trafficsim/internal/server/server.go:852.19,855.6 2 0
github.com/rhino11/trafficsim/internal/server/server.go:857.4,860.32 2 0
github.com/rhino11/trafficsim/internal/server/server.go:860.32,862.44 2 0
github.com/rhino11/trafficsim/internal/server/server.go:862.44,864.43 2 0
github.com/rhino11/trafficsim/internal/server/server.go:864.43,866.7 1 0
github.com/rhino11/trafficsim/internal/server/server.go:868.5,869.59 2 0
github.com/rhino11/trafficsim/internal/server/server.go:878.29,879.15 1 0
github.com/rhino11/trafficsim/internal/server/server.go:879.15,883.40 4 0
github.com/rhino11/trafficsim/internal/server/server.go:883.40,885.4 1 0
github.com/rhino11/trafficsim/internal/server/server.go:888.2,889.81 2 0
github.com/rhino11/trafficsim/internal/server/server.go:889.81,891.3 1 0
github.com/rhino11/trafficsim/internal/server/server.go:892.2,892.43 1 0
github.com/rhino11/trafficsim/internal/server/server.go:892.43,893.82 1 0
github.com/rhino11/trafficsim/internal/server/server.go:893.82,895.4 1 0
github.com/rhino11/trafficsim/internal/server/server.go:896.3,896.13 1 0
github.com/rhino11/trafficsim/internal/server/server.go:899.2,899.6 1 0
github.com/rhino11/trafficsim/internal/server/server.go:899.6,901.17 2 0
github.com/rhino11/trafficsim/internal/server/server.go:901.17,902.103 1 0
github.com/rhino11/trafficsim/internal/server/server.go:902.103,904.5 1 0
github.com/rhino11/trafficsim/internal/server/server.go:905.4,905.9 1 0
github.com/rhino11/trafficsim/internal/server/server.go:909.3,909.27 1 0
github.com/rhino11/trafficsim/internal/server/server.go:914.30,916.15 2 0
github.com/rhino11/trafficsim/internal/server/server.go:916.15,918.40 2 0
github.com/rhino11/trafficsim/internal/server/server.go:918.40,920.4 1 0
github.com/rhino11/trafficsim/internal/server/server.go:923.2,923.6 1 0
github.com/rhino11/trafficsim/internal/server/server.go:923.6,924.10 1 0
github.com/rhino11/trafficsim/internal/server/server.go:925.32,926.84 1 0
github.com/rhino11/trafficsim/internal/server/server.go:926.84,928.5 1 0
github.com/rhino11/trafficsim/internal/server/server.go:929.4,929.11 1 0
github.com/rhino11/trafficsim/internal/server/server.go:929.11,930.81 1 0
github.com/rhino11/trafficsim/internal/server/server.go:930.81,932.6 1 0
github.com/rhino11/trafficsim/internal/server/server.go:933.5,933.11 1 0
github.com/rhino11/trafficsim/internal/server/server.go:936.4,936.78 1 0
github.com/rhino11/trafficsim/internal/server/server.go:936.78,938.5 1 0
github.com/rhino11/trafficsim/internal/server/server.go:940.19,941.84 1 0
github.com/rhino11/trafficsim/internal/server/server.go:941.84,943.5 1 0
github.com/rhino11/trafficsim/internal/server/server.go:944.4,944.74 1 0
github.com/rhino11/trafficsim/internal/server/server.go:944.74,946.5 1 0
github.com/rhino11/trafficsim/internal/server/server.go:952.45,956.51 3 0
github.com/rhino11/trafficsim/internal/server/server.go:956.51,959.3 2 0
github.com/rhino11/trafficsim/internal/server/server.go:961.2,963.18 2 0
github.com/rhino11/trafficsim/internal/server/server.go:964.14,971.10 3 0
github.com/rhino11/trafficsim/internal/server/server.go:972.31,972.31 0 0
github.com/rhino11/trafficsim/internal/server/server.go:973.11,973.11 0 0
github.com/rhino11/trafficsim/internal/server/server.go:975.3,978.5 1 0
github.com/rhino11/trafficsim/internal/server/server.go:980.25,982.57 1 0
github.com/rhino11/trafficsim/internal/server/server.go:985.23,987.55 1 0
github.com/rhino11/trafficsim/internal/server/server.go:990.30,993.33 2 0
github.com/rhino11/trafficsim/internal/server/server.go:995.26,1001.53 2 0
github.com/rhino11/trafficsim/internal/server/server.go:1001.53,1003.4 1 0
github.com/rhino11/trafficsim/internal/server/server.go:1003.9,1005.4 1 0
github.com/rhino11/trafficsim/internal/server/server.go:1007.25,1014.39 3 0
github.com/rhino11/trafficsim/internal/server/server.go:1016.17,1018.50 1 0
github.com/rhino11/trafficsim/internal/server/server.go:1020.10,1027.5 1 0
github.com/rhino11/trafficsim/internal/server/server.go:1032.74,1034.65 2 0
github.com/rhino11/trafficsim/internal/server/server.go:1034.65,1038.3 3 0
github.com/rhino11/trafficsim/internal/server/server.go:1041.2,1047.17 6 0
github.com/rhino11/trafficsim/internal/server/server.go:1048.20,1049.87 1 0
github.com/rhino11/trafficsim/internal/server/server.go:1050.22,1055.57 4 0
github.com/rhino11/trafficsim/internal/server/server.go:1056.10,1057.46 1 0
github.com/rhino11/trafficsim/internal/server/server.go:1060.2,1060.37 1 0
github.com/rhino11/trafficsim/internal/server/server.go:1064.68,1065.71 1 0
github.com/rhino11/trafficsim/internal/server/server.go:1065.71,1081.3 6 0
github.com/rhino11/trafficsim/internal/server/server.go:1090.49,1093.2 2 0
github.com/rhino11/trafficsim/internal/server/server.go:1096.72,1118.59 4 0
github.com/rhino11/trafficsim/internal/server/server.go:1118.59,1122.3 3 0
github.com/rhino11/trafficsim/internal/server/server.go:1126.79,1134.61 2 0
github.com/rhino11/trafficsim/internal/server/server.go:1134.61,1137.3 2 0
github.com/rhino11/trafficsim/internal/server/server.go:1140.2,1141.47 2 0
github.com/rhino11/trafficsim/internal/server/server.go:1141.47,1143.17 2 0
github.com/rhino11/trafficsim/internal/server/server.go:1143.17,1146.4 2 0
github.com/rhino11/trafficsim/internal/server/server.go:1147.3,1147.42 1 0
github.com/rhino11/trafficsim/internal/server/server.go:1151.2,1163.17 3 0
github.com/rhino11/trafficsim/internal/server/server.go:1163.17,1165.3 1 0
github.com/rhino11/trafficsim/internal/models/airborne.go:48.53,48.91 1 1
github.com/rhino11/trafficsim/internal/models/airborne.go:49.53,49.93 1 1
github.com/rhino11/trafficsim/internal/models/airborne.go:50.53,50.94 1 1
github.com/rhino11/trafficsim/internal/models/airborne.go:51.53,51.93 1 1
github.com/rhino11/trafficsim/internal/models/airborne.go:52.53,52.97 1 0
github.com/rhino11/trafficsim/internal/models/airborne.go:53.53,53.94 1 1
github.com/rhino11/trafficsim/internal/models/airborne.go:54.53,54.97 1 1
github.com/rhino11/trafficsim/internal/models/airborne.go:55.53,55.100 1 0
github.com/rhino11/trafficsim/internal/models/airborne.go:56.53,56.95 1 1
github.com/rhino11/trafficsim/internal/models/airborne.go:57.53,57.94 1 0
github.com/rhino11/trafficsim/internal/models/airborne.go:58.53,58.95 1 0
github.com/rhino11/trafficsim/internal/models/airborne.go:59.53,59.93 1 0
github.com/rhino11/trafficsim/internal/models/airborne.go:61.61,63.2 1 1
github.com/rhino11/trafficsim/internal/models/airborne.go:65.63,67.2 1 1
github.com/rhino11/trafficsim/internal/models/airborne.go:70.50,84.2 1 0
github.com/rhino11/trafficsim/internal/models/airborne.go:86.71,98.2 5 0
github.com/rhino11/trafficsim/internal/models/airborne.go:100.75,103.2 1 0
github.com/rhino11/trafficsim/internal/models/airborne.go:105.59,107.2 1 0
github.com/rhino11/trafficsim/internal/models/airborne.go:109.66,115.2 4 0
github.com/rhino11/trafficsim/internal/models/airborne.go:118.66,119.44 1 1
github.com/rhino11/trafficsim/internal/models/airborne.go:119.44,121.3 1 0
github.com/rhino11/trafficsim/internal/models/airborne.go:123.2,133.24 7 1
github.com/rhino11/trafficsim/internal/models/airborne.go:133.24,136.3 2 0
github.com/rhino11/trafficsim/internal/models/airborne.go:139.2,139.49 1 1
github.com/rhino11/trafficsim/internal/models/airborne.go:139.49,141.3 1 0
github.com/rhino11/trafficsim/internal/models/airborne.go:144.2,155.12 7 1
github.com/rhino11/trafficsim/internal/models/airborne.go:159.48,161.137 1 1
github.com/rhino11/trafficsim/internal/models/airborne.go:161.137,163.3 1 1
github.com/rhino11/trafficsim/internal/models/airborne.go:163.8,163.102 1 1
github.com/rhino11/trafficsim/internal/models/airborne.go:163.102,165.3 1 1
github.com/rhino11/trafficsim/internal/models/airborne.go:165.8,165.107 1 1
github.com/rhino11/trafficsim/internal/models/airborne.go:165.107,167.3 1 1
github.com/rhino11/trafficsim/internal/models/airborne.go:167.8,167.54 1 1
github.com/rhino11/trafficsim/internal/models/airborne.go:167.54,169.3 1 1
github.com/rhino11/trafficsim/internal/models/airborne.go:169.8,169.55 1 1
github.com/rhino11/trafficsim/internal/models/airborne.go:169.55,171.3 1 1
github.com/rhino11/trafficsim/internal/models/airborne.go:171.8,171.63 1 1
github.com/rhino11/trafficsim/internal/models/airborne.go:171.63,173.3 1 1
github.com/rhino11/trafficsim/internal/models/airborne.go:173.8,175.3 1 0
github.com/rhino11/trafficsim/internal/models/airborne.go:179.61,187.23 5 1
github.com/rhino11/trafficsim/internal/models/airborne.go:188.26,190.71 2 1
github.com/rhino11/trafficsim/internal/models/airborne.go:191.24,193.121 2 0
github.com/rhino11/trafficsim/internal/models/airborne.go:194.25,196.29 2 1
github.com/rhino11/trafficsim/internal/models/airborne.go:197.26,199.121 2 0
github.com/rhino11/trafficsim/internal/models/airborne.go:200.27,202.60 2 0
github.com/rhino11/trafficsim/internal/models/airborne.go:203.10,205.63 2 0
github.com/rhino11/trafficsim/internal/models/airborne.go:209.2,212.43 3 1
github.com/rhino11/trafficsim/internal/models/airborne.go:212.43,214.3 1 1
github.com/rhino11/trafficsim/internal/models/airborne.go:214.8,214.26 1 1
github.com/rhino11/trafficsim/internal/models/airborne.go:214.26,216.3 1 1
github.com/rhino11/trafficsim/internal/models/airborne.go:216.8,218.3 1 0
github.com/rhino11/trafficsim/internal/models/airborne.go:221.2,221.104 1 1
github.com/rhino11/trafficsim/internal/models/airborne.go:221.104,223.3 1 1
github.com/rhino11/trafficsim/internal/models/airborne.go:226.2,227.81 2 1
github.com/rhino11/trafficsim/internal/models/airborne.go:231.57,257.2 12 1
github.com/rhino11/trafficsim/internal/models/airborne.go:260.55,262.44 1 1
github.com/rhino11/trafficsim/internal/models/airborne.go:262.44,267.26 3 1
github.com/rhino11/trafficsim/internal/models/airborne.go:267.26,269.4 1 1
github.com/rhino11/trafficsim/internal/models/airborne.go:270.3,270.27 1 1
github.com/rhino11/trafficsim/internal/models/airborne.go:270.27,272.4 1 0
github.com/rhino11/trafficsim/internal/models/airborne.go:276.3,283.35 4 1
github.com/rhino11/trafficsim/internal/models/airborne.go:283.35,288.44 3 1
github.com/rhino11/trafficsim/internal/models/airborne.go:288.44,290.5 1 1
github.com/rhino11/trafficsim/internal/models/airborne.go:290.10,290.28 1 1
github.com/rhino11/trafficsim/internal/models/airborne.go:290.28,292.5 1 0
github.com/rhino11/trafficsim/internal/models/airborne.go:292.10,294.5 1 1
github.com/rhino11/trafficsim/internal/models/airborne.go:295.9,300.44 3 1
github.com/rhino11/trafficsim/internal/models/airborne.go:300.44,302.5 1 1
github.com/rhino11/trafficsim/internal/models/airborne.go:302.10,302.28 1 0
github.com/rhino11/trafficsim/internal/models/airborne.go:302.28,304.5 1 0
github.com/rhino11/trafficsim/internal/models/airborne.go:304.10,306.5 1 0
github.com/rhino11/trafficsim/internal/models/airborne.go:310.3,310.109 1 1
github.com/rhino11/trafficsim/internal/models/airborne.go:310.109,318.48 5 1
github.com/rhino11/trafficsim/internal/models/airborne.go:318.48,320.5 1 0
github.com/rhino11/trafficsim/internal/models/airborne.go:320.10,320.52 1 1
github.com/rhino11/trafficsim/internal/models/airborne.go:320.52,322.5 1 1
github.com/rhino11/trafficsim/internal/models/airborne.go:324.8,329.43 3 0
github.com/rhino11/trafficsim/internal/models/airborne.go:329.43,331.4 1 0
github.com/rhino11/trafficsim/internal/models/airborne.go:331.9,331.27 1 0
github.com/rhino11/trafficsim/internal/models/airborne.go:331.27,333.4 1 0
github.com/rhino11/trafficsim/internal/models/airborne.go:333.9,335.4 1 0
github.com/rhino11/trafficsim/internal/models/airborne.go:339.2,339.41 1 1
github.com/rhino11/trafficsim/internal/models/airborne.go:339.41,346.45 5 1
github.com/rhino11/trafficsim/internal/models/airborne.go:346.45,348.4 1 1
github.com/rhino11/trafficsim/internal/models/airborne.go:348.9,348.28 1 0
github.com/rhino11/trafficsim/internal/models/airborne.go:348.28,350.4 1 0
github.com/rhino11/trafficsim/internal/models/airborne.go:350.9,352.4 1 0
github.com/rhino11/trafficsim/internal/models/airborne.go:356.2,358.82 2 1
github.com/rhino11/trafficsim/internal/models/airborne.go:362.65,363.42 1 1
github.com/rhino11/trafficsim/internal/models/airborne.go:363.42,365.3 1 0
github.com/rhino11/trafficsim/internal/models/airborne.go:368.2,394.59 14 1
github.com/rhino11/trafficsim/internal/models/airborne.go:398.72,409.18 7 1
github.com/rhino11/trafficsim/internal/models/airborne.go:409.18,411.3 1 1
github.com/rhino11/trafficsim/internal/models/airborne.go:412.2,412.21 1 1
github.com/rhino11/trafficsim/internal/models/airborne.go:412.21,414.3 1 0
github.com/rhino11/trafficsim/internal/models/airborne.go:416.2,416.16 1 1
github.com/rhino11/trafficsim/internal/models/airborne.go:422.85,492.2 6 1
github.com/rhino11/trafficsim/internal/models/airborne.go:495.82,565.2 6 1
github.com/rhino11/trafficsim/internal/models/airborne.go:568.87,640.2 7 1
github.com/rhino11/trafficsim/internal/models/airborne.go:643.82,715.2 7 1
github.com/rhino11/trafficsim/internal/models/factory.go:13.111,39.2 1 1
github.com/rhino11/trafficsim/internal/models/factory.go:42.88,43.22 1 1
github.com/rhino11/trafficsim/internal/models/factory.go:44.28,49.4 1 1
github.com/rhino11/trafficsim/internal/models/factory.go:50.24,55.4 1 1
github.com/rhino11/trafficsim/internal/models/factory.go:56.28,61.4 1 1
github.com/rhino11/trafficsim/internal/models/factory.go:62.25,67.4 1 1
github.com/rhino11/trafficsim/internal/models/factory.go:68.10,73.4 1 0
github.com/rhino11/trafficsim/internal/models/factory.go:78.79,82.22 2 1
github.com/rhino11/trafficsim/internal/models/factory.go:83.68,89.17 4 1
github.com/rhino11/trafficsim/internal/models/factory.go:89.17,93.4 3 1
github.com/rhino11/trafficsim/internal/models/factory.go:95.3,104.4 1 1
github.com/rhino11/trafficsim/internal/models/factory.go:105.25,115.4 1 1
github.com/rhino11/trafficsim/internal/models/factory.go:116.10,126.4 1 0
github.com/rhino11/trafficsim/internal/models/factory.go:131.44,142.48 2 1
github.com/rhino11/trafficsim/internal/models/factory.go:142.48,143.29 1 1
github.com/rhino11/trafficsim/internal/models/factory.go:143.29,145.4 1 1
github.com/rhino11/trafficsim/internal/models/factory.go:147.2,147.14 1 1
github.com/rhino11/trafficsim/internal/models/factory.go:153.95,213.2 6 1
github.com/rhino11/trafficsim/internal/models/factory.go:216.97,272.2 6 1
github.com/rhino11/trafficsim/internal/models/factory.go:277.95,324.2 5 1
github.com/rhino11/trafficsim/internal/models/factory.go:329.99,376.2 6 1
github.com/rhino11/trafficsim/internal/models/factory.go:381.102,431.2 6 1
github.com/rhino11/trafficsim/internal/models/factory.go:436.86,480.2 5 1
github.com/rhino11/trafficsim/internal/models/factory.go:483.91,531.2 6 1
github.com/rhino11/trafficsim/internal/models/factory.go:536.90,542.9 2 1
github.com/rhino11/trafficsim/internal/models/factory.go:542.9,544.3 1 1
github.com/rhino11/trafficsim/internal/models/factory.go:546.2,547.9 2 1
github.com/rhino11/trafficsim/internal/models/factory.go:547.9,549.3 1 0
github.com/rhino11/trafficsim/internal/models/factory.go:551.2,552.68 2 1
github.com/rhino11/trafficsim/internal/models/factory.go:552.68,553.51 1 1
github.com/rhino11/trafficsim/internal/models/factory.go:553.51,555.4 1 1
github.com/rhino11/trafficsim/internal/models/factory.go:556.3,556.52 1 1
github.com/rhino11/trafficsim/internal/models/factory.go:556.52,558.4 1 1
github.com/rhino11/trafficsim/internal/models/factory.go:559.3,559.51 1 1
github.com/rhino11/trafficsim/internal/models/factory.go:559.51,561.4 1 1
github.com/rhino11/trafficsim/internal/models/factory.go:565.2,565.22 1 1
github.com/rhino11/trafficsim/internal/models/factory.go:566.18,567.53 1 1
github.com/rhino11/trafficsim/internal/models/factory.go:568.14,569.62 1 0
github.com/rhino11/trafficsim/internal/models/factory.go:570.18,571.65 1 0
github.com/rhino11/trafficsim/internal/models/factory.go:572.15,573.57 1 0
github.com/rhino11/trafficsim/internal/models/factory.go:574.10,575.68 1 0
github.com/rhino11/trafficsim/internal/models/land.go:38.49,38.87 1 0
github.com/rhino11/trafficsim/internal/models/land.go:39.49,39.89 1 0
github.com/rhino11/trafficsim/internal/models/land.go:40.49,40.90 1 0
github.com/rhino11/trafficsim/internal/models/land.go:41.49,41.89 1 0
github.com/rhino11/trafficsim/internal/models/land.go:42.49,42.93 1 0
github.com/rhino11/trafficsim/internal/models/land.go:43.49,43.90 1 0
github.com/rhino11/trafficsim/internal/models/land.go:44.49,44.93 1 0
github.com/rhino11/trafficsim/internal/models/land.go:45.49,45.96 1 0
github.com/rhino11/trafficsim/internal/models/land.go:46.49,46.91 1 0
github.com/rhino11/trafficsim/internal/models/land.go:47.49,47.90 1 0
github.com/rhino11/trafficsim/internal/models/land.go:48.49,48.91 1 0
github.com/rhino11/trafficsim/internal/models/land.go:49.49,49.89 1 0
github.com/rhino11/trafficsim/internal/models/land.go:51.57,53.2 1 0
github.com/rhino11/trafficsim/internal/models/land.go:55.59,57.2 1 0
github.com/rhino11/trafficsim/internal/models/land.go:60.46,62.2 1 0
github.com/rhino11/trafficsim/internal/models/land.go:64.71,66.2 1 0
github.com/rhino11/trafficsim/internal/models/land.go:68.55,70.2 1 0
github.com/rhino11/trafficsim/internal/models/land.go:72.62,74.2 1 0
github.com/rhino11/trafficsim/internal/models/land.go:77.62,80.2 1 0
github.com/rhino11/trafficsim/internal/models/land.go:83.140,121.2 1 0
github.com/rhino11/trafficsim/internal/models/land.go:124.82,125.20 1 0
github.com/rhino11/trafficsim/internal/models/land.go:125.20,127.3 1 0
github.com/rhino11/trafficsim/internal/models/land.go:129.2,159.3 3 0
github.com/rhino11/trafficsim/internal/models/land.go:163.83,164.20 1 0
github.com/rhino11/trafficsim/internal/models/land.go:164.20,166.3 1 0
github.com/rhino11/trafficsim/internal/models/land.go:168.2,198.3 3 0
github.com/rhino11/trafficsim/internal/models/land.go:202.80,203.20 1 0
github.com/rhino11/trafficsim/internal/models/land.go:203.20,205.3 1 0
github.com/rhino11/trafficsim/internal/models/land.go:207.2,237.3 3 0
github.com/rhino11/trafficsim/internal/models/land.go:241.79,242.20 1 0
github.com/rhino11/trafficsim/internal/models/land.go:242.20,244.3 1 0
github.com/rhino11/trafficsim/internal/models/land.go:246.2,276.3 3 0
github.com/rhino11/trafficsim/internal/models/land.go:280.82,281.20 1 0
github.com/rhino11/trafficsim/internal/models/land.go:281.20,283.3 1 0
github.com/rhino11/trafficsim/internal/models/land.go:285.2,315.3 3 0
github.com/rhino11/trafficsim/internal/models/land.go:319.86,320.20 1 0
github.com/rhino11/trafficsim/internal/models/land.go:320.20,322.3 1 0
github.com/rhino11/trafficsim/internal/models/land.go:324.2,354.3 3 0
github.com/rhino11/trafficsim/internal/models/land.go:358.78,359.20 1 0
github.com/rhino11/trafficsim/internal/models/land.go:359.20,361.3 1 0
github.com/rhino11/trafficsim/internal/models/land.go:363.2,393.3 3 0
github.com/rhino11/trafficsim/internal/models/maritime.go:33.53,33.91 1 0
github.com/rhino11/trafficsim/internal/models/maritime.go:34.53,34.93 1 0
github.com/rhino11/trafficsim/internal/models/maritime.go:35.53,35.94 1 0
github.com/rhino11/trafficsim/internal/models/maritime.go:36.53,36.93 1 0
github.com/rhino11/trafficsim/internal/models/maritime.go:37.53,37.97 1 0
github.com/rhino11/trafficsim/internal/models/maritime.go:38.53,38.94 1 0
github.com/rhino11/trafficsim/internal/models/maritime.go:39.53,39.97 1 0
github.com/rhino11/trafficsim/internal/models/maritime.go:40.53,40.65 1 0
github.com/rhino11/trafficsim/internal/models/maritime.go:41.53,41.95 1 0
github.com/rhino11/trafficsim/internal/models/maritime.go:42.53,42.94 1 0
github.com/rhino11/trafficsim/internal/models/maritime.go:43.53,43.95 1 0
github.com/rhino11/trafficsim/internal/models/maritime.go:44.53,44.93 1 0
github.com/rhino11/trafficsim/internal/models/maritime.go:46.61,50.2 2 0
github.com/rhino11/trafficsim/internal/models/maritime.go:52.63,56.2 2 0
github.com/rhino11/trafficsim/internal/models/maritime.go:59.50,64.2 3 0
github.com/rhino11/trafficsim/internal/models/maritime.go:66.75,72.2 4 0
github.com/rhino11/trafficsim/internal/models/maritime.go:74.59,76.2 1 0
github.com/rhino11/trafficsim/internal/models/maritime.go:78.66,82.2 2 0
github.com/rhino11/trafficsim/internal/models/maritime.go:85.66,90.2 3 0
github.com/rhino11/trafficsim/internal/models/maritime.go:95.89,153.2 5 0
github.com/rhino11/trafficsim/internal/models/maritime.go:156.86,214.2 5 0
github.com/rhino11/trafficsim/internal/models/maritime.go:217.81,275.2 5 0
github.com/rhino11/trafficsim/internal/models/maritime.go:278.77,336.2 5 0
github.com/rhino11/trafficsim/internal/models/maritime.go:339.84,397.2 5 0
github.com/rhino11/trafficsim/internal/models/platform.go:277.45,279.2 1 1
github.com/rhino11/trafficsim/internal/models/platform.go:281.53,283.2 1 1
github.com/rhino11/trafficsim/internal/models/platform.go:285.48,287.2 1 1
github.com/rhino11/trafficsim/internal/models/platform.go:289.47,291.2 1 1
github.com/rhino11/trafficsim/internal/models/platform.go:293.51,295.2 1 0
github.com/rhino11/trafficsim/internal/models/platform.go:297.55,299.2 1 1
github.com/rhino11/trafficsim/internal/models/platform.go:301.63,303.2 1 1
github.com/rhino11/trafficsim/internal/models/platform.go:305.52,307.2 1 1
github.com/rhino11/trafficsim/internal/models/platform.go:309.55,310.48 1 1
github.com/rhino11/trafficsim/internal/models/platform.go:310.48,312.3 1 0
github.com/rhino11/trafficsim/internal/models/platform.go:313.2,313.43 1 1
github.com/rhino11/trafficsim/internal/models/platform.go:316.50,318.2 1 1
github.com/rhino11/trafficsim/internal/models/platform.go:320.49,322.2 1 0
github.com/rhino11/trafficsim/internal/models/platform.go:324.50,326.2 1 0
github.com/rhino11/trafficsim/internal/models/platform.go:328.48,330.2 1 1
github.com/rhino11/trafficsim/internal/models/platform.go:332.65,335.2 2 1
github.com/rhino11/trafficsim/internal/models/platform.go:338.89,339.14 1 1
github.com/rhino11/trafficsim/internal/models/platform.go:340.22,341.49 1 1
github.com/rhino11/trafficsim/internal/models/platform.go:342.26,343.53 1 1
github.com/rhino11/trafficsim/internal/models/platform.go:344.24,345.51 1 1
github.com/rhino11/trafficsim/internal/models/platform.go:346.22,347.50 1 1
github.com/rhino11/trafficsim/internal/models/platform.go:348.20,349.47 1 1
github.com/rhino11/trafficsim/internal/models/platform.go:350.24,351.51 1 1
github.com/rhino11/trafficsim/internal/models/platform.go:352.10,353.71 1 1
github.com/rhino11/trafficsim/internal/models/platform.go:358.68,365.49 3 1
github.com/rhino11/trafficsim/internal/models/platform.go:365.49,367.19 2 1
github.com/rhino11/trafficsim/internal/models/platform.go:367.19,370.4 2 1
github.com/rhino11/trafficsim/internal/models/platform.go:374.2,374.27 1 1
github.com/rhino11/trafficsim/internal/models/platform.go:374.27,375.95 1 1
github.com/rhino11/trafficsim/internal/models/platform.go:375.95,378.4 2 1
github.com/rhino11/trafficsim/internal/models/platform.go:379.3,379.13 1 1
github.com/rhino11/trafficsim/internal/models/platform.go:383.2,383.25 1 1
github.com/rhino11/trafficsim/internal/models/platform.go:384.28,385.49 1 1
github.com/rhino11/trafficsim/internal/models/platform.go:386.28,387.49 1 0
github.com/rhino11/trafficsim/internal/models/platform.go:388.24,389.45 1 0
github.com/rhino11/trafficsim/internal/models/platform.go:390.25,391.46 1 0
github.com/rhino11/trafficsim/internal/models/platform.go:392.10,393.48 1 0
github.com/rhino11/trafficsim/internal/models/platform.go:397.81,398.27 1 1
github.com/rhino11/trafficsim/internal/models/platform.go:398.27,400.95 1 0
github.com/rhino11/trafficsim/internal/models/platform.go:400.95,402.4 1 0
github.com/rhino11/trafficsim/internal/models/platform.go:403.3,403.13 1 0
github.com/rhino11/trafficsim/internal/models/platform.go:407.2,408.20 2 1
github.com/rhino11/trafficsim/internal/models/platform.go:408.20,413.3 4 0
github.com/rhino11/trafficsim/internal/models/platform.go:416.2,419.46 2 1
github.com/rhino11/trafficsim/internal/models/platform.go:419.46,421.3 1 0
github.com/rhino11/trafficsim/internal/models/platform.go:421.8,423.3 1 1
github.com/rhino11/trafficsim/internal/models/platform.go:426.2,427.33 2 1
github.com/rhino11/trafficsim/internal/models/platform.go:427.33,429.21 2 0
github.com/rhino11/trafficsim/internal/models/platform.go:429.21,431.4 1 0
github.com/rhino11/trafficsim/internal/models/platform.go:433.3,434.45 2 0
github.com/rhino11/trafficsim/internal/models/platform.go:434.45,437.4 2 0
github.com/rhino11/trafficsim/internal/models/platform.go:437.9,437.30 1 0
github.com/rhino11/trafficsim/internal/models/platform.go:437.30,440.4 2 0
github.com/rhino11/trafficsim/internal/models/platform.go:440.9,443.4 2 0
github.com/rhino11/trafficsim/internal/models/platform.go:447.2,448.45 2 1
github.com/rhino11/trafficsim/internal/models/platform.go:448.45,450.3 1 1
github.com/rhino11/trafficsim/internal/models/platform.go:450.8,452.3 1 0
github.com/rhino11/trafficsim/internal/models/platform.go:455.2,458.12 3 1
github.com/rhino11/trafficsim/internal/models/platform.go:461.81,462.27 1 0
github.com/rhino11/trafficsim/internal/models/platform.go:462.27,464.3 1 0
github.com/rhino11/trafficsim/internal/models/platform.go:467.2,468.19 2 0
github.com/rhino11/trafficsim/internal/models/platform.go:468.19,473.3 4 0
github.com/rhino11/trafficsim/internal/models/platform.go:476.2,479.47 2 0
github.com/rhino11/trafficsim/internal/models/platform.go:479.47,482.3 2 0
github.com/rhino11/trafficsim/internal/models/platform.go:484.2,491.23 4 0
github.com/rhino11/trafficsim/internal/models/platform.go:491.23,493.3 1 0
github.com/rhino11/trafficsim/internal/models/platform.go:494.2,498.12 4 0
github.com/rhino11/trafficsim/internal/models/platform.go:501.77,502.27 1 0
github.com/rhino11/trafficsim/internal/models/platform.go:502.27,504.3 1 0
github.com/rhino11/trafficsim/internal/models/platform.go:507.2,508.19 2 0
github.com/rhino11/trafficsim/internal/models/platform.go:508.19,513.3 4 0
github.com/rhino11/trafficsim/internal/models/platform.go:515.2,522.24 5 0
github.com/rhino11/trafficsim/internal/models/platform.go:522.24,525.23 3 0
github.com/rhino11/trafficsim/internal/models/platform.go:525.23,527.4 1 0
github.com/rhino11/trafficsim/internal/models/platform.go:529.3,529.39 1 0
github.com/rhino11/trafficsim/internal/models/platform.go:529.39,532.4 1 0
github.com/rhino11/trafficsim/internal/models/platform.go:535.2,540.12 5 0
github.com/rhino11/trafficsim/internal/models/platform.go:543.78,544.27 1 0
github.com/rhino11/trafficsim/internal/models/platform.go:544.27,546.3 1 0
github.com/rhino11/trafficsim/internal/models/platform.go:549.2,550.20 2 0
github.com/rhino11/trafficsim/internal/models/platform.go:550.20,555.3 4 0
github.com/rhino11/trafficsim/internal/models/platform.go:558.2,572.12 8 0
github.com/rhino11/trafficsim/internal/models/platform.go:575.80,576.27 1 0
github.com/rhino11/trafficsim/internal/models/platform.go:576.27,578.3 1 0
github.com/rhino11/trafficsim/internal/models/platform.go:581.2,582.19 2 0
github.com/rhino11/trafficsim/internal/models/platform.go:582.19,587.3 4 0
github.com/rhino11/trafficsim/internal/models/platform.go:590.2,601.12 7 0
github.com/rhino11/trafficsim/internal/models/platform.go:606.84,623.2 10 1
github.com/rhino11/trafficsim/internal/models/platform.go:625.83,637.2 8 1
github.com/rhino11/trafficsim/internal/models/platform.go:639.72,649.2 7 1
github.com/rhino11/trafficsim/internal/models/platform.go:651.92,656.24 3 1
github.com/rhino11/trafficsim/internal/models/platform.go:656.24,658.3 1 0
github.com/rhino11/trafficsim/internal/models/platform.go:659.2,659.25 1 1
github.com/rhino11/trafficsim/internal/models/platform.go:659.25,661.3 1 0
github.com/rhino11/trafficsim/internal/models/platform.go:664.2,664.68 1 1
github.com/rhino11/trafficsim/internal/models/platform.go:664.68,668.45 3 1
github.com/rhino11/trafficsim/internal/models/platform.go:668.45,670.4 1 0
github.com/rhino11/trafficsim/internal/models/platform.go:670.9,670.29 1 1
github.com/rhino11/trafficsim/internal/models/platform.go:670.29,672.4 1 1
github.com/rhino11/trafficsim/internal/models/platform.go:672.9,674.4 1 0
github.com/rhino11/trafficsim/internal/models/platform.go:675.8,677.3 1 0
github.com/rhino11/trafficsim/internal/models/platform.go:680.94,683.45 2 1
github.com/rhino11/trafficsim/internal/models/platform.go:683.45,686.44 2 1
github.com/rhino11/trafficsim/internal/models/platform.go:686.44,688.4 1 0
github.com/rhino11/trafficsim/internal/models/platform.go:688.9,688.27 1 1
github.com/rhino11/trafficsim/internal/models/platform.go:688.27,690.4 1 1
github.com/rhino11/trafficsim/internal/models/platform.go:690.9,692.4 1 1
github.com/rhino11/trafficsim/internal/models/platform.go:693.8,695.3 1 0
github.com/rhino11/trafficsim/internal/models/platform.go:698.2,698.54 1 1
github.com/rhino11/trafficsim/internal/models/platform.go:698.54,700.3 1 1
github.com/rhino11/trafficsim/internal/models/platform.go:703.2,703.24 1 1
github.com/rhino11/trafficsim/internal/models/platform.go:703.24,705.3 1 0
github.com/rhino11/trafficsim/internal/models/platform.go:708.86,732.2 10 1
github.com/rhino11/trafficsim/internal/models/platform.go:735.79,753.65 9 1
github.com/rhino11/trafficsim/internal/models/platform.go:753.65,755.27 2 1
github.com/rhino11/trafficsim/internal/models/platform.go:755.27,757.4 1 0
github.com/rhino11/trafficsim/internal/models/platform.go:760.2,760.125 1 1
github.com/rhino11/trafficsim/internal/models/platform.go:812.52,826.2 1 0
github.com/rhino11/trafficsim/internal/models/platform.go:829.73,836.25 5 0
github.com/rhino11/trafficsim/internal/models/platform.go:837.28,843.4 1 0
github.com/rhino11/trafficsim/internal/models/platform.go:844.28,850.4 1 0
github.com/rhino11/trafficsim/internal/models/platform.go:851.24,857.4 1 0
github.com/rhino11/trafficsim/internal/models/platform.go:858.25,865.4 2 0
github.com/rhino11/trafficsim/internal/models/platform.go:866.10,872.4 1 0
github.com/rhino11/trafficsim/internal/models/platform.go:877.77,881.25 2 1
github.com/rhino11/trafficsim/internal/models/platform.go:882.28,885.20 3 1
github.com/rhino11/trafficsim/internal/models/platform.go:886.24,889.20 3 0
github.com/rhino11/trafficsim/internal/models/platform.go:890.28,893.31 3 0
github.com/rhino11/trafficsim/internal/models/platform.go:894.25,896.27 2 0
github.com/rhino11/trafficsim/internal/models/platform.go:897.10,898.24 1 0
github.com/rhino11/trafficsim/internal/models/platform.go:902.2,913.12 5 1
github.com/rhino11/trafficsim/internal/models/platform.go:924.55,928.15 2 1
github.com/rhino11/trafficsim/internal/models/platform.go:928.15,931.3 2 0
github.com/rhino11/trafficsim/internal/models/platform.go:934.50,936.24 1 1
github.com/rhino11/trafficsim/internal/models/platform.go:936.24,941.3 4 0
github.com/rhino11/trafficsim/internal/models/platform.go:944.45,946.2 1 1
github.com/rhino11/trafficsim/internal/models/platform.go:948.56,951.2 1 0
github.com/rhino11/trafficsim/internal/models/platform.go:953.54,955.2 1 0
github.com/rhino11/trafficsim/internal/models/platform.go:957.56,961.2 2 0
github.com/rhino11/trafficsim/internal/models/platform.go:963.50,966.2 1 0
github.com/rhino11/trafficsim/internal/models/platform.go:968.50,970.2 1 0
github.com/rhino11/trafficsim/internal/models/platform.go:972.51,975.2 1 0
github.com/rhino11/trafficsim/internal/models/platform.go:977.52,979.2 1 0
github.com/rhino11/trafficsim/internal/models/platform.go:981.49,984.2 2 0
github.com/rhino11/trafficsim/internal/models/platform.go:987.65,988.31 1 1
github.com/rhino11/trafficsim/internal/models/platform.go:988.31,1003.3 9 1
github.com/rhino11/trafficsim/internal/models/platform.go:1006.67,1024.65 9 1
github.com/rhino11/trafficsim/internal/models/platform.go:1024.65,1026.27 2 0
github.com/rhino11/trafficsim/internal/models/platform.go:1026.27,1028.4 1 0
github.com/rhino11/trafficsim/internal/models/platform.go:1032.74,1042.83 5 1
github.com/rhino11/trafficsim/internal/models/platform.go:1042.83,1044.32 1 0
github.com/rhino11/trafficsim/internal/models/platform.go:1044.32,1048.4 3 0
github.com/rhino11/trafficsim/internal/models/platform.go:1051.3,1053.25 3 0
github.com/rhino11/trafficsim/internal/models/platform.go:1058.61,1060.2 1 0
github.com/rhino11/trafficsim/internal/models/platform.go:1063.68,1070.2 5 0
github.com/rhino11/trafficsim/internal/models/platform.go:1073.75,1075.2 1 1
github.com/rhino11/trafficsim/internal/models/platform.go:1078.57,1088.2 1 1
github.com/rhino11/trafficsim/internal/models/platform.go:1091.54,1096.2 3 1
github.com/rhino11/trafficsim/internal/models/platform.go:1099.75,1102.24 2 0
github.com/rhino11/trafficsim/internal/models/platform.go:1102.24,1104.3 1 0
github.com/rhino11/trafficsim/internal/models/platform.go:1108.2,1108.44 1 0
github.com/rhino11/trafficsim/internal/models/platform.go:1108.44,1110.3 1 0
github.com/rhino11/trafficsim/internal/models/platform.go:1111.2,1111.12 1 0
github.com/rhino11/trafficsim/internal/models/space.go:34.50,34.88 1 0
github.com/rhino11/trafficsim/internal/models/space.go:35.50,35.90 1 0
github.com/rhino11/trafficsim/internal/models/space.go:36.50,36.91 1 0
github.com/rhino11/trafficsim/internal/models/space.go:37.50,37.90 1 0
github.com/rhino11/trafficsim/internal/models/space.go:38.50,38.94 1 0
github.com/rhino11/trafficsim/internal/models/space.go:39.50,39.91 1 0
github.com/rhino11/trafficsim/internal/models/space.go:40.50,40.94 1 0
github.com/rhino11/trafficsim/internal/models/space.go:41.50,41.69 1 0
github.com/rhino11/trafficsim/internal/models/space.go:42.50,42.92 1 0
github.com/rhino11/trafficsim/internal/models/space.go:43.50,43.91 1 0
github.com/rhino11/trafficsim/internal/models/space.go:44.50,44.92 1 0
github.com/rhino11/trafficsim/internal/models/space.go:45.50,45.90 1 0
github.com/rhino11/trafficsim/internal/models/space.go:47.58,49.2 1 0
github.com/rhino11/trafficsim/internal/models/space.go:51.60,53.2 1 0
github.com/rhino11/trafficsim/internal/models/space.go:56.47,58.2 1 0
github.com/rhino11/trafficsim/internal/models/space.go:60.72,62.2 1 0
github.com/rhino11/trafficsim/internal/models/space.go:64.56,66.2 1 0
github.com/rhino11/trafficsim/internal/models/space.go:68.63,70.2 1 0
github.com/rhino11/trafficsim/internal/models/space.go:73.63,101.23 10 0
github.com/rhino11/trafficsim/internal/models/space.go:101.23,103.3 1 0
github.com/rhino11/trafficsim/internal/models/space.go:104.2,104.24 1 0
github.com/rhino11/trafficsim/internal/models/space.go:104.24,106.3 1 0
github.com/rhino11/trafficsim/internal/models/space.go:109.2,116.12 5 0
github.com/rhino11/trafficsim/internal/models/space.go:122.76,180.2 5 0
github.com/rhino11/trafficsim/internal/models/space.go:183.89,240.2 5 0
github.com/rhino11/trafficsim/internal/models/space.go:243.84,300.2 5 0
github.com/rhino11/trafficsim/internal/models/space.go:303.70,360.2 5 0
github.com/rhino11/trafficsim/internal/models/space.go:363.81,420.2 5 0
github.com/rhino11/trafficsim/internal/output/cot.go:77.38,81.2 1 1
github.com/rhino11/trafficsim/internal/output/cot.go:84.80,120.16 5 1
github.com/rhino11/trafficsim/internal/output/cot.go:120.16,122.3 1 0
github.com/rhino11/trafficsim/internal/output/cot.go:125.2,126.48 2 1
github.com/rhino11/trafficsim/internal/output/cot.go:130.77,132.21 2 1
github.com/rhino11/trafficsim/internal/output/cot.go:133.16,134.24 1 1
github.com/rhino11/trafficsim/internal/output/cot.go:135.17,136.24 1 1
github.com/rhino11/trafficsim/internal/output/cot.go:137.17,138.24 1 1
github.com/rhino11/trafficsim/internal/output/cot.go:139.17,140.24 1 1
github.com/rhino11/trafficsim/internal/output/cot.go:141.10,142.24 1 0
github.com/rhino11/trafficsim/internal/output/cot.go:145.2,146.19 2 1
github.com/rhino11/trafficsim/internal/output/cot.go:147.13,148.22 1 1
github.com/rhino11/trafficsim/internal/output/cot.go:149.16,150.22 1 1
github.com/rhino11/trafficsim/internal/output/cot.go:151.13,152.22 1 1
github.com/rhino11/trafficsim/internal/output/cot.go:153.15,154.22 1 1
github.com/rhino11/trafficsim/internal/output/cot.go:155.10,156.22 1 0
github.com/rhino11/trafficsim/internal/output/cot.go:160.2,160.9 1 1
github.com/rhino11/trafficsim/internal/output/cot.go:161.60,162.68 1 1
github.com/rhino11/trafficsim/internal/output/cot.go:163.61,164.68 1 1
github.com/rhino11/trafficsim/internal/output/cot.go:165.63,166.68 1 1
github.com/rhino11/trafficsim/internal/output/cot.go:167.63,168.70 1 1
github.com/rhino11/trafficsim/internal/output/cot.go:169.63,170.70 1 1
github.com/rhino11/trafficsim/internal/output/cot.go:171.65,172.70 1 1
github.com/rhino11/trafficsim/internal/output/cot.go:173.53,174.70 1 1
github.com/rhino11/trafficsim/internal/output/cot.go:175.56,176.70 1 1
github.com/rhino11/trafficsim/internal/output/cot.go:177.28,178.68 1 1
github.com/rhino11/trafficsim/internal/output/cot.go:179.10,180.66 1 0
github.com/rhino11/trafficsim/internal/output/cot.go:185.62,197.17 7 1
github.com/rhino11/trafficsim/internal/output/cot.go:197.17,199.3 1 1
github.com/rhino11/trafficsim/internal/output/cot.go:201.2,201.16 1 1
github.com/rhino11/trafficsim/internal/output/cot.go:205.61,207.2 1 1
github.com/rhino11/trafficsim/internal/output/multicast.go:19.87,21.16 2 0
github.com/rhino11/trafficsim/internal/output/multicast.go:21.16,23.3 1 0
github.com/rhino11/trafficsim/internal/output/multicast.go:25.2,26.16 2 0
github.com/rhino11/trafficsim/internal/output/multicast.go:26.16,28.3 1 0
github.com/rhino11/trafficsim/internal/output/multicast.go:30.2,35.8 1 0
github.com/rhino11/trafficsim/internal/output/multicast.go:39.73,41.2 1 0
github.com/rhino11/trafficsim/internal/output/multicast.go:44.78,46.16 2 0
github.com/rhino11/trafficsim/internal/output/multicast.go:46.16,48.3 1 0
github.com/rhino11/trafficsim/internal/output/multicast.go:50.2,51.16 2 0
github.com/rhino11/trafficsim/internal/output/multicast.go:51.16,53.3 1 0
github.com/rhino11/trafficsim/internal/output/multicast.go:55.2,55.12 1 0
github.com/rhino11/trafficsim/internal/output/multicast.go:59.101,65.12 4 0
github.com/rhino11/trafficsim/internal/output/multicast.go:65.12,66.7 1 0
github.com/rhino11/trafficsim/internal/output/multicast.go:66.7,67.11 1 0
github.com/rhino11/trafficsim/internal/output/multicast.go:68.35,69.35 1 0
github.com/rhino11/trafficsim/internal/output/multicast.go:70.20,72.40 1 0
github.com/rhino11/trafficsim/internal/output/multicast.go:72.40,73.58 1 0
github.com/rhino11/trafficsim/internal/output/multicast.go:73.58,75.7 1 0
github.com/rhino11/trafficsim/internal/output/multicast.go:77.20,78.11 1 0
github.com/rhino11/trafficsim/internal/output/multicast.go:85.44,86.19 1 0
github.com/rhino11/trafficsim/internal/output/multicast.go:86.19,88.3 1 0
github.com/rhino11/trafficsim/internal/output/multicast.go:89.2,89.12 1 0
github.com/rhino11/trafficsim/internal/output/multicast.go:93.59,95.2 1 0
