TN:
SF:web/static/js/data-streamer.js
FN:6,(anonymous_0)
FN:69,(anonymous_1)
FN:77,(anonymous_2)
FN:84,(anonymous_3)
FN:92,(anonymous_4)
FN:96,(anonymous_5)
FN:100,(anonymous_6)
FN:105,(anonymous_7)
FN:111,(anonymous_8)
FN:118,(anonymous_9)
FN:133,(anonymous_10)
FN:142,(anonymous_11)
FN:155,(anonymous_12)
FN:168,(anonymous_13)
FN:175,(anonymous_14)
FN:180,(anonymous_15)
FN:184,(anonymous_16)
FN:189,(anonymous_17)
FN:200,(anonymous_18)
FN:206,(anonymous_19)
FN:211,(anonymous_20)
FN:215,(anonymous_21)
FN:221,(anonymous_22)
FN:225,(anonymous_23)
FN:235,(anonymous_24)
FN:239,(anonymous_25)
FN:243,(anonymous_26)
FN:264,(anonymous_27)
FN:280,(anonymous_28)
FN:293,(anonymous_29)
FN:299,(anonymous_30)
FN:304,(anonymous_31)
FN:305,(anonymous_32)
FN:312,(anonymous_33)
FN:319,(anonymous_34)
FN:331,(anonymous_35)
FN:343,(anonymous_36)
FN:378,(anonymous_37)
FN:403,(anonymous_38)
FN:408,(anonymous_39)
FN:435,(anonymous_40)
FN:444,(anonymous_41)
FN:457,(anonymous_42)
FN:469,(anonymous_43)
FN:476,(anonymous_44)
FN:485,(anonymous_45)
FN:498,(anonymous_46)
FN:519,(anonymous_47)
FN:521,(anonymous_48)
FN:524,(anonymous_49)
FN:526,(anonymous_50)
FN:546,(anonymous_51)
FN:554,(anonymous_52)
FN:561,(anonymous_53)
FN:583,(anonymous_54)
FN:606,(anonymous_55)
FN:616,(anonymous_56)
FN:627,(anonymous_57)
FN:650,(anonymous_58)
FN:660,(anonymous_59)
FN:662,(anonymous_60)
FN:667,(anonymous_61)
FNF:62
FNH:47
FNDA:38,(anonymous_0)
FNDA:0,(anonymous_1)
FNDA:5,(anonymous_2)
FNDA:7,(anonymous_3)
FNDA:1,(anonymous_4)
FNDA:0,(anonymous_5)
FNDA:0,(anonymous_6)
FNDA:0,(anonymous_7)
FNDA:0,(anonymous_8)
FNDA:38,(anonymous_9)
FNDA:21,(anonymous_10)
FNDA:0,(anonymous_11)
FNDA:0,(anonymous_12)
FNDA:16,(anonymous_13)
FNDA:8,(anonymous_14)
FNDA:2,(anonymous_15)
FNDA:1,(anonymous_16)
FNDA:4,(anonymous_17)
FNDA:5,(anonymous_18)
FNDA:2,(anonymous_19)
FNDA:1,(anonymous_20)
FNDA:0,(anonymous_21)
FNDA:0,(anonymous_22)
FNDA:0,(anonymous_23)
FNDA:0,(anonymous_24)
FNDA:0,(anonymous_25)
FNDA:10,(anonymous_26)
FNDA:1,(anonymous_27)
FNDA:4,(anonymous_28)
FNDA:3,(anonymous_29)
FNDA:1,(anonymous_30)
FNDA:8,(anonymous_31)
FNDA:1,(anonymous_32)
FNDA:40,(anonymous_33)
FNDA:10,(anonymous_34)
FNDA:2,(anonymous_35)
FNDA:5,(anonymous_36)
FNDA:10,(anonymous_37)
FNDA:9,(anonymous_38)
FNDA:2,(anonymous_39)
FNDA:1,(anonymous_40)
FNDA:2,(anonymous_41)
FNDA:2,(anonymous_42)
FNDA:1,(anonymous_43)
FNDA:5,(anonymous_44)
FNDA:8,(anonymous_45)
FNDA:8,(anonymous_46)
FNDA:11,(anonymous_47)
FNDA:17,(anonymous_48)
FNDA:58,(anonymous_49)
FNDA:17,(anonymous_50)
FNDA:1,(anonymous_51)
FNDA:0,(anonymous_52)
FNDA:3,(anonymous_53)
FNDA:1,(anonymous_54)
FNDA:1,(anonymous_55)
FNDA:1,(anonymous_56)
FNDA:2,(anonymous_57)
FNDA:1,(anonymous_58)
FNDA:0,(anonymous_59)
FNDA:0,(anonymous_60)
FNDA:39,(anonymous_61)
DA:8,38
DA:17,38
DA:20,38
DA:21,38
DA:22,38
DA:25,38
DA:28,38
DA:38,38
DA:39,38
DA:40,38
DA:43,38
DA:44,38
DA:47,38
DA:48,38
DA:49,38
DA:50,38
DA:51,38
DA:54,38
DA:55,38
DA:58,38
DA:59,38
DA:60,38
DA:63,38
DA:64,38
DA:65,38
DA:66,38
DA:70,0
DA:71,0
DA:72,0
DA:73,0
DA:78,5
DA:79,5
DA:80,5
DA:85,7
DA:87,7
DA:88,7
DA:93,1
DA:97,0
DA:101,0
DA:106,0
DA:107,0
DA:112,0
DA:113,0
DA:114,0
DA:120,38
DA:121,32
DA:122,32
DA:123,6
DA:124,6
DA:125,6
DA:127,0
DA:128,0
DA:129,0
DA:134,21
DA:135,0
DA:136,0
DA:139,21
DA:142,21
DA:143,0
DA:144,0
DA:148,21
DA:149,16
DA:150,5
DA:151,5
DA:156,0
DA:157,0
DA:158,0
DA:160,0
DA:161,0
DA:163,0
DA:164,0
DA:169,16
DA:170,16
DA:172,16
DA:173,16
DA:175,16
DA:176,8
DA:177,8
DA:180,16
DA:181,2
DA:184,16
DA:185,1
DA:186,1
DA:189,16
DA:190,4
DA:191,4
DA:195,0
DA:196,0
DA:201,5
DA:203,5
DA:204,5
DA:206,5
DA:207,2
DA:208,2
DA:211,5
DA:212,1
DA:215,5
DA:216,0
DA:217,0
DA:221,5
DA:222,0
DA:225,5
DA:226,0
DA:230,0
DA:231,0
DA:236,0
DA:237,0
DA:238,0
DA:239,0
DA:244,10
DA:245,10
DA:248,10
DA:249,10
DA:250,10
DA:253,10
DA:256,10
DA:257,8
DA:261,10
DA:265,1
DA:266,1
DA:267,1
DA:268,1
DA:271,1
DA:272,1
DA:273,1
DA:275,0
DA:276,0
DA:281,4
DA:282,4
DA:283,4
DA:285,4
DA:286,2
DA:288,2
DA:289,2
DA:294,3
DA:296,3
DA:297,3
DA:299,3
DA:300,1
DA:305,8
DA:306,1
DA:307,1
DA:313,40
DA:314,8
DA:315,8
DA:320,10
DA:321,8
DA:327,2
DA:332,2
DA:333,2
DA:334,2
DA:335,1
DA:336,1
DA:339,1
DA:344,5
DA:346,5
DA:348,5
DA:349,5
DA:352,5
DA:354,5
DA:355,5
DA:359,5
DA:360,5
DA:362,0
DA:366,4
DA:369,4
DA:370,4
DA:373,1
DA:379,10
DA:381,6
DA:382,6
DA:384,1
DA:385,1
DA:387,1
DA:389,1
DA:390,1
DA:393,2
DA:394,0
DA:395,2
DA:396,1
DA:398,1
DA:404,9
DA:407,9
DA:408,2
DA:411,9
DA:414,9
DA:415,9
DA:417,0
DA:420,9
DA:423,9
DA:429,9
DA:432,7
DA:435,2
DA:436,1
DA:437,1
DA:445,2
DA:446,1
DA:447,1
DA:448,1
DA:449,1
DA:452,1
DA:453,1
DA:458,2
DA:459,2
DA:460,3
DA:461,1
DA:463,2
DA:466,2
DA:470,1
DA:471,1
DA:472,1
DA:478,5
DA:479,4
DA:481,1
DA:486,8
DA:488,8
DA:489,8
DA:492,8
DA:493,8
DA:494,8
DA:497,8
DA:498,7
DA:499,8
DA:500,8
DA:501,8
DA:503,0
DA:510,8
DA:511,7
DA:512,7
DA:514,0
DA:520,11
DA:521,17
DA:526,58
DA:527,17
DA:528,17
DA:529,17
DA:531,0
DA:537,58
DA:538,17
DA:539,17
DA:541,0
DA:547,1
DA:548,1
DA:549,0
DA:550,0
DA:555,0
DA:556,0
DA:562,3
DA:563,1
DA:569,2
DA:575,2
DA:576,1
DA:579,1
DA:584,1
DA:585,1
DA:591,0
DA:597,0
DA:598,0
DA:601,0
DA:607,1
DA:608,1
DA:617,1
DA:618,1
DA:628,2
DA:631,2
DA:632,2
DA:635,2
DA:636,0
DA:639,2
DA:642,2
DA:645,2
DA:646,0
DA:651,1
DA:662,0
DA:663,0
DA:668,39
DA:670,39
DA:673,39
DA:674,13
DA:675,13
DA:678,39
DA:679,5
DA:680,5
DA:684,39
DA:686,39
DA:687,3
DA:688,3
DA:691,39
DA:692,1
DA:693,1
DA:696,39
DA:697,9
DA:698,9
DA:702,39
DA:704,39
DA:709,1
LF:296
LH:238
BRDA:6,0,0,37
BRDA:79,1,0,5
BRDA:79,1,1,0
BRDA:87,2,0,7
BRDA:87,2,1,0
BRDA:106,3,0,0
BRDA:106,3,1,0
BRDA:113,4,0,0
BRDA:113,4,1,0
BRDA:120,5,0,32
BRDA:120,5,1,6
BRDA:123,6,0,6
BRDA:123,6,1,0
BRDA:134,7,0,0
BRDA:134,7,1,21
BRDA:143,8,0,0
BRDA:143,8,1,0
BRDA:148,9,0,16
BRDA:148,9,1,5
BRDA:150,10,0,5
BRDA:150,10,1,0
BRDA:160,11,0,0
BRDA:160,11,1,0
BRDA:169,12,0,0
BRDA:169,12,1,16
BRDA:236,13,0,0
BRDA:236,13,1,0
BRDA:248,14,0,10
BRDA:248,14,1,0
BRDA:256,15,0,8
BRDA:256,15,1,2
BRDA:271,16,0,1
BRDA:271,16,1,0
BRDA:285,17,0,2
BRDA:285,17,1,2
BRDA:306,18,0,1
BRDA:306,18,1,0
BRDA:306,19,0,1
BRDA:306,19,1,1
BRDA:313,20,0,8
BRDA:313,20,1,32
BRDA:320,21,0,8
BRDA:320,21,1,2
BRDA:320,22,0,10
BRDA:320,22,1,8
BRDA:334,23,0,1
BRDA:334,23,1,0
BRDA:354,24,0,5
BRDA:354,24,1,0
BRDA:359,25,0,5
BRDA:359,25,1,0
BRDA:379,26,0,6
BRDA:379,26,1,1
BRDA:379,26,2,1
BRDA:379,26,3,2
BRDA:384,27,0,1
BRDA:384,27,1,0
BRDA:393,28,0,0
BRDA:393,28,1,2
BRDA:395,29,0,1
BRDA:395,29,1,1
BRDA:404,30,0,0
BRDA:404,30,1,9
BRDA:404,31,0,9
BRDA:404,31,1,9
BRDA:407,32,0,2
BRDA:407,32,1,7
BRDA:414,33,0,9
BRDA:414,33,1,0
BRDA:415,34,0,0
BRDA:415,34,1,9
BRDA:420,35,0,9
BRDA:420,35,1,9
BRDA:423,36,0,9
BRDA:423,36,1,9
BRDA:423,36,2,9
BRDA:423,36,3,9
BRDA:429,37,0,7
BRDA:429,37,1,2
BRDA:429,38,0,9
BRDA:429,38,1,9
BRDA:445,39,0,1
BRDA:445,39,1,1
BRDA:445,40,0,2
BRDA:445,40,1,1
BRDA:460,41,0,1
BRDA:460,41,1,2
BRDA:460,42,0,3
BRDA:460,42,1,3
BRDA:460,42,2,1
BRDA:461,43,0,1
BRDA:461,43,1,0
BRDA:470,44,0,1
BRDA:470,44,1,0
BRDA:478,45,0,4
BRDA:478,45,1,1
BRDA:486,46,0,0
BRDA:486,46,1,8
BRDA:497,47,0,7
BRDA:497,47,1,1
BRDA:497,48,0,8
BRDA:497,48,1,8
BRDA:499,49,0,8
BRDA:499,49,1,0
BRDA:510,50,0,7
BRDA:510,50,1,1
BRDA:510,51,0,8
BRDA:510,51,1,7
BRDA:527,52,0,17
BRDA:527,52,1,0
BRDA:537,53,0,17
BRDA:537,53,1,41
BRDA:547,54,0,1
BRDA:547,54,1,0
BRDA:547,55,0,1
BRDA:547,55,1,1
BRDA:549,56,0,0
BRDA:549,56,1,0
BRDA:555,57,0,0
BRDA:555,57,1,0
BRDA:562,58,0,1
BRDA:562,58,1,2
BRDA:562,59,0,3
BRDA:562,59,1,3
BRDA:562,59,2,1
BRDA:575,60,0,1
BRDA:575,60,1,1
BRDA:584,61,0,1
BRDA:584,61,1,0
BRDA:584,62,0,1
BRDA:584,62,1,1
BRDA:584,62,2,1
BRDA:597,63,0,0
BRDA:597,63,1,0
BRDA:607,64,0,1
BRDA:607,64,1,0
BRDA:607,65,0,1
BRDA:607,65,1,1
BRDA:607,65,2,1
BRDA:617,66,0,1
BRDA:617,66,1,0
BRDA:617,67,0,1
BRDA:617,67,1,1
BRDA:617,67,2,1
BRDA:635,68,0,0
BRDA:635,68,1,2
BRDA:635,69,0,2
BRDA:635,69,1,0
BRDA:645,70,0,0
BRDA:645,70,1,2
BRDA:673,71,0,13
BRDA:673,71,1,26
BRDA:678,72,0,5
BRDA:678,72,1,34
BRDA:686,73,0,3
BRDA:686,73,1,36
BRDA:691,74,0,1
BRDA:691,74,1,38
BRDA:696,75,0,9
BRDA:696,75,1,30
BRF:160
BRH:115
end_of_record
TN:
SF:web/static/js/map-engine.js
FN:6,(anonymous_0)
FN:53,(anonymous_1)
FN:107,(anonymous_2)
FN:133,(anonymous_3)
FN:152,(anonymous_4)
FN:163,(anonymous_5)
FN:173,(anonymous_6)
FN:180,(anonymous_7)
FN:182,(anonymous_8)
FN:187,(anonymous_9)
FN:193,(anonymous_10)
FN:200,(anonymous_11)
FN:205,(anonymous_12)
FN:211,(anonymous_13)
FN:221,(anonymous_14)
FN:225,(anonymous_15)
FN:232,(anonymous_16)
FN:245,(anonymous_17)
FN:258,(anonymous_18)
FN:271,(anonymous_19)
FN:274,(anonymous_20)
FN:285,(anonymous_21)
FN:297,(anonymous_22)
FN:307,(anonymous_23)
FN:319,(anonymous_24)
FN:328,(anonymous_25)
FN:336,(anonymous_26)
FN:344,(anonymous_27)
FN:352,(anonymous_28)
FN:360,(anonymous_29)
FN:368,(anonymous_30)
FN:376,(anonymous_31)
FN:386,(anonymous_32)
FN:396,(anonymous_33)
FN:406,(anonymous_34)
FN:416,(anonymous_35)
FN:424,(anonymous_36)
FN:432,(anonymous_37)
FN:439,(anonymous_38)
FN:447,(anonymous_39)
FN:455,(anonymous_40)
FN:463,(anonymous_41)
FN:479,(anonymous_42)
FN:486,(anonymous_43)
FN:495,(anonymous_44)
FN:508,(anonymous_45)
FN:516,(anonymous_46)
FN:524,(anonymous_47)
FN:536,(anonymous_48)
FN:546,(anonymous_49)
FN:556,(anonymous_50)
FN:558,executedFunction
FN:559,(anonymous_52)
FN:572,(anonymous_53)
FN:584,(anonymous_54)
FN:595,(anonymous_55)
FN:610,(anonymous_56)
FN:637,(anonymous_57)
FN:646,(anonymous_58)
FN:655,(anonymous_59)
FN:675,(anonymous_60)
FN:690,(anonymous_61)
FNF:62
FNH:33
FNDA:37,(anonymous_0)
FNDA:36,(anonymous_1)
FNDA:33,(anonymous_2)
FNDA:33,(anonymous_3)
FNDA:0,(anonymous_4)
FNDA:0,(anonymous_5)
FNDA:0,(anonymous_6)
FNDA:33,(anonymous_7)
FNDA:1,(anonymous_8)
FNDA:0,(anonymous_9)
FNDA:1,(anonymous_10)
FNDA:0,(anonymous_11)
FNDA:0,(anonymous_12)
FNDA:0,(anonymous_13)
FNDA:0,(anonymous_14)
FNDA:0,(anonymous_15)
FNDA:34,(anonymous_16)
FNDA:3,(anonymous_17)
FNDA:0,(anonymous_18)
FNDA:0,(anonymous_19)
FNDA:0,(anonymous_20)
FNDA:0,(anonymous_21)
FNDA:0,(anonymous_22)
FNDA:6,(anonymous_23)
FNDA:1,(anonymous_24)
FNDA:1,(anonymous_25)
FNDA:1,(anonymous_26)
FNDA:2,(anonymous_27)
FNDA:0,(anonymous_28)
FNDA:0,(anonymous_29)
FNDA:1,(anonymous_30)
FNDA:1,(anonymous_31)
FNDA:1,(anonymous_32)
FNDA:1,(anonymous_33)
FNDA:1,(anonymous_34)
FNDA:1,(anonymous_35)
FNDA:1,(anonymous_36)
FNDA:1,(anonymous_37)
FNDA:1,(anonymous_38)
FNDA:2,(anonymous_39)
FNDA:0,(anonymous_40)
FNDA:5,(anonymous_41)
FNDA:0,(anonymous_42)
FNDA:1,(anonymous_43)
FNDA:0,(anonymous_44)
FNDA:0,(anonymous_45)
FNDA:0,(anonymous_46)
FNDA:0,(anonymous_47)
FNDA:0,(anonymous_48)
FNDA:0,(anonymous_49)
FNDA:0,(anonymous_50)
FNDA:0,executedFunction
FNDA:0,(anonymous_52)
FNDA:1,(anonymous_53)
FNDA:1,(anonymous_54)
FNDA:7,(anonymous_55)
FNDA:39,(anonymous_56)
FNDA:1,(anonymous_57)
FNDA:1,(anonymous_58)
FNDA:1,(anonymous_59)
FNDA:0,(anonymous_60)
FNDA:0,(anonymous_61)
DA:7,37
DA:8,37
DA:25,37
DA:26,37
DA:27,37
DA:30,37
DA:31,37
DA:34,37
DA:35,37
DA:36,37
DA:37,37
DA:40,37
DA:47,37
DA:48,37
DA:54,36
DA:57,36
DA:58,1
DA:60,35
DA:63,35
DA:64,35
DA:65,1
DA:67,34
DA:70,34
DA:71,33
DA:74,33
DA:75,33
DA:78,33
DA:79,33
DA:82,33
DA:83,33
DA:85,33
DA:86,33
DA:89,33
DA:90,33
DA:92,33
DA:93,33
DA:96,33
DA:99,33
DA:101,33
DA:102,33
DA:104,33
DA:109,33
DA:127,33
DA:130,33
DA:135,33
DA:149,33
DA:154,0
DA:157,0
DA:160,0
DA:164,0
DA:173,0
DA:174,0
DA:175,0
DA:182,33
DA:183,1
DA:184,1
DA:187,33
DA:188,0
DA:189,0
DA:193,33
DA:194,1
DA:195,1
DA:200,33
DA:201,0
DA:206,0
DA:210,0
DA:211,0
DA:212,0
DA:215,0
DA:222,0
DA:225,0
DA:226,0
DA:229,0
DA:233,34
DA:234,34
DA:246,3
DA:248,3
DA:249,3
DA:251,3
DA:259,0
DA:260,0
DA:261,0
DA:262,0
DA:264,0
DA:265,0
DA:267,0
DA:272,0
DA:273,0
DA:274,0
DA:275,0
DA:276,0
DA:277,0
DA:281,0
DA:286,0
DA:287,0
DA:288,0
DA:289,0
DA:290,0
DA:291,0
DA:298,0
DA:308,6
DA:309,2
DA:310,2
DA:320,1
DA:321,1
DA:329,1
DA:337,1
DA:345,2
DA:353,0
DA:361,0
DA:369,1
DA:377,1
DA:387,1
DA:397,1
DA:407,1
DA:417,1
DA:425,1
DA:433,1
DA:440,1
DA:448,2
DA:456,0
DA:464,5
DA:467,5
DA:480,0
DA:488,1
DA:490,1
DA:491,1
DA:495,1
DA:496,0
DA:497,0
DA:499,0
DA:509,0
DA:517,0
DA:525,0
DA:526,0
DA:527,0
DA:537,0
DA:538,0
DA:547,0
DA:558,0
DA:559,0
DA:560,0
DA:561,0
DA:563,0
DA:564,0
DA:573,1
DA:585,1
DA:586,1
DA:596,7
DA:597,2
DA:599,5
DA:600,1
DA:602,4
DA:603,1
DA:611,39
DA:613,33
DA:614,33
DA:615,33
DA:618,33
DA:619,33
DA:623,39
DA:624,39
DA:625,39
DA:626,39
DA:627,39
DA:629,39
DA:638,1
DA:647,1
DA:656,1
DA:657,1
DA:659,1
DA:660,1
DA:661,1
DA:662,1
DA:664,1
DA:676,0
DA:681,0
DA:682,0
DA:691,0
DA:695,0
DA:696,0
DA:701,1
LF:182
LH:115
BRDA:6,0,0,34
BRDA:57,1,0,1
BRDA:57,1,1,35
BRDA:64,2,0,1
BRDA:64,2,1,34
BRDA:194,3,0,1
BRDA:194,3,1,0
BRDA:194,4,0,1
BRDA:194,4,1,1
BRDA:245,5,0,3
BRDA:246,6,0,0
BRDA:246,6,1,3
BRDA:251,7,0,3
BRDA:251,7,1,3
BRDA:251,7,2,2
BRDA:251,7,3,1
BRDA:258,8,0,0
BRDA:260,9,0,0
BRDA:260,9,1,0
BRDA:261,10,0,0
BRDA:261,10,1,0
BRDA:273,11,0,0
BRDA:273,11,1,0
BRDA:275,12,0,0
BRDA:275,12,1,0
BRDA:287,13,0,0
BRDA:287,13,1,0
BRDA:288,14,0,0
BRDA:288,14,1,0
BRDA:288,15,0,0
BRDA:288,15,1,0
BRDA:290,16,0,0
BRDA:290,16,1,0
BRDA:290,17,0,0
BRDA:290,17,1,0
BRDA:298,18,0,0
BRDA:298,18,1,0
BRDA:307,19,0,5
BRDA:309,20,0,1
BRDA:309,20,1,1
BRDA:448,21,0,2
BRDA:448,21,1,1
BRDA:464,22,0,0
BRDA:464,22,1,5
BRDA:490,23,0,1
BRDA:490,23,1,0
BRDA:526,24,0,0
BRDA:526,24,1,0
BRDA:537,25,0,0
BRDA:537,25,1,0
BRDA:585,26,0,1
BRDA:585,26,1,0
BRDA:585,27,0,1
BRDA:585,27,1,1
BRDA:596,28,0,2
BRDA:596,28,1,5
BRDA:596,29,0,7
BRDA:596,29,1,6
BRDA:596,29,2,6
BRDA:596,29,3,5
BRDA:599,30,0,1
BRDA:599,30,1,4
BRDA:599,31,0,5
BRDA:599,31,1,5
BRDA:602,32,0,1
BRDA:602,32,1,3
BRDA:602,33,0,4
BRDA:602,33,1,4
BRDA:611,34,0,33
BRDA:611,34,1,6
BRDA:655,35,0,0
BRDA:657,36,0,0
BRDA:657,36,1,1
BRF:73
BRH:41
end_of_record
TN:
SF:web/static/js/performance-monitor.js
FN:6,(anonymous_0)
FN:38,(anonymous_1)
FN:46,(anonymous_2)
FN:58,(anonymous_3)
FN:65,(anonymous_4)
FN:66,(anonymous_5)
FN:89,(anonymous_6)
FN:90,(anonymous_7)
FN:96,(anonymous_8)
FN:124,(anonymous_9)
FN:140,(anonymous_10)
FN:144,(anonymous_11)
FN:155,(anonymous_12)
FN:163,(anonymous_13)
FN:179,(anonymous_14)
FN:203,(anonymous_15)
FN:217,(anonymous_16)
FN:222,(anonymous_17)
FN:231,(anonymous_18)
FN:234,(anonymous_19)
FN:235,(anonymous_20)
FN:236,(anonymous_21)
FN:242,(anonymous_22)
FN:265,(anonymous_23)
FN:288,(anonymous_24)
FN:308,(anonymous_25)
FN:331,(anonymous_26)
FN:351,(anonymous_27)
FN:370,(anonymous_28)
FN:377,(anonymous_29)
FN:382,(anonymous_30)
FN:386,(anonymous_31)
FN:400,(anonymous_32)
FN:404,(anonymous_33)
FN:408,(anonymous_34)
FN:424,(anonymous_35)
FNF:36
FNH:32
FNDA:25,(anonymous_0)
FNDA:25,(anonymous_1)
FNDA:25,(anonymous_2)
FNDA:175,(anonymous_3)
FNDA:25,(anonymous_4)
FNDA:0,(anonymous_5)
FNDA:25,(anonymous_6)
FNDA:0,(anonymous_7)
FNDA:2,(anonymous_8)
FNDA:4,(anonymous_9)
FNDA:2,(anonymous_10)
FNDA:2,(anonymous_11)
FNDA:61,(anonymous_12)
FNDA:2,(anonymous_13)
FNDA:4,(anonymous_14)
FNDA:1,(anonymous_15)
FNDA:2,(anonymous_16)
FNDA:3,(anonymous_17)
FNDA:4,(anonymous_18)
FNDA:8,(anonymous_19)
FNDA:8,(anonymous_20)
FNDA:8,(anonymous_21)
FNDA:3,(anonymous_22)
FNDA:2,(anonymous_23)
FNDA:0,(anonymous_24)
FNDA:1,(anonymous_25)
FNDA:1,(anonymous_26)
FNDA:0,(anonymous_27)
FNDA:1,(anonymous_28)
FNDA:1,(anonymous_29)
FNDA:1,(anonymous_30)
FNDA:1,(anonymous_31)
FNDA:1,(anonymous_32)
FNDA:1,(anonymous_33)
FNDA:1,(anonymous_34)
FNDA:26,(anonymous_35)
DA:7,25
DA:8,25
DA:9,25
DA:10,25
DA:13,25
DA:25,25
DA:28,25
DA:29,25
DA:32,25
DA:33,25
DA:35,25
DA:39,25
DA:40,25
DA:41,25
DA:42,25
DA:43,25
DA:47,25
DA:58,25
DA:59,175
DA:60,0
DA:66,25
DA:67,0
DA:69,0
DA:70,0
DA:71,0
DA:74,0
DA:75,0
DA:76,0
DA:77,0
DA:79,0
DA:80,0
DA:83,0
DA:86,25
DA:90,25
DA:91,0
DA:92,0
DA:97,2
DA:99,1
DA:100,1
DA:102,1
DA:104,1
DA:105,1
DA:109,1
DA:110,1
DA:111,0
DA:115,1
DA:116,1
DA:118,1
DA:119,1
DA:125,4
DA:126,4
DA:129,4
DA:130,2
DA:131,2
DA:132,1
DA:134,1
DA:141,2
DA:145,2
DA:146,2
DA:147,2
DA:150,2
DA:151,1
DA:155,61
DA:156,2
DA:158,2
DA:159,2
DA:164,2
DA:165,2
DA:168,2
DA:169,1
DA:170,1
DA:171,1
DA:173,0
DA:180,4
DA:181,4
DA:183,4
DA:184,4
DA:187,4
DA:188,4
DA:191,4
DA:192,4
DA:193,1
DA:194,3
DA:195,1
DA:197,2
DA:204,1
DA:205,1
DA:207,1
DA:208,1
DA:211,1
DA:212,1
DA:218,2
DA:222,3
DA:228,2
DA:232,4
DA:234,8
DA:235,8
DA:236,8
DA:238,2
DA:243,3
DA:245,3
DA:246,2
DA:249,3
DA:250,1
DA:253,3
DA:254,1
DA:257,3
DA:258,1
DA:261,3
DA:266,2
DA:268,2
DA:269,1
DA:272,2
DA:273,1
DA:276,2
DA:277,2
DA:280,2
DA:281,1
DA:284,2
DA:289,0
DA:290,0
DA:291,0
DA:293,0
DA:294,0
DA:296,0
DA:297,0
DA:300,0
DA:301,0
DA:304,0
DA:309,1
DA:318,1
DA:319,1
DA:321,1
DA:322,1
DA:323,1
DA:324,1
DA:325,1
DA:326,1
DA:327,1
DA:332,1
DA:333,1
DA:334,1
DA:348,1
DA:351,1
DA:352,0
DA:353,0
DA:366,1
DA:371,1
DA:372,1
DA:373,1
DA:378,1
DA:383,1
DA:386,1
DA:387,1
DA:388,1
DA:394,1
DA:401,1
DA:405,1
DA:409,1
DA:410,1
DA:411,1
DA:425,26
DA:428,26
DA:429,26
DA:430,2
DA:436,1
LF:166
LH:138
BRDA:59,0,0,0
BRDA:59,0,1,175
BRDA:67,1,0,0
BRDA:67,1,1,0
BRDA:74,2,0,0
BRDA:74,2,1,0
BRDA:91,3,0,0
BRDA:91,3,1,0
BRDA:97,4,0,1
BRDA:97,4,1,1
BRDA:104,5,0,1
BRDA:104,5,1,0
BRDA:110,6,0,0
BRDA:110,6,1,1
BRDA:118,7,0,1
BRDA:118,7,1,0
BRDA:125,8,0,4
BRDA:125,8,1,0
BRDA:129,9,0,2
BRDA:129,9,1,2
BRDA:131,10,0,1
BRDA:131,10,1,1
BRDA:145,11,0,2
BRDA:145,11,1,0
BRDA:150,12,0,1
BRDA:150,12,1,1
BRDA:164,13,0,2
BRDA:164,13,1,0
BRDA:168,14,0,1
BRDA:168,14,1,1
BRDA:170,15,0,1
BRDA:170,15,1,0
BRDA:183,16,0,4
BRDA:183,16,1,0
BRDA:187,17,0,4
BRDA:187,17,1,0
BRDA:192,18,0,1
BRDA:192,18,1,3
BRDA:194,19,0,1
BRDA:194,19,1,2
BRDA:207,20,0,1
BRDA:207,20,1,0
BRDA:211,21,0,1
BRDA:211,21,1,0
BRDA:221,22,0,1
BRDA:221,22,1,1
BRDA:223,23,0,1
BRDA:223,23,1,1
BRDA:224,24,0,1
BRDA:224,24,1,1
BRDA:232,25,0,2
BRDA:232,25,1,2
BRDA:245,26,0,2
BRDA:245,26,1,1
BRDA:249,27,0,1
BRDA:249,27,1,2
BRDA:253,28,0,1
BRDA:253,28,1,2
BRDA:257,29,0,1
BRDA:257,29,1,2
BRDA:268,30,0,1
BRDA:268,30,1,1
BRDA:272,31,0,1
BRDA:272,31,1,1
BRDA:276,32,0,2
BRDA:276,32,1,0
BRDA:280,33,0,1
BRDA:280,33,1,1
BRDA:296,34,0,0
BRDA:296,34,1,0
BRDA:300,35,0,0
BRDA:300,35,1,0
BRDA:372,36,0,1
BRDA:372,36,1,0
BRDA:387,37,0,1
BRDA:387,37,1,0
BRDA:387,38,0,1
BRDA:387,38,1,1
BRDA:429,39,0,2
BRDA:429,39,1,24
BRF:80
BRH:55
end_of_record
TN:
SF:web/static/js/platform-renderer.js
FN:6,(anonymous_0)
FN:55,(anonymous_1)
FN:65,(anonymous_2)
FN:77,(anonymous_3)
FN:90,(anonymous_4)
FN:105,(anonymous_5)
FN:126,(anonymous_6)
FN:128,(anonymous_7)
FN:136,(anonymous_8)
FN:143,(anonymous_9)
FN:187,(anonymous_10)
FN:206,(anonymous_11)
FN:230,(anonymous_12)
FN:240,(anonymous_13)
FN:250,(anonymous_14)
FN:289,(anonymous_15)
FN:371,(anonymous_16)
FN:411,(anonymous_17)
FN:436,(anonymous_18)
FN:445,(anonymous_19)
FN:453,(anonymous_20)
FN:459,(anonymous_21)
FN:472,(anonymous_22)
FN:477,(anonymous_23)
FN:478,(anonymous_24)
FN:490,(anonymous_25)
FN:492,(anonymous_26)
FN:502,(anonymous_27)
FN:516,(anonymous_28)
FN:526,(anonymous_29)
FN:530,(anonymous_30)
FN:542,(anonymous_31)
FN:547,(anonymous_32)
FN:557,(anonymous_33)
FN:562,(anonymous_34)
FN:573,(anonymous_35)
FN:584,(anonymous_36)
FN:588,(anonymous_37)
FN:602,(anonymous_38)
FN:616,(anonymous_39)
FN:621,(anonymous_40)
FNF:41
FNH:36
FNDA:35,(anonymous_0)
FNDA:35,(anonymous_1)
FNDA:140,(anonymous_2)
FNDA:35,(anonymous_3)
FNDA:35,(anonymous_4)
FNDA:0,(anonymous_5)
FNDA:35,(anonymous_6)
FNDA:0,(anonymous_7)
FNDA:0,(anonymous_8)
FNDA:10,(anonymous_9)
FNDA:10,(anonymous_10)
FNDA:16,(anonymous_11)
FNDA:27,(anonymous_12)
FNDA:10,(anonymous_13)
FNDA:12,(anonymous_14)
FNDA:22,(anonymous_15)
FNDA:27,(anonymous_16)
FNDA:1,(anonymous_17)
FNDA:4,(anonymous_18)
FNDA:6,(anonymous_19)
FNDA:7,(anonymous_20)
FNDA:1,(anonymous_21)
FNDA:36,(anonymous_22)
FNDA:1,(anonymous_23)
FNDA:1,(anonymous_24)
FNDA:6,(anonymous_25)
FNDA:10,(anonymous_26)
FNDA:2,(anonymous_27)
FNDA:0,(anonymous_28)
FNDA:1,(anonymous_29)
FNDA:0,(anonymous_30)
FNDA:2,(anonymous_31)
FNDA:1,(anonymous_32)
FNDA:2,(anonymous_33)
FNDA:1,(anonymous_34)
FNDA:2,(anonymous_35)
FNDA:1,(anonymous_36)
FNDA:1,(anonymous_37)
FNDA:36,(anonymous_38)
FNDA:1,(anonymous_39)
FNDA:3,(anonymous_40)
DA:7,35
DA:8,35
DA:9,35
DA:10,35
DA:13,35
DA:14,35
DA:15,35
DA:16,35
DA:19,35
DA:20,35
DA:21,35
DA:22,35
DA:23,35
DA:26,35
DA:27,35
DA:28,35
DA:29,35
DA:30,35
DA:38,35
DA:39,35
DA:40,35
DA:41,35
DA:42,35
DA:45,35
DA:52,35
DA:56,35
DA:59,35
DA:62,35
DA:65,35
DA:66,140
DA:70,35
DA:72,35
DA:74,35
DA:79,35
DA:80,35
DA:86,35
DA:92,35
DA:93,35
DA:106,0
DA:107,0
DA:108,0
DA:109,0
DA:110,0
DA:111,0
DA:113,0
DA:116,0
DA:128,35
DA:129,0
DA:130,0
DA:135,35
DA:136,35
DA:137,0
DA:144,10
DA:146,10
DA:149,10
DA:150,0
DA:151,0
DA:154,10
DA:155,10
DA:157,10
DA:160,10
DA:169,10
DA:172,10
DA:173,10
DA:176,10
DA:179,10
DA:180,10
DA:181,10
DA:184,10
DA:188,10
DA:189,10
DA:191,10
DA:207,16
DA:209,16
DA:210,16
DA:212,16
DA:216,16
DA:218,1
DA:220,11
DA:222,3
DA:224,1
DA:226,0
DA:231,27
DA:237,27
DA:241,10
DA:242,10
DA:251,12
DA:252,12
DA:253,12
DA:254,12
DA:255,12
DA:257,12
DA:290,22
DA:291,22
DA:292,22
DA:295,22
DA:296,0
DA:297,0
DA:298,0
DA:302,22
DA:305,22
DA:306,22
DA:308,22
DA:309,7
DA:311,7
DA:312,5
DA:313,1
DA:315,4
DA:319,7
DA:323,15
DA:324,5
DA:326,5
DA:327,5
DA:330,5
DA:331,1
DA:332,1
DA:335,4
DA:336,4
DA:341,5
DA:342,0
DA:345,10
DA:347,10
DA:348,10
DA:349,10
DA:350,10
DA:353,10
DA:354,1
DA:355,1
DA:358,0
DA:363,15
DA:364,15
DA:368,15
DA:372,27
DA:373,27
DA:376,27
DA:379,27
DA:382,27
DA:383,2
DA:386,27
DA:389,27
DA:390,13
DA:392,13
DA:393,1
DA:395,12
DA:404,12
DA:405,12
DA:413,1
DA:414,1
DA:415,1
DA:416,0
DA:418,1
DA:420,1
DA:424,1
DA:425,0
DA:426,0
DA:427,0
DA:428,0
DA:432,1
DA:437,4
DA:438,4
DA:440,4
DA:443,4
DA:445,4
DA:446,6
DA:447,6
DA:448,6
DA:452,4
DA:453,4
DA:454,7
DA:455,1
DA:459,4
DA:460,1
DA:464,4
DA:465,4
DA:466,4
DA:468,4
DA:473,36
DA:478,1
DA:479,1
DA:480,1
DA:481,1
DA:482,1
DA:483,1
DA:491,6
DA:492,6
DA:493,10
DA:495,9
DA:498,6
DA:504,2
DA:505,2
DA:508,2
DA:509,1
DA:510,1
DA:511,1
DA:518,0
DA:519,0
DA:527,1
DA:530,1
DA:531,0
DA:532,0
DA:533,0
DA:535,0
DA:543,2
DA:544,2
DA:547,2
DA:548,1
DA:549,1
DA:552,2
DA:553,2
DA:558,2
DA:559,2
DA:562,2
DA:563,1
DA:564,1
DA:567,2
DA:568,2
DA:574,2
DA:576,2
DA:577,1
DA:579,1
DA:585,1
DA:588,1
DA:589,1
DA:590,1
DA:591,1
DA:593,1
DA:594,1
DA:595,1
DA:603,36
DA:604,36
DA:605,36
DA:606,36
DA:607,36
DA:608,36
DA:610,36
DA:611,36
DA:617,1
DA:622,3
DA:623,3
DA:624,2
DA:631,2
DA:632,2
DA:633,2
DA:640,1
LF:244
LH:214
BRDA:79,0,0,35
BRDA:79,0,1,0
BRDA:79,1,0,35
BRDA:79,1,1,35
BRDA:92,2,0,35
BRDA:92,2,1,0
BRDA:108,3,0,0
BRDA:108,3,1,0
BRDA:110,4,0,0
BRDA:110,4,1,0
BRDA:129,5,0,0
BRDA:129,5,1,0
BRDA:135,6,0,35
BRDA:135,6,1,0
BRDA:149,7,0,0
BRDA:149,7,1,10
BRDA:149,8,0,10
BRDA:149,8,1,10
BRDA:149,8,2,10
BRDA:149,8,3,10
BRDA:172,9,0,10
BRDA:172,9,1,0
BRDA:209,10,0,16
BRDA:209,10,1,0
BRDA:216,11,0,1
BRDA:216,11,1,11
BRDA:216,11,2,3
BRDA:216,11,3,1
BRDA:216,11,4,0
BRDA:237,12,0,27
BRDA:237,12,1,1
BRDA:252,13,0,12
BRDA:252,13,1,9
BRDA:253,14,0,12
BRDA:253,14,1,5
BRDA:254,15,0,12
BRDA:254,15,1,7
BRDA:255,16,0,12
BRDA:255,16,1,7
BRDA:282,17,0,12
BRDA:282,17,1,9
BRDA:295,18,0,0
BRDA:295,18,1,22
BRDA:308,19,0,7
BRDA:308,19,1,15
BRDA:311,20,0,5
BRDA:311,20,1,2
BRDA:312,21,0,1
BRDA:312,21,1,4
BRDA:312,22,0,5
BRDA:312,22,1,1
BRDA:323,23,0,5
BRDA:323,23,1,10
BRDA:330,24,0,1
BRDA:330,24,1,4
BRDA:330,25,0,5
BRDA:330,25,1,1
BRDA:331,26,0,1
BRDA:331,26,1,0
BRDA:335,27,0,4
BRDA:335,27,1,0
BRDA:341,28,0,0
BRDA:341,28,1,5
BRDA:348,29,0,10
BRDA:348,29,1,0
BRDA:353,30,0,1
BRDA:353,30,1,9
BRDA:353,31,0,10
BRDA:353,31,1,1
BRDA:363,32,0,15
BRDA:363,32,1,0
BRDA:376,33,0,27
BRDA:376,33,1,14
BRDA:382,34,0,2
BRDA:382,34,1,25
BRDA:389,35,0,13
BRDA:389,35,1,14
BRDA:392,36,0,1
BRDA:392,36,1,12
BRDA:413,37,0,1
BRDA:413,37,1,0
BRDA:415,38,0,0
BRDA:415,38,1,1
BRDA:415,39,0,1
BRDA:415,39,1,0
BRDA:424,40,0,0
BRDA:424,40,1,1
BRDA:454,41,0,1
BRDA:454,41,1,6
BRDA:480,42,0,1
BRDA:480,42,1,0
BRDA:480,43,0,1
BRDA:480,43,1,1
BRDA:482,44,0,1
BRDA:482,44,1,0
BRDA:493,45,0,9
BRDA:493,45,1,1
BRDA:493,46,0,10
BRDA:493,46,1,10
BRDA:508,47,0,1
BRDA:508,47,1,1
BRDA:508,48,0,2
BRDA:508,48,1,1
BRDA:510,49,0,1
BRDA:510,49,1,0
BRDA:510,50,0,1
BRDA:510,50,1,1
BRDA:518,51,0,0
BRDA:518,51,1,0
BRDA:531,52,0,0
BRDA:531,52,1,0
BRDA:532,53,0,0
BRDA:532,53,1,0
BRDA:543,54,0,2
BRDA:543,54,1,0
BRDA:543,55,0,2
BRDA:543,55,1,2
BRDA:558,56,0,2
BRDA:558,56,1,0
BRDA:558,57,0,2
BRDA:558,57,1,2
BRDA:576,58,0,1
BRDA:576,58,1,1
BRDA:589,59,0,1
BRDA:589,59,1,0
BRDA:594,60,0,1
BRDA:594,60,1,0
BRDA:610,61,0,36
BRDA:610,61,1,0
BRDA:623,62,0,2
BRDA:623,62,1,1
BRDA:632,63,0,2
BRDA:632,63,1,0
BRF:133
BRH:95
end_of_record
TN:
SF:web/static/js/scenario-builder.js
FN:3,(anonymous_0)
FN:18,(anonymous_1)
FN:25,(anonymous_2)
FN:46,(anonymous_3)
FN:69,(anonymous_4)
FN:122,(anonymous_5)
FN:124,(anonymous_6)
FN:129,(anonymous_7)
FN:130,(anonymous_8)
FN:131,(anonymous_9)
FN:140,(anonymous_10)
FN:148,(anonymous_11)
FN:154,(anonymous_12)
FN:155,(anonymous_13)
FN:161,(anonymous_14)
FN:168,(anonymous_15)
FN:172,(anonymous_16)
FN:182,(anonymous_17)
FN:190,(anonymous_18)
FN:200,(anonymous_19)
FN:202,(anonymous_20)
FN:217,(anonymous_21)
FN:223,(anonymous_22)
FN:249,(anonymous_23)
FN:278,(anonymous_24)
FN:293,(anonymous_25)
FN:339,(anonymous_26)
FN:355,(anonymous_27)
FN:371,(anonymous_28)
FN:372,(anonymous_29)
FN:380,(anonymous_30)
FN:389,(anonymous_31)
FN:404,(anonymous_32)
FN:406,(anonymous_33)
FN:409,(anonymous_34)
FN:418,(anonymous_35)
FN:420,(anonymous_36)
FN:430,(anonymous_37)
FN:436,(anonymous_38)
FN:440,(anonymous_39)
FN:450,(anonymous_40)
FN:458,(anonymous_41)
FN:472,(anonymous_42)
FN:498,(anonymous_43)
FN:500,(anonymous_44)
FN:505,(anonymous_45)
FN:510,(anonymous_46)
FN:518,(anonymous_47)
FN:526,(anonymous_48)
FN:554,(anonymous_49)
FN:568,(anonymous_50)
FN:569,(anonymous_51)
FN:575,(anonymous_52)
FN:596,(anonymous_53)
FN:598,(anonymous_54)
FN:608,(anonymous_55)
FN:625,(anonymous_56)
FN:648,(anonymous_57)
FN:651,(anonymous_58)
FN:660,(anonymous_59)
FN:667,(anonymous_60)
FN:673,(anonymous_61)
FN:681,(anonymous_62)
FN:690,(anonymous_63)
FN:717,(anonymous_64)
FN:744,(anonymous_65)
FNF:66
FNH:48
FNDA:40,(anonymous_0)
FNDA:40,(anonymous_1)
FNDA:42,(anonymous_2)
FNDA:55,(anonymous_3)
FNDA:56,(anonymous_4)
FNDA:40,(anonymous_5)
FNDA:0,(anonymous_6)
FNDA:80,(anonymous_7)
FNDA:0,(anonymous_8)
FNDA:0,(anonymous_9)
FNDA:0,(anonymous_10)
FNDA:0,(anonymous_11)
FNDA:40,(anonymous_12)
FNDA:0,(anonymous_13)
FNDA:0,(anonymous_14)
FNDA:57,(anonymous_15)
FNDA:281,(anonymous_16)
FNDA:0,(anonymous_17)
FNDA:288,(anonymous_18)
FNDA:1,(anonymous_19)
FNDA:2,(anonymous_20)
FNDA:0,(anonymous_21)
FNDA:1,(anonymous_22)
FNDA:1,(anonymous_23)
FNDA:6,(anonymous_24)
FNDA:1,(anonymous_25)
FNDA:1,(anonymous_26)
FNDA:6,(anonymous_27)
FNDA:1,(anonymous_28)
FNDA:2,(anonymous_29)
FNDA:3,(anonymous_30)
FNDA:0,(anonymous_31)
FNDA:1,(anonymous_32)
FNDA:1,(anonymous_33)
FNDA:1,(anonymous_34)
FNDA:1,(anonymous_35)
FNDA:2,(anonymous_36)
FNDA:2,(anonymous_37)
FNDA:5,(anonymous_38)
FNDA:2,(anonymous_39)
FNDA:0,(anonymous_40)
FNDA:1,(anonymous_41)
FNDA:1,(anonymous_42)
FNDA:147,(anonymous_43)
FNDA:0,(anonymous_44)
FNDA:3,(anonymous_45)
FNDA:0,(anonymous_46)
FNDA:0,(anonymous_47)
FNDA:3,(anonymous_48)
FNDA:2,(anonymous_49)
FNDA:2,(anonymous_50)
FNDA:1,(anonymous_51)
FNDA:1,(anonymous_52)
FNDA:1,(anonymous_53)
FNDA:0,(anonymous_54)
FNDA:0,(anonymous_55)
FNDA:0,(anonymous_56)
FNDA:1,(anonymous_57)
FNDA:1,(anonymous_58)
FNDA:2,(anonymous_59)
FNDA:1,(anonymous_60)
FNDA:1,(anonymous_61)
FNDA:3,(anonymous_62)
FNDA:2,(anonymous_63)
FNDA:1,(anonymous_64)
FNDA:0,(anonymous_65)
DA:4,40
DA:5,40
DA:6,40
DA:7,40
DA:8,40
DA:9,40
DA:10,40
DA:11,40
DA:12,40
DA:13,40
DA:15,40
DA:19,40
DA:20,40
DA:21,40
DA:22,40
DA:26,42
DA:27,1
DA:28,1
DA:32,41
DA:35,41
DA:41,41
DA:43,41
DA:47,55
DA:49,55
DA:50,54
DA:51,1
DA:52,1
DA:55,1
DA:56,1
DA:57,1
DA:59,2
DA:61,53
DA:62,53
DA:63,53
DA:64,53
DA:71,56
DA:72,56
DA:124,40
DA:125,0
DA:129,40
DA:130,80
DA:131,0
DA:132,0
DA:133,0
DA:138,40
DA:139,40
DA:140,40
DA:141,0
DA:146,40
DA:147,40
DA:148,40
DA:149,0
DA:154,40
DA:155,40
DA:156,0
DA:161,40
DA:162,0
DA:163,0
DA:169,57
DA:170,57
DA:172,57
DA:173,281
DA:174,281
DA:175,281
DA:182,281
DA:183,0
DA:186,281
DA:191,288
DA:197,288
DA:202,1
DA:203,2
DA:207,1
DA:210,1
DA:213,1
DA:216,1
DA:217,1
DA:218,0
DA:224,1
DA:226,0
DA:237,0
DA:240,0
DA:244,0
DA:245,0
DA:246,0
DA:250,1
DA:251,1
DA:254,1
DA:255,1
DA:257,1
DA:259,1
DA:260,1
DA:263,1
DA:269,1
DA:273,1
DA:275,1
DA:279,6
DA:286,6
DA:287,6
DA:288,6
DA:290,6
DA:294,1
DA:295,1
DA:296,1
DA:297,1
DA:298,1
DA:299,1
DA:301,1
DA:302,1
DA:303,1
DA:307,0
DA:324,0
DA:325,0
DA:328,0
DA:331,0
DA:332,0
DA:335,0
DA:336,0
DA:340,1
DA:341,1
DA:345,1
DA:352,1
DA:356,6
DA:363,6
DA:372,1
DA:373,2
DA:375,1
DA:376,1
DA:377,1
DA:381,3
DA:382,3
DA:384,3
DA:385,3
DA:386,3
DA:389,0
DA:390,0
DA:391,0
DA:392,0
DA:400,0
DA:406,1
DA:407,1
DA:408,1
DA:409,1
DA:413,1
DA:414,1
DA:415,1
DA:419,1
DA:420,1
DA:421,2
DA:422,2
DA:423,1
DA:425,1
DA:431,2
DA:432,1
DA:433,1
DA:436,5
DA:437,1
DA:438,1
DA:440,1
DA:441,2
DA:442,2
DA:443,2
DA:450,2
DA:451,0
DA:454,2
DA:459,1
DA:460,1
DA:461,1
DA:463,1
DA:472,1
DA:495,1
DA:499,147
DA:500,147
DA:501,0
DA:506,3
DA:507,3
DA:508,1
DA:509,1
DA:510,1
DA:511,0
DA:514,2
DA:515,2
DA:516,2
DA:517,2
DA:518,2
DA:519,0
DA:520,0
DA:527,3
DA:529,2
DA:532,2
DA:542,2
DA:543,1
DA:548,1
DA:551,2
DA:555,2
DA:556,1
DA:557,1
DA:561,1
DA:564,1
DA:565,1
DA:569,2
DA:570,1
DA:572,2
DA:576,1
DA:577,1
DA:578,1
DA:581,0
DA:582,0
DA:583,0
DA:585,0
DA:586,0
DA:587,0
DA:588,0
DA:589,0
DA:590,0
DA:591,0
DA:593,0
DA:597,1
DA:598,1
DA:599,0
DA:601,0
DA:602,0
DA:605,0
DA:606,0
DA:608,0
DA:609,0
DA:610,0
DA:611,0
DA:612,0
DA:613,0
DA:614,0
DA:615,0
DA:616,0
DA:617,0
DA:618,0
DA:622,0
DA:625,0
DA:637,0
DA:638,0
DA:641,0
DA:642,0
DA:645,1
DA:649,1
DA:650,1
DA:651,1
DA:652,1
DA:654,1
DA:655,1
DA:656,1
DA:661,2
DA:662,1
DA:663,1
DA:667,1
DA:668,1
DA:670,1
DA:674,1
DA:681,1
DA:682,3
DA:683,3
DA:687,1
DA:691,2
DA:693,2
DA:694,1
DA:698,2
DA:699,2
DA:700,1
DA:701,1
DA:703,1
DA:708,1
DA:709,1
DA:714,2
DA:719,1
DA:744,1
DA:745,0
DA:749,1
DA:750,1
LF:275
LH:206
BRDA:26,0,0,1
BRDA:26,0,1,41
BRDA:50,1,0,1
BRDA:50,1,1,1
BRDA:139,2,0,40
BRDA:139,2,1,0
BRDA:147,3,0,40
BRDA:147,3,1,0
BRDA:162,4,0,0
BRDA:162,4,1,0
BRDA:197,5,0,288
BRDA:197,5,1,2
BRDA:216,6,0,1
BRDA:216,6,1,0
BRDA:224,7,0,1
BRDA:224,7,1,0
BRDA:232,8,0,0
BRDA:232,8,1,0
BRDA:270,9,0,1
BRDA:270,9,1,0
BRDA:286,10,0,6
BRDA:286,10,1,1
BRDA:301,11,0,1
BRDA:301,11,1,0
BRDA:301,12,0,1
BRDA:301,12,1,0
BRDA:365,13,0,6
BRDA:365,13,1,1
BRDA:384,14,0,3
BRDA:384,14,1,0
BRDA:407,15,0,1
BRDA:407,15,1,0
BRDA:422,16,0,1
BRDA:422,16,1,1
BRDA:431,17,0,1
BRDA:431,17,1,1
BRDA:459,18,0,1
BRDA:459,18,1,0
BRDA:460,19,0,1
BRDA:460,19,1,0
BRDA:461,20,0,1
BRDA:461,20,1,0
BRDA:507,21,0,1
BRDA:507,21,1,2
BRDA:519,22,0,0
BRDA:519,22,1,0
BRDA:527,23,0,1
BRDA:527,23,1,2
BRDA:542,24,0,1
BRDA:542,24,1,1
BRDA:555,25,0,1
BRDA:555,25,1,1
BRDA:576,26,0,1
BRDA:576,26,1,0
BRDA:587,27,0,0
BRDA:587,27,1,0
BRDA:610,28,0,0
BRDA:610,28,1,0
BRDA:611,29,0,0
BRDA:611,29,1,0
BRDA:613,30,0,0
BRDA:613,30,1,0
BRDA:614,31,0,0
BRDA:614,31,1,0
BRDA:615,32,0,0
BRDA:615,32,1,0
BRDA:616,33,0,0
BRDA:616,33,1,0
BRDA:617,34,0,0
BRDA:617,34,1,0
BRDA:618,35,0,0
BRDA:618,35,1,0
BRDA:622,36,0,0
BRDA:622,36,1,0
BRDA:649,37,0,1
BRDA:649,37,1,0
BRDA:661,38,0,1
BRDA:661,38,1,1
BRDA:682,39,0,3
BRDA:682,39,1,0
BRDA:693,40,0,1
BRDA:693,40,1,1
BRDA:708,41,0,1
BRDA:708,41,1,0
BRDA:749,42,0,1
BRDA:749,42,1,0
BRDA:749,43,0,1
BRDA:749,43,1,1
BRF:88
BRH:45
end_of_record
