TN:
SF:web/static/js/data-streamer.js
FN:6,(anonymous_0)
FN:69,(anonymous_1)
FN:77,(anonymous_2)
FN:84,(anonymous_3)
FN:90,(anonymous_4)
FN:94,(anonymous_5)
FN:98,(anonymous_6)
FN:103,(anonymous_7)
FN:109,(anonymous_8)
FN:116,(anonymous_9)
FN:131,(anonymous_10)
FN:140,(anonymous_11)
FN:153,(anonymous_12)
FN:166,(anonymous_13)
FN:173,(anonymous_14)
FN:178,(anonymous_15)
FN:182,(anonymous_16)
FN:187,(anonymous_17)
FN:198,(anonymous_18)
FN:204,(anonymous_19)
FN:209,(anonymous_20)
FN:213,(anonymous_21)
FN:219,(anonymous_22)
FN:223,(anonymous_23)
FN:233,(anonymous_24)
FN:237,(anonymous_25)
FN:241,(anonymous_26)
FN:262,(anonymous_27)
FN:278,(anonymous_28)
FN:291,(anonymous_29)
FN:297,(anonymous_30)
FN:302,(anonymous_31)
FN:303,(anonymous_32)
FN:310,(anonymous_33)
FN:317,(anonymous_34)
FN:329,(anonymous_35)
FN:341,(anonymous_36)
FN:376,(anonymous_37)
FN:401,(anonymous_38)
FN:406,(anonymous_39)
FN:433,(anonymous_40)
FN:442,(anonymous_41)
FN:455,(anonymous_42)
FN:467,(anonymous_43)
FN:474,(anonymous_44)
FN:483,(anonymous_45)
FN:496,(anonymous_46)
FN:517,(anonymous_47)
FN:519,(anonymous_48)
FN:522,(anonymous_49)
FN:524,(anonymous_50)
FN:544,(anonymous_51)
FN:552,(anonymous_52)
FN:559,(anonymous_53)
FN:581,(anonymous_54)
FN:604,(anonymous_55)
FN:614,(anonymous_56)
FN:625,(anonymous_57)
FN:648,(anonymous_58)
FN:658,(anonymous_59)
FN:660,(anonymous_60)
FN:665,(anonymous_61)
FNF:62
FNH:47
FNDA:38,(anonymous_0)
FNDA:0,(anonymous_1)
FNDA:5,(anonymous_2)
FNDA:7,(anonymous_3)
FNDA:1,(anonymous_4)
FNDA:0,(anonymous_5)
FNDA:0,(anonymous_6)
FNDA:0,(anonymous_7)
FNDA:0,(anonymous_8)
FNDA:38,(anonymous_9)
FNDA:21,(anonymous_10)
FNDA:0,(anonymous_11)
FNDA:0,(anonymous_12)
FNDA:16,(anonymous_13)
FNDA:8,(anonymous_14)
FNDA:2,(anonymous_15)
FNDA:1,(anonymous_16)
FNDA:4,(anonymous_17)
FNDA:5,(anonymous_18)
FNDA:2,(anonymous_19)
FNDA:1,(anonymous_20)
FNDA:0,(anonymous_21)
FNDA:0,(anonymous_22)
FNDA:0,(anonymous_23)
FNDA:0,(anonymous_24)
FNDA:0,(anonymous_25)
FNDA:10,(anonymous_26)
FNDA:1,(anonymous_27)
FNDA:4,(anonymous_28)
FNDA:3,(anonymous_29)
FNDA:1,(anonymous_30)
FNDA:8,(anonymous_31)
FNDA:1,(anonymous_32)
FNDA:40,(anonymous_33)
FNDA:10,(anonymous_34)
FNDA:2,(anonymous_35)
FNDA:5,(anonymous_36)
FNDA:10,(anonymous_37)
FNDA:9,(anonymous_38)
FNDA:2,(anonymous_39)
FNDA:1,(anonymous_40)
FNDA:2,(anonymous_41)
FNDA:2,(anonymous_42)
FNDA:1,(anonymous_43)
FNDA:5,(anonymous_44)
FNDA:8,(anonymous_45)
FNDA:7,(anonymous_46)
FNDA:11,(anonymous_47)
FNDA:17,(anonymous_48)
FNDA:58,(anonymous_49)
FNDA:17,(anonymous_50)
FNDA:1,(anonymous_51)
FNDA:0,(anonymous_52)
FNDA:3,(anonymous_53)
FNDA:1,(anonymous_54)
FNDA:1,(anonymous_55)
FNDA:1,(anonymous_56)
FNDA:2,(anonymous_57)
FNDA:1,(anonymous_58)
FNDA:0,(anonymous_59)
FNDA:0,(anonymous_60)
FNDA:39,(anonymous_61)
DA:8,38
DA:17,38
DA:20,38
DA:21,38
DA:22,38
DA:25,38
DA:28,38
DA:38,38
DA:39,38
DA:40,38
DA:43,38
DA:44,38
DA:47,38
DA:48,38
DA:49,38
DA:50,38
DA:51,38
DA:54,38
DA:55,38
DA:58,38
DA:59,38
DA:60,38
DA:63,38
DA:64,38
DA:65,38
DA:66,38
DA:70,0
DA:71,0
DA:72,0
DA:73,0
DA:78,5
DA:79,5
DA:80,5
DA:85,7
DA:87,7
DA:91,1
DA:95,0
DA:99,0
DA:104,0
DA:105,0
DA:110,0
DA:111,0
DA:112,0
DA:118,38
DA:119,32
DA:120,32
DA:121,6
DA:122,6
DA:123,6
DA:125,0
DA:126,0
DA:127,0
DA:132,21
DA:133,0
DA:134,0
DA:137,21
DA:140,21
DA:141,0
DA:142,0
DA:146,21
DA:147,16
DA:148,5
DA:149,5
DA:154,0
DA:155,0
DA:156,0
DA:158,0
DA:159,0
DA:161,0
DA:162,0
DA:167,16
DA:168,16
DA:170,16
DA:171,16
DA:173,16
DA:174,8
DA:175,8
DA:178,16
DA:179,2
DA:182,16
DA:183,1
DA:184,1
DA:187,16
DA:188,4
DA:189,4
DA:193,0
DA:194,0
DA:199,5
DA:201,5
DA:202,5
DA:204,5
DA:205,2
DA:206,2
DA:209,5
DA:210,1
DA:213,5
DA:214,0
DA:215,0
DA:219,5
DA:220,0
DA:223,5
DA:224,0
DA:228,0
DA:229,0
DA:234,0
DA:235,0
DA:236,0
DA:237,0
DA:242,10
DA:243,10
DA:246,10
DA:247,10
DA:248,10
DA:251,10
DA:254,10
DA:255,8
DA:259,10
DA:263,1
DA:264,1
DA:265,1
DA:266,1
DA:269,1
DA:270,1
DA:271,1
DA:273,0
DA:274,0
DA:279,4
DA:280,4
DA:281,4
DA:283,4
DA:284,2
DA:286,2
DA:287,2
DA:292,3
DA:294,3
DA:295,3
DA:297,3
DA:298,1
DA:303,8
DA:304,1
DA:305,1
DA:311,40
DA:312,8
DA:313,8
DA:318,10
DA:319,8
DA:325,2
DA:330,2
DA:331,2
DA:332,2
DA:333,1
DA:334,1
DA:337,1
DA:342,5
DA:344,5
DA:346,5
DA:347,5
DA:350,5
DA:352,5
DA:353,5
DA:357,5
DA:358,5
DA:360,0
DA:364,4
DA:367,4
DA:368,4
DA:371,1
DA:377,10
DA:379,6
DA:380,6
DA:382,1
DA:383,1
DA:385,1
DA:387,1
DA:388,1
DA:391,2
DA:392,0
DA:393,2
DA:394,1
DA:396,1
DA:402,9
DA:405,9
DA:406,2
DA:409,9
DA:412,9
DA:413,9
DA:415,0
DA:418,9
DA:421,9
DA:427,9
DA:430,7
DA:433,2
DA:434,1
DA:435,1
DA:443,2
DA:444,1
DA:445,1
DA:446,1
DA:447,1
DA:450,1
DA:451,1
DA:456,2
DA:457,2
DA:458,3
DA:459,1
DA:461,2
DA:464,2
DA:468,1
DA:469,1
DA:470,1
DA:476,5
DA:477,4
DA:479,1
DA:484,8
DA:486,8
DA:487,8
DA:490,8
DA:491,8
DA:492,8
DA:495,8
DA:496,7
DA:497,7
DA:498,7
DA:499,7
DA:501,0
DA:508,8
DA:509,7
DA:510,7
DA:512,0
DA:518,11
DA:519,17
DA:524,58
DA:525,17
DA:526,17
DA:527,17
DA:529,0
DA:535,58
DA:536,17
DA:537,17
DA:539,0
DA:545,1
DA:546,1
DA:547,0
DA:548,0
DA:553,0
DA:554,0
DA:560,3
DA:561,1
DA:567,2
DA:573,2
DA:574,1
DA:577,1
DA:582,1
DA:583,1
DA:589,0
DA:595,0
DA:596,0
DA:599,0
DA:605,1
DA:606,1
DA:615,1
DA:616,1
DA:626,2
DA:629,2
DA:630,2
DA:633,2
DA:634,0
DA:637,2
DA:640,2
DA:643,2
DA:644,0
DA:649,1
DA:660,0
DA:661,0
DA:666,39
DA:668,39
DA:671,39
DA:672,13
DA:673,13
DA:676,39
DA:677,5
DA:678,5
DA:682,39
DA:684,39
DA:685,3
DA:686,3
DA:689,39
DA:690,1
DA:691,1
DA:694,39
DA:695,9
DA:696,9
DA:700,39
DA:702,39
DA:707,1
LF:295
LH:237
BRDA:6,0,0,37
BRDA:79,1,0,5
BRDA:79,1,1,0
BRDA:104,2,0,0
BRDA:104,2,1,0
BRDA:111,3,0,0
BRDA:111,3,1,0
BRDA:118,4,0,32
BRDA:118,4,1,6
BRDA:121,5,0,6
BRDA:121,5,1,0
BRDA:132,6,0,0
BRDA:132,6,1,21
BRDA:141,7,0,0
BRDA:141,7,1,0
BRDA:146,8,0,16
BRDA:146,8,1,5
BRDA:148,9,0,5
BRDA:148,9,1,0
BRDA:158,10,0,0
BRDA:158,10,1,0
BRDA:167,11,0,0
BRDA:167,11,1,16
BRDA:234,12,0,0
BRDA:234,12,1,0
BRDA:246,13,0,10
BRDA:246,13,1,0
BRDA:254,14,0,8
BRDA:254,14,1,2
BRDA:269,15,0,1
BRDA:269,15,1,0
BRDA:283,16,0,2
BRDA:283,16,1,2
BRDA:304,17,0,1
BRDA:304,17,1,0
BRDA:304,18,0,1
BRDA:304,18,1,1
BRDA:311,19,0,8
BRDA:311,19,1,32
BRDA:318,20,0,8
BRDA:318,20,1,2
BRDA:318,21,0,10
BRDA:318,21,1,8
BRDA:332,22,0,1
BRDA:332,22,1,0
BRDA:352,23,0,5
BRDA:352,23,1,0
BRDA:357,24,0,5
BRDA:357,24,1,0
BRDA:377,25,0,6
BRDA:377,25,1,1
BRDA:377,25,2,1
BRDA:377,25,3,2
BRDA:382,26,0,1
BRDA:382,26,1,0
BRDA:391,27,0,0
BRDA:391,27,1,2
BRDA:393,28,0,1
BRDA:393,28,1,1
BRDA:402,29,0,0
BRDA:402,29,1,9
BRDA:402,30,0,9
BRDA:402,30,1,9
BRDA:405,31,0,2
BRDA:405,31,1,7
BRDA:412,32,0,9
BRDA:412,32,1,0
BRDA:413,33,0,0
BRDA:413,33,1,9
BRDA:418,34,0,9
BRDA:418,34,1,9
BRDA:421,35,0,9
BRDA:421,35,1,9
BRDA:421,35,2,9
BRDA:421,35,3,9
BRDA:427,36,0,7
BRDA:427,36,1,2
BRDA:427,37,0,9
BRDA:427,37,1,9
BRDA:443,38,0,1
BRDA:443,38,1,1
BRDA:443,39,0,2
BRDA:443,39,1,1
BRDA:458,40,0,1
BRDA:458,40,1,2
BRDA:458,41,0,3
BRDA:458,41,1,3
BRDA:458,41,2,1
BRDA:459,42,0,1
BRDA:459,42,1,0
BRDA:468,43,0,1
BRDA:468,43,1,0
BRDA:476,44,0,4
BRDA:476,44,1,1
BRDA:484,45,0,0
BRDA:484,45,1,8
BRDA:495,46,0,7
BRDA:495,46,1,1
BRDA:495,47,0,8
BRDA:495,47,1,8
BRDA:497,48,0,7
BRDA:497,48,1,0
BRDA:508,49,0,7
BRDA:508,49,1,1
BRDA:508,50,0,8
BRDA:508,50,1,7
BRDA:525,51,0,17
BRDA:525,51,1,0
BRDA:535,52,0,17
BRDA:535,52,1,41
BRDA:545,53,0,1
BRDA:545,53,1,0
BRDA:545,54,0,1
BRDA:545,54,1,1
BRDA:547,55,0,0
BRDA:547,55,1,0
BRDA:553,56,0,0
BRDA:553,56,1,0
BRDA:560,57,0,1
BRDA:560,57,1,2
BRDA:560,58,0,3
BRDA:560,58,1,3
BRDA:560,58,2,1
BRDA:573,59,0,1
BRDA:573,59,1,1
BRDA:582,60,0,1
BRDA:582,60,1,0
BRDA:582,61,0,1
BRDA:582,61,1,1
BRDA:582,61,2,1
BRDA:595,62,0,0
BRDA:595,62,1,0
BRDA:605,63,0,1
BRDA:605,63,1,0
BRDA:605,64,0,1
BRDA:605,64,1,1
BRDA:605,64,2,1
BRDA:615,65,0,1
BRDA:615,65,1,0
BRDA:615,66,0,1
BRDA:615,66,1,1
BRDA:615,66,2,1
BRDA:633,67,0,0
BRDA:633,67,1,2
BRDA:633,68,0,2
BRDA:633,68,1,0
BRDA:643,69,0,0
BRDA:643,69,1,2
BRDA:671,70,0,13
BRDA:671,70,1,26
BRDA:676,71,0,5
BRDA:676,71,1,34
BRDA:684,72,0,3
BRDA:684,72,1,36
BRDA:689,73,0,1
BRDA:689,73,1,38
BRDA:694,74,0,9
BRDA:694,74,1,30
BRF:158
BRH:114
end_of_record
TN:
SF:web/static/js/map-engine.js
FN:6,(anonymous_0)
FN:53,(anonymous_1)
FN:93,(anonymous_2)
FN:119,(anonymous_3)
FN:138,(anonymous_4)
FN:149,(anonymous_5)
FN:159,(anonymous_6)
FN:166,(anonymous_7)
FN:168,(anonymous_8)
FN:173,(anonymous_9)
FN:179,(anonymous_10)
FN:186,(anonymous_11)
FN:191,(anonymous_12)
FN:197,(anonymous_13)
FN:207,(anonymous_14)
FN:211,(anonymous_15)
FN:218,(anonymous_16)
FN:231,(anonymous_17)
FN:244,(anonymous_18)
FN:257,(anonymous_19)
FN:260,(anonymous_20)
FN:271,(anonymous_21)
FN:283,(anonymous_22)
FN:293,(anonymous_23)
FN:305,(anonymous_24)
FN:314,(anonymous_25)
FN:322,(anonymous_26)
FN:330,(anonymous_27)
FN:338,(anonymous_28)
FN:346,(anonymous_29)
FN:354,(anonymous_30)
FN:362,(anonymous_31)
FN:372,(anonymous_32)
FN:382,(anonymous_33)
FN:392,(anonymous_34)
FN:402,(anonymous_35)
FN:410,(anonymous_36)
FN:418,(anonymous_37)
FN:425,(anonymous_38)
FN:433,(anonymous_39)
FN:441,(anonymous_40)
FN:449,(anonymous_41)
FN:465,(anonymous_42)
FN:472,(anonymous_43)
FN:481,(anonymous_44)
FN:494,(anonymous_45)
FN:502,(anonymous_46)
FN:510,(anonymous_47)
FN:522,(anonymous_48)
FN:532,(anonymous_49)
FN:542,(anonymous_50)
FN:544,executedFunction
FN:545,(anonymous_52)
FN:558,(anonymous_53)
FN:570,(anonymous_54)
FN:581,(anonymous_55)
FN:596,(anonymous_56)
FN:623,(anonymous_57)
FN:632,(anonymous_58)
FN:641,(anonymous_59)
FN:661,(anonymous_60)
FN:676,(anonymous_61)
FNF:62
FNH:33
FNDA:37,(anonymous_0)
FNDA:36,(anonymous_1)
FNDA:33,(anonymous_2)
FNDA:33,(anonymous_3)
FNDA:0,(anonymous_4)
FNDA:0,(anonymous_5)
FNDA:0,(anonymous_6)
FNDA:33,(anonymous_7)
FNDA:1,(anonymous_8)
FNDA:0,(anonymous_9)
FNDA:1,(anonymous_10)
FNDA:0,(anonymous_11)
FNDA:0,(anonymous_12)
FNDA:0,(anonymous_13)
FNDA:0,(anonymous_14)
FNDA:0,(anonymous_15)
FNDA:34,(anonymous_16)
FNDA:3,(anonymous_17)
FNDA:0,(anonymous_18)
FNDA:0,(anonymous_19)
FNDA:0,(anonymous_20)
FNDA:0,(anonymous_21)
FNDA:0,(anonymous_22)
FNDA:6,(anonymous_23)
FNDA:1,(anonymous_24)
FNDA:1,(anonymous_25)
FNDA:1,(anonymous_26)
FNDA:2,(anonymous_27)
FNDA:0,(anonymous_28)
FNDA:0,(anonymous_29)
FNDA:1,(anonymous_30)
FNDA:1,(anonymous_31)
FNDA:1,(anonymous_32)
FNDA:1,(anonymous_33)
FNDA:1,(anonymous_34)
FNDA:1,(anonymous_35)
FNDA:1,(anonymous_36)
FNDA:1,(anonymous_37)
FNDA:1,(anonymous_38)
FNDA:2,(anonymous_39)
FNDA:0,(anonymous_40)
FNDA:5,(anonymous_41)
FNDA:0,(anonymous_42)
FNDA:1,(anonymous_43)
FNDA:0,(anonymous_44)
FNDA:0,(anonymous_45)
FNDA:0,(anonymous_46)
FNDA:0,(anonymous_47)
FNDA:0,(anonymous_48)
FNDA:0,(anonymous_49)
FNDA:0,(anonymous_50)
FNDA:0,executedFunction
FNDA:0,(anonymous_52)
FNDA:1,(anonymous_53)
FNDA:1,(anonymous_54)
FNDA:7,(anonymous_55)
FNDA:39,(anonymous_56)
FNDA:1,(anonymous_57)
FNDA:1,(anonymous_58)
FNDA:1,(anonymous_59)
FNDA:0,(anonymous_60)
FNDA:0,(anonymous_61)
DA:7,37
DA:8,37
DA:25,37
DA:26,37
DA:27,37
DA:30,37
DA:31,37
DA:34,37
DA:35,37
DA:36,37
DA:37,37
DA:40,37
DA:47,37
DA:48,37
DA:55,36
DA:56,1
DA:60,35
DA:61,35
DA:62,1
DA:66,34
DA:69,33
DA:72,33
DA:75,33
DA:76,33
DA:79,33
DA:80,33
DA:83,33
DA:86,33
DA:88,33
DA:90,33
DA:95,33
DA:113,33
DA:116,33
DA:121,33
DA:135,33
DA:140,0
DA:143,0
DA:146,0
DA:150,0
DA:159,0
DA:160,0
DA:161,0
DA:168,33
DA:169,1
DA:170,1
DA:173,33
DA:174,0
DA:175,0
DA:179,33
DA:180,1
DA:181,1
DA:186,33
DA:187,0
DA:192,0
DA:196,0
DA:197,0
DA:198,0
DA:201,0
DA:208,0
DA:211,0
DA:212,0
DA:215,0
DA:219,34
DA:220,34
DA:232,3
DA:234,3
DA:235,3
DA:237,3
DA:245,0
DA:246,0
DA:247,0
DA:248,0
DA:250,0
DA:251,0
DA:253,0
DA:258,0
DA:259,0
DA:260,0
DA:261,0
DA:262,0
DA:263,0
DA:267,0
DA:272,0
DA:273,0
DA:274,0
DA:275,0
DA:276,0
DA:277,0
DA:284,0
DA:294,6
DA:295,2
DA:296,2
DA:306,1
DA:307,1
DA:315,1
DA:323,1
DA:331,2
DA:339,0
DA:347,0
DA:355,1
DA:363,1
DA:373,1
DA:383,1
DA:393,1
DA:403,1
DA:411,1
DA:419,1
DA:426,1
DA:434,2
DA:442,0
DA:450,5
DA:453,5
DA:466,0
DA:474,1
DA:476,1
DA:477,1
DA:481,1
DA:482,0
DA:483,0
DA:485,0
DA:495,0
DA:503,0
DA:511,0
DA:512,0
DA:513,0
DA:523,0
DA:524,0
DA:533,0
DA:544,0
DA:545,0
DA:546,0
DA:547,0
DA:549,0
DA:550,0
DA:559,1
DA:571,1
DA:572,1
DA:582,7
DA:583,2
DA:585,5
DA:586,1
DA:588,4
DA:589,1
DA:597,39
DA:599,33
DA:600,33
DA:601,33
DA:604,33
DA:605,33
DA:609,39
DA:610,39
DA:611,39
DA:612,39
DA:613,39
DA:615,39
DA:624,1
DA:633,1
DA:642,1
DA:643,1
DA:645,1
DA:646,1
DA:647,1
DA:648,1
DA:650,1
DA:662,0
DA:667,0
DA:668,0
DA:677,0
DA:681,0
DA:682,0
DA:687,1
LF:171
LH:104
BRDA:6,0,0,34
BRDA:55,1,0,1
BRDA:55,1,1,35
BRDA:61,2,0,1
BRDA:61,2,1,34
BRDA:180,3,0,1
BRDA:180,3,1,0
BRDA:180,4,0,1
BRDA:180,4,1,1
BRDA:231,5,0,3
BRDA:232,6,0,0
BRDA:232,6,1,3
BRDA:237,7,0,3
BRDA:237,7,1,3
BRDA:237,7,2,2
BRDA:237,7,3,1
BRDA:244,8,0,0
BRDA:246,9,0,0
BRDA:246,9,1,0
BRDA:247,10,0,0
BRDA:247,10,1,0
BRDA:259,11,0,0
BRDA:259,11,1,0
BRDA:261,12,0,0
BRDA:261,12,1,0
BRDA:273,13,0,0
BRDA:273,13,1,0
BRDA:274,14,0,0
BRDA:274,14,1,0
BRDA:274,15,0,0
BRDA:274,15,1,0
BRDA:276,16,0,0
BRDA:276,16,1,0
BRDA:276,17,0,0
BRDA:276,17,1,0
BRDA:284,18,0,0
BRDA:284,18,1,0
BRDA:293,19,0,5
BRDA:295,20,0,1
BRDA:295,20,1,1
BRDA:434,21,0,2
BRDA:434,21,1,1
BRDA:450,22,0,0
BRDA:450,22,1,5
BRDA:476,23,0,1
BRDA:476,23,1,0
BRDA:512,24,0,0
BRDA:512,24,1,0
BRDA:523,25,0,0
BRDA:523,25,1,0
BRDA:571,26,0,1
BRDA:571,26,1,0
BRDA:571,27,0,1
BRDA:571,27,1,1
BRDA:582,28,0,2
BRDA:582,28,1,5
BRDA:582,29,0,7
BRDA:582,29,1,6
BRDA:582,29,2,6
BRDA:582,29,3,5
BRDA:585,30,0,1
BRDA:585,30,1,4
BRDA:585,31,0,5
BRDA:585,31,1,5
BRDA:588,32,0,1
BRDA:588,32,1,3
BRDA:588,33,0,4
BRDA:588,33,1,4
BRDA:597,34,0,33
BRDA:597,34,1,6
BRDA:641,35,0,0
BRDA:643,36,0,0
BRDA:643,36,1,1
BRF:73
BRH:41
end_of_record
TN:
SF:web/static/js/performance-monitor.js
FN:6,(anonymous_0)
FN:38,(anonymous_1)
FN:46,(anonymous_2)
FN:58,(anonymous_3)
FN:65,(anonymous_4)
FN:66,(anonymous_5)
FN:89,(anonymous_6)
FN:90,(anonymous_7)
FN:96,(anonymous_8)
FN:124,(anonymous_9)
FN:140,(anonymous_10)
FN:144,(anonymous_11)
FN:155,(anonymous_12)
FN:163,(anonymous_13)
FN:179,(anonymous_14)
FN:203,(anonymous_15)
FN:217,(anonymous_16)
FN:222,(anonymous_17)
FN:231,(anonymous_18)
FN:234,(anonymous_19)
FN:235,(anonymous_20)
FN:236,(anonymous_21)
FN:242,(anonymous_22)
FN:265,(anonymous_23)
FN:288,(anonymous_24)
FN:308,(anonymous_25)
FN:331,(anonymous_26)
FN:351,(anonymous_27)
FN:370,(anonymous_28)
FN:377,(anonymous_29)
FN:382,(anonymous_30)
FN:386,(anonymous_31)
FN:400,(anonymous_32)
FN:404,(anonymous_33)
FN:408,(anonymous_34)
FN:424,(anonymous_35)
FNF:36
FNH:32
FNDA:25,(anonymous_0)
FNDA:25,(anonymous_1)
FNDA:25,(anonymous_2)
FNDA:175,(anonymous_3)
FNDA:25,(anonymous_4)
FNDA:0,(anonymous_5)
FNDA:25,(anonymous_6)
FNDA:0,(anonymous_7)
FNDA:2,(anonymous_8)
FNDA:4,(anonymous_9)
FNDA:2,(anonymous_10)
FNDA:2,(anonymous_11)
FNDA:61,(anonymous_12)
FNDA:2,(anonymous_13)
FNDA:4,(anonymous_14)
FNDA:1,(anonymous_15)
FNDA:2,(anonymous_16)
FNDA:3,(anonymous_17)
FNDA:4,(anonymous_18)
FNDA:8,(anonymous_19)
FNDA:8,(anonymous_20)
FNDA:8,(anonymous_21)
FNDA:3,(anonymous_22)
FNDA:2,(anonymous_23)
FNDA:0,(anonymous_24)
FNDA:1,(anonymous_25)
FNDA:1,(anonymous_26)
FNDA:0,(anonymous_27)
FNDA:1,(anonymous_28)
FNDA:1,(anonymous_29)
FNDA:1,(anonymous_30)
FNDA:1,(anonymous_31)
FNDA:1,(anonymous_32)
FNDA:1,(anonymous_33)
FNDA:1,(anonymous_34)
FNDA:26,(anonymous_35)
DA:7,25
DA:8,25
DA:9,25
DA:10,25
DA:13,25
DA:25,25
DA:28,25
DA:29,25
DA:32,25
DA:33,25
DA:35,25
DA:39,25
DA:40,25
DA:41,25
DA:42,25
DA:43,25
DA:47,25
DA:58,25
DA:59,175
DA:60,0
DA:66,25
DA:67,0
DA:69,0
DA:70,0
DA:71,0
DA:74,0
DA:75,0
DA:76,0
DA:77,0
DA:79,0
DA:80,0
DA:83,0
DA:86,25
DA:90,25
DA:91,0
DA:92,0
DA:97,2
DA:99,1
DA:100,1
DA:102,1
DA:104,1
DA:105,1
DA:109,1
DA:110,1
DA:111,0
DA:115,1
DA:116,1
DA:118,1
DA:119,1
DA:125,4
DA:126,4
DA:129,4
DA:130,2
DA:131,2
DA:132,1
DA:134,1
DA:141,2
DA:145,2
DA:146,2
DA:147,2
DA:150,2
DA:151,1
DA:155,61
DA:156,2
DA:158,2
DA:159,2
DA:164,2
DA:165,2
DA:168,2
DA:169,1
DA:170,1
DA:171,1
DA:173,0
DA:180,4
DA:181,4
DA:183,4
DA:184,4
DA:187,4
DA:188,4
DA:191,4
DA:192,4
DA:193,1
DA:194,3
DA:195,1
DA:197,2
DA:204,1
DA:205,1
DA:207,1
DA:208,1
DA:211,1
DA:212,1
DA:218,2
DA:222,3
DA:228,2
DA:232,4
DA:234,8
DA:235,8
DA:236,8
DA:238,2
DA:243,3
DA:245,3
DA:246,2
DA:249,3
DA:250,1
DA:253,3
DA:254,1
DA:257,3
DA:258,1
DA:261,3
DA:266,2
DA:268,2
DA:269,1
DA:272,2
DA:273,1
DA:276,2
DA:277,2
DA:280,2
DA:281,1
DA:284,2
DA:289,0
DA:290,0
DA:291,0
DA:293,0
DA:294,0
DA:296,0
DA:297,0
DA:300,0
DA:301,0
DA:304,0
DA:309,1
DA:318,1
DA:319,1
DA:321,1
DA:322,1
DA:323,1
DA:324,1
DA:325,1
DA:326,1
DA:327,1
DA:332,1
DA:333,1
DA:334,1
DA:348,1
DA:351,1
DA:352,0
DA:353,0
DA:366,1
DA:371,1
DA:372,1
DA:373,1
DA:378,1
DA:383,1
DA:386,1
DA:387,1
DA:388,1
DA:394,1
DA:401,1
DA:405,1
DA:409,1
DA:410,1
DA:411,1
DA:425,26
DA:428,26
DA:429,26
DA:430,2
DA:436,1
LF:166
LH:138
BRDA:59,0,0,0
BRDA:59,0,1,175
BRDA:67,1,0,0
BRDA:67,1,1,0
BRDA:74,2,0,0
BRDA:74,2,1,0
BRDA:91,3,0,0
BRDA:91,3,1,0
BRDA:97,4,0,1
BRDA:97,4,1,1
BRDA:104,5,0,1
BRDA:104,5,1,0
BRDA:110,6,0,0
BRDA:110,6,1,1
BRDA:118,7,0,1
BRDA:118,7,1,0
BRDA:125,8,0,4
BRDA:125,8,1,0
BRDA:129,9,0,2
BRDA:129,9,1,2
BRDA:131,10,0,1
BRDA:131,10,1,1
BRDA:145,11,0,2
BRDA:145,11,1,0
BRDA:150,12,0,1
BRDA:150,12,1,1
BRDA:164,13,0,2
BRDA:164,13,1,0
BRDA:168,14,0,1
BRDA:168,14,1,1
BRDA:170,15,0,1
BRDA:170,15,1,0
BRDA:183,16,0,4
BRDA:183,16,1,0
BRDA:187,17,0,4
BRDA:187,17,1,0
BRDA:192,18,0,1
BRDA:192,18,1,3
BRDA:194,19,0,1
BRDA:194,19,1,2
BRDA:207,20,0,1
BRDA:207,20,1,0
BRDA:211,21,0,1
BRDA:211,21,1,0
BRDA:221,22,0,1
BRDA:221,22,1,1
BRDA:223,23,0,1
BRDA:223,23,1,1
BRDA:224,24,0,1
BRDA:224,24,1,1
BRDA:232,25,0,2
BRDA:232,25,1,2
BRDA:245,26,0,2
BRDA:245,26,1,1
BRDA:249,27,0,1
BRDA:249,27,1,2
BRDA:253,28,0,1
BRDA:253,28,1,2
BRDA:257,29,0,1
BRDA:257,29,1,2
BRDA:268,30,0,1
BRDA:268,30,1,1
BRDA:272,31,0,1
BRDA:272,31,1,1
BRDA:276,32,0,2
BRDA:276,32,1,0
BRDA:280,33,0,1
BRDA:280,33,1,1
BRDA:296,34,0,0
BRDA:296,34,1,0
BRDA:300,35,0,0
BRDA:300,35,1,0
BRDA:372,36,0,1
BRDA:372,36,1,0
BRDA:387,37,0,1
BRDA:387,37,1,0
BRDA:387,38,0,1
BRDA:387,38,1,1
BRDA:429,39,0,2
BRDA:429,39,1,24
BRF:80
BRH:55
end_of_record
TN:
SF:web/static/js/platform-renderer.js
FN:6,(anonymous_0)
FN:55,(anonymous_1)
FN:72,(anonymous_2)
FN:85,(anonymous_3)
FN:100,(anonymous_4)
FN:121,(anonymous_5)
FN:123,(anonymous_6)
FN:131,(anonymous_7)
FN:138,(anonymous_8)
FN:180,(anonymous_9)
FN:199,(anonymous_10)
FN:223,(anonymous_11)
FN:233,(anonymous_12)
FN:243,(anonymous_13)
FN:282,(anonymous_14)
FN:342,(anonymous_15)
FN:382,(anonymous_16)
FN:407,(anonymous_17)
FN:413,(anonymous_18)
FN:420,(anonymous_19)
FN:426,(anonymous_20)
FN:437,(anonymous_21)
FN:442,(anonymous_22)
FN:443,(anonymous_23)
FN:455,(anonymous_24)
FN:457,(anonymous_25)
FN:467,(anonymous_26)
FN:481,(anonymous_27)
FN:491,(anonymous_28)
FN:495,(anonymous_29)
FN:507,(anonymous_30)
FN:512,(anonymous_31)
FN:522,(anonymous_32)
FN:527,(anonymous_33)
FN:538,(anonymous_34)
FN:549,(anonymous_35)
FN:553,(anonymous_36)
FN:567,(anonymous_37)
FN:581,(anonymous_38)
FN:586,(anonymous_39)
FNF:40
FNH:34
FNDA:26,(anonymous_0)
FNDA:26,(anonymous_1)
FNDA:26,(anonymous_2)
FNDA:26,(anonymous_3)
FNDA:0,(anonymous_4)
FNDA:26,(anonymous_5)
FNDA:0,(anonymous_6)
FNDA:0,(anonymous_7)
FNDA:6,(anonymous_8)
FNDA:6,(anonymous_9)
FNDA:12,(anonymous_10)
FNDA:18,(anonymous_11)
FNDA:0,(anonymous_12)
FNDA:1,(anonymous_13)
FNDA:6,(anonymous_14)
FNDA:16,(anonymous_15)
FNDA:1,(anonymous_16)
FNDA:4,(anonymous_17)
FNDA:6,(anonymous_18)
FNDA:7,(anonymous_19)
FNDA:1,(anonymous_20)
FNDA:20,(anonymous_21)
FNDA:1,(anonymous_22)
FNDA:1,(anonymous_23)
FNDA:6,(anonymous_24)
FNDA:10,(anonymous_25)
FNDA:2,(anonymous_26)
FNDA:0,(anonymous_27)
FNDA:1,(anonymous_28)
FNDA:0,(anonymous_29)
FNDA:2,(anonymous_30)
FNDA:1,(anonymous_31)
FNDA:2,(anonymous_32)
FNDA:1,(anonymous_33)
FNDA:2,(anonymous_34)
FNDA:1,(anonymous_35)
FNDA:1,(anonymous_36)
FNDA:27,(anonymous_37)
FNDA:1,(anonymous_38)
FNDA:2,(anonymous_39)
DA:7,26
DA:8,26
DA:9,26
DA:10,26
DA:13,26
DA:14,26
DA:15,26
DA:16,26
DA:19,26
DA:20,26
DA:21,26
DA:22,26
DA:23,26
DA:26,26
DA:27,26
DA:28,26
DA:29,26
DA:30,26
DA:38,26
DA:39,26
DA:40,26
DA:41,26
DA:42,26
DA:45,26
DA:52,26
DA:56,26
DA:59,26
DA:62,26
DA:65,26
DA:67,26
DA:69,26
DA:74,26
DA:75,26
DA:81,26
DA:87,26
DA:88,26
DA:101,0
DA:102,0
DA:103,0
DA:104,0
DA:105,0
DA:106,0
DA:108,0
DA:111,0
DA:123,26
DA:124,0
DA:125,0
DA:130,26
DA:131,0
DA:132,0
DA:139,6
DA:142,6
DA:143,0
DA:144,0
DA:147,6
DA:148,6
DA:151,6
DA:161,6
DA:162,0
DA:165,0
DA:168,0
DA:171,0
DA:172,0
DA:173,0
DA:177,6
DA:181,6
DA:182,6
DA:184,6
DA:200,12
DA:202,12
DA:203,12
DA:205,12
DA:209,12
DA:211,1
DA:213,7
DA:215,3
DA:217,1
DA:219,0
DA:224,18
DA:230,18
DA:234,0
DA:235,0
DA:244,1
DA:245,1
DA:246,1
DA:247,1
DA:248,1
DA:250,1
DA:283,6
DA:284,6
DA:287,6
DA:288,0
DA:289,0
DA:293,6
DA:295,0
DA:296,0
DA:297,0
DA:298,0
DA:300,0
DA:303,0
DA:307,6
DA:309,6
DA:311,6
DA:313,0
DA:314,0
DA:317,0
DA:318,0
DA:322,6
DA:323,6
DA:326,6
DA:327,0
DA:329,6
DA:334,6
DA:335,6
DA:339,6
DA:343,16
DA:344,16
DA:347,16
DA:350,16
DA:353,16
DA:354,2
DA:357,16
DA:360,16
DA:361,8
DA:363,8
DA:364,1
DA:366,7
DA:375,7
DA:376,7
DA:384,1
DA:385,1
DA:386,1
DA:387,0
DA:389,1
DA:391,1
DA:395,1
DA:396,0
DA:397,0
DA:398,0
DA:399,0
DA:403,1
DA:408,4
DA:411,4
DA:413,4
DA:414,6
DA:415,6
DA:419,4
DA:420,4
DA:421,7
DA:422,1
DA:426,4
DA:427,1
DA:431,4
DA:432,4
DA:433,4
DA:438,20
DA:443,1
DA:444,1
DA:445,1
DA:446,1
DA:447,1
DA:448,1
DA:456,6
DA:457,6
DA:458,10
DA:460,9
DA:463,6
DA:469,2
DA:470,2
DA:473,2
DA:474,1
DA:475,1
DA:476,1
DA:483,0
DA:484,0
DA:492,1
DA:495,1
DA:496,0
DA:497,0
DA:498,0
DA:500,0
DA:508,2
DA:509,2
DA:512,2
DA:513,1
DA:514,1
DA:517,2
DA:518,2
DA:523,2
DA:524,2
DA:527,2
DA:528,1
DA:529,1
DA:532,2
DA:533,2
DA:539,2
DA:541,2
DA:542,1
DA:544,1
DA:550,1
DA:553,1
DA:554,1
DA:555,1
DA:556,1
DA:558,1
DA:559,1
DA:560,1
DA:568,27
DA:569,27
DA:570,27
DA:571,27
DA:572,27
DA:573,27
DA:575,27
DA:576,27
DA:582,1
DA:587,2
DA:588,2
DA:589,1
DA:596,1
DA:597,1
DA:598,1
DA:605,1
LF:223
LH:176
BRDA:74,0,0,26
BRDA:74,0,1,0
BRDA:74,1,0,26
BRDA:74,1,1,26
BRDA:87,2,0,26
BRDA:87,2,1,0
BRDA:103,3,0,0
BRDA:103,3,1,0
BRDA:105,4,0,0
BRDA:105,4,1,0
BRDA:124,5,0,0
BRDA:124,5,1,0
BRDA:130,6,0,0
BRDA:130,6,1,26
BRDA:142,7,0,0
BRDA:142,7,1,6
BRDA:142,8,0,6
BRDA:142,8,1,6
BRDA:142,8,2,6
BRDA:142,8,3,6
BRDA:161,9,0,0
BRDA:161,9,1,6
BRDA:172,10,0,0
BRDA:172,10,1,0
BRDA:172,11,0,0
BRDA:172,11,1,0
BRDA:202,12,0,12
BRDA:202,12,1,0
BRDA:209,13,0,1
BRDA:209,13,1,7
BRDA:209,13,2,3
BRDA:209,13,3,1
BRDA:209,13,4,0
BRDA:230,14,0,18
BRDA:230,14,1,1
BRDA:245,15,0,1
BRDA:245,15,1,0
BRDA:246,16,0,1
BRDA:246,16,1,0
BRDA:247,17,0,1
BRDA:247,17,1,0
BRDA:248,18,0,1
BRDA:248,18,1,0
BRDA:275,19,0,1
BRDA:275,19,1,0
BRDA:287,20,0,0
BRDA:287,20,1,6
BRDA:293,21,0,0
BRDA:293,21,1,6
BRDA:295,22,0,0
BRDA:295,22,1,0
BRDA:297,23,0,0
BRDA:297,23,1,0
BRDA:297,24,0,0
BRDA:297,24,1,0
BRDA:311,25,0,0
BRDA:311,25,1,6
BRDA:317,26,0,0
BRDA:317,26,1,0
BRDA:326,27,0,0
BRDA:326,27,1,6
BRDA:326,28,0,6
BRDA:326,28,1,0
BRDA:334,29,0,6
BRDA:334,29,1,0
BRDA:347,30,0,16
BRDA:347,30,1,8
BRDA:353,31,0,2
BRDA:353,31,1,14
BRDA:360,32,0,8
BRDA:360,32,1,8
BRDA:363,33,0,1
BRDA:363,33,1,7
BRDA:384,34,0,1
BRDA:384,34,1,0
BRDA:386,35,0,0
BRDA:386,35,1,1
BRDA:386,36,0,1
BRDA:386,36,1,0
BRDA:395,37,0,0
BRDA:395,37,1,1
BRDA:421,38,0,1
BRDA:421,38,1,6
BRDA:445,39,0,1
BRDA:445,39,1,0
BRDA:445,40,0,1
BRDA:445,40,1,1
BRDA:447,41,0,1
BRDA:447,41,1,0
BRDA:458,42,0,9
BRDA:458,42,1,1
BRDA:458,43,0,10
BRDA:458,43,1,10
BRDA:473,44,0,1
BRDA:473,44,1,1
BRDA:473,45,0,2
BRDA:473,45,1,1
BRDA:475,46,0,1
BRDA:475,46,1,0
BRDA:475,47,0,1
BRDA:475,47,1,1
BRDA:483,48,0,0
BRDA:483,48,1,0
BRDA:496,49,0,0
BRDA:496,49,1,0
BRDA:497,50,0,0
BRDA:497,50,1,0
BRDA:508,51,0,2
BRDA:508,51,1,0
BRDA:508,52,0,2
BRDA:508,52,1,2
BRDA:523,53,0,2
BRDA:523,53,1,0
BRDA:523,54,0,2
BRDA:523,54,1,2
BRDA:541,55,0,1
BRDA:541,55,1,1
BRDA:554,56,0,1
BRDA:554,56,1,0
BRDA:559,57,0,1
BRDA:559,57,1,0
BRDA:575,58,0,27
BRDA:575,58,1,0
BRDA:588,59,0,1
BRDA:588,59,1,1
BRDA:597,60,0,1
BRDA:597,60,1,0
BRF:127
BRH:72
end_of_record
TN:
SF:web/static/js/scenario-builder.js
FN:3,(anonymous_0)
FN:18,(anonymous_1)
FN:25,(anonymous_2)
FN:46,(anonymous_3)
FN:69,(anonymous_4)
FN:122,(anonymous_5)
FN:124,(anonymous_6)
FN:129,(anonymous_7)
FN:130,(anonymous_8)
FN:131,(anonymous_9)
FN:140,(anonymous_10)
FN:148,(anonymous_11)
FN:154,(anonymous_12)
FN:155,(anonymous_13)
FN:161,(anonymous_14)
FN:168,(anonymous_15)
FN:172,(anonymous_16)
FN:182,(anonymous_17)
FN:190,(anonymous_18)
FN:200,(anonymous_19)
FN:202,(anonymous_20)
FN:217,(anonymous_21)
FN:223,(anonymous_22)
FN:249,(anonymous_23)
FN:278,(anonymous_24)
FN:293,(anonymous_25)
FN:339,(anonymous_26)
FN:355,(anonymous_27)
FN:371,(anonymous_28)
FN:372,(anonymous_29)
FN:380,(anonymous_30)
FN:389,(anonymous_31)
FN:404,(anonymous_32)
FN:406,(anonymous_33)
FN:409,(anonymous_34)
FN:418,(anonymous_35)
FN:420,(anonymous_36)
FN:430,(anonymous_37)
FN:436,(anonymous_38)
FN:440,(anonymous_39)
FN:450,(anonymous_40)
FN:458,(anonymous_41)
FN:472,(anonymous_42)
FN:498,(anonymous_43)
FN:500,(anonymous_44)
FN:505,(anonymous_45)
FN:510,(anonymous_46)
FN:518,(anonymous_47)
FN:526,(anonymous_48)
FN:554,(anonymous_49)
FN:568,(anonymous_50)
FN:569,(anonymous_51)
FN:575,(anonymous_52)
FN:596,(anonymous_53)
FN:598,(anonymous_54)
FN:608,(anonymous_55)
FN:625,(anonymous_56)
FN:648,(anonymous_57)
FN:651,(anonymous_58)
FN:660,(anonymous_59)
FN:667,(anonymous_60)
FN:673,(anonymous_61)
FN:681,(anonymous_62)
FN:690,(anonymous_63)
FN:717,(anonymous_64)
FN:744,(anonymous_65)
FNF:66
FNH:47
FNDA:40,(anonymous_0)
FNDA:40,(anonymous_1)
FNDA:42,(anonymous_2)
FNDA:55,(anonymous_3)
FNDA:56,(anonymous_4)
FNDA:40,(anonymous_5)
FNDA:0,(anonymous_6)
FNDA:80,(anonymous_7)
FNDA:0,(anonymous_8)
FNDA:0,(anonymous_9)
FNDA:0,(anonymous_10)
FNDA:0,(anonymous_11)
FNDA:40,(anonymous_12)
FNDA:0,(anonymous_13)
FNDA:0,(anonymous_14)
FNDA:57,(anonymous_15)
FNDA:281,(anonymous_16)
FNDA:0,(anonymous_17)
FNDA:288,(anonymous_18)
FNDA:1,(anonymous_19)
FNDA:2,(anonymous_20)
FNDA:0,(anonymous_21)
FNDA:1,(anonymous_22)
FNDA:1,(anonymous_23)
FNDA:6,(anonymous_24)
FNDA:1,(anonymous_25)
FNDA:1,(anonymous_26)
FNDA:6,(anonymous_27)
FNDA:1,(anonymous_28)
FNDA:2,(anonymous_29)
FNDA:3,(anonymous_30)
FNDA:0,(anonymous_31)
FNDA:1,(anonymous_32)
FNDA:1,(anonymous_33)
FNDA:1,(anonymous_34)
FNDA:1,(anonymous_35)
FNDA:2,(anonymous_36)
FNDA:2,(anonymous_37)
FNDA:5,(anonymous_38)
FNDA:2,(anonymous_39)
FNDA:0,(anonymous_40)
FNDA:1,(anonymous_41)
FNDA:1,(anonymous_42)
FNDA:147,(anonymous_43)
FNDA:0,(anonymous_44)
FNDA:3,(anonymous_45)
FNDA:0,(anonymous_46)
FNDA:0,(anonymous_47)
FNDA:3,(anonymous_48)
FNDA:2,(anonymous_49)
FNDA:2,(anonymous_50)
FNDA:0,(anonymous_51)
FNDA:1,(anonymous_52)
FNDA:1,(anonymous_53)
FNDA:0,(anonymous_54)
FNDA:0,(anonymous_55)
FNDA:0,(anonymous_56)
FNDA:1,(anonymous_57)
FNDA:1,(anonymous_58)
FNDA:2,(anonymous_59)
FNDA:1,(anonymous_60)
FNDA:1,(anonymous_61)
FNDA:3,(anonymous_62)
FNDA:2,(anonymous_63)
FNDA:1,(anonymous_64)
FNDA:0,(anonymous_65)
DA:4,40
DA:5,40
DA:6,40
DA:7,40
DA:8,40
DA:9,40
DA:10,40
DA:11,40
DA:12,40
DA:13,40
DA:15,40
DA:19,40
DA:20,40
DA:21,40
DA:22,40
DA:26,42
DA:27,1
DA:28,1
DA:32,41
DA:35,41
DA:41,41
DA:43,41
DA:47,55
DA:49,55
DA:50,54
DA:51,1
DA:52,1
DA:55,1
DA:56,1
DA:57,1
DA:59,2
DA:61,53
DA:62,53
DA:63,53
DA:64,53
DA:71,56
DA:72,56
DA:124,40
DA:125,0
DA:129,40
DA:130,80
DA:131,0
DA:132,0
DA:133,0
DA:138,40
DA:139,40
DA:140,40
DA:141,0
DA:146,40
DA:147,40
DA:148,40
DA:149,0
DA:154,40
DA:155,40
DA:156,0
DA:161,40
DA:162,0
DA:163,0
DA:169,57
DA:170,57
DA:172,57
DA:173,281
DA:174,281
DA:175,281
DA:182,281
DA:183,0
DA:186,281
DA:191,288
DA:197,288
DA:202,1
DA:203,2
DA:207,1
DA:210,1
DA:213,1
DA:216,1
DA:217,1
DA:218,0
DA:224,1
DA:226,0
DA:237,0
DA:240,0
DA:244,0
DA:245,0
DA:246,0
DA:250,1
DA:251,1
DA:254,1
DA:255,1
DA:257,1
DA:259,1
DA:260,1
DA:263,1
DA:269,1
DA:273,1
DA:275,1
DA:279,6
DA:286,6
DA:287,6
DA:288,6
DA:290,6
DA:294,1
DA:295,1
DA:296,1
DA:297,1
DA:298,1
DA:299,1
DA:301,1
DA:302,1
DA:303,1
DA:307,0
DA:324,0
DA:325,0
DA:328,0
DA:331,0
DA:332,0
DA:335,0
DA:336,0
DA:340,1
DA:341,1
DA:345,1
DA:352,1
DA:356,6
DA:363,6
DA:372,1
DA:373,2
DA:375,1
DA:376,1
DA:377,1
DA:381,3
DA:382,3
DA:384,3
DA:385,3
DA:386,3
DA:389,0
DA:390,0
DA:391,0
DA:392,0
DA:400,0
DA:406,1
DA:407,1
DA:408,1
DA:409,1
DA:413,1
DA:414,1
DA:415,1
DA:419,1
DA:420,1
DA:421,2
DA:422,2
DA:423,1
DA:425,1
DA:431,2
DA:432,1
DA:433,1
DA:436,5
DA:437,1
DA:438,1
DA:440,1
DA:441,2
DA:442,2
DA:443,2
DA:450,2
DA:451,0
DA:454,2
DA:459,1
DA:460,1
DA:461,1
DA:463,1
DA:472,1
DA:495,1
DA:499,147
DA:500,147
DA:501,0
DA:506,3
DA:507,3
DA:508,1
DA:509,1
DA:510,1
DA:511,0
DA:514,2
DA:515,2
DA:516,2
DA:517,2
DA:518,1
DA:519,0
DA:520,0
DA:527,3
DA:529,2
DA:532,2
DA:542,2
DA:543,1
DA:548,1
DA:551,2
DA:555,2
DA:556,1
DA:557,1
DA:561,1
DA:564,1
DA:565,1
DA:569,2
DA:570,0
DA:572,2
DA:576,1
DA:577,1
DA:578,1
DA:581,0
DA:582,0
DA:583,0
DA:585,0
DA:586,0
DA:587,0
DA:588,0
DA:589,0
DA:590,0
DA:591,0
DA:593,0
DA:597,1
DA:598,1
DA:599,0
DA:601,0
DA:602,0
DA:605,0
DA:606,0
DA:608,0
DA:609,0
DA:610,0
DA:611,0
DA:612,0
DA:613,0
DA:614,0
DA:615,0
DA:616,0
DA:617,0
DA:618,0
DA:622,0
DA:625,0
DA:637,0
DA:638,0
DA:641,0
DA:642,0
DA:645,1
DA:649,1
DA:650,1
DA:651,1
DA:652,1
DA:654,1
DA:655,1
DA:656,1
DA:661,2
DA:662,1
DA:663,1
DA:667,1
DA:668,1
DA:670,1
DA:674,1
DA:681,1
DA:682,3
DA:683,3
DA:687,1
DA:691,2
DA:693,2
DA:694,1
DA:698,2
DA:699,2
DA:700,1
DA:701,1
DA:703,1
DA:708,1
DA:709,1
DA:714,2
DA:719,1
DA:744,1
DA:745,0
DA:749,1
DA:750,1
LF:275
LH:205
BRDA:26,0,0,1
BRDA:26,0,1,41
BRDA:50,1,0,1
BRDA:50,1,1,1
BRDA:139,2,0,40
BRDA:139,2,1,0
BRDA:147,3,0,40
BRDA:147,3,1,0
BRDA:162,4,0,0
BRDA:162,4,1,0
BRDA:197,5,0,288
BRDA:197,5,1,2
BRDA:216,6,0,1
BRDA:216,6,1,0
BRDA:224,7,0,1
BRDA:224,7,1,0
BRDA:232,8,0,0
BRDA:232,8,1,0
BRDA:270,9,0,1
BRDA:270,9,1,0
BRDA:286,10,0,6
BRDA:286,10,1,1
BRDA:301,11,0,1
BRDA:301,11,1,0
BRDA:301,12,0,1
BRDA:301,12,1,0
BRDA:365,13,0,6
BRDA:365,13,1,1
BRDA:384,14,0,3
BRDA:384,14,1,0
BRDA:407,15,0,1
BRDA:407,15,1,0
BRDA:422,16,0,1
BRDA:422,16,1,1
BRDA:431,17,0,1
BRDA:431,17,1,1
BRDA:459,18,0,1
BRDA:459,18,1,0
BRDA:460,19,0,1
BRDA:460,19,1,0
BRDA:461,20,0,1
BRDA:461,20,1,0
BRDA:507,21,0,1
BRDA:507,21,1,2
BRDA:519,22,0,0
BRDA:519,22,1,0
BRDA:527,23,0,1
BRDA:527,23,1,2
BRDA:542,24,0,1
BRDA:542,24,1,1
BRDA:555,25,0,1
BRDA:555,25,1,1
BRDA:576,26,0,1
BRDA:576,26,1,0
BRDA:587,27,0,0
BRDA:587,27,1,0
BRDA:610,28,0,0
BRDA:610,28,1,0
BRDA:611,29,0,0
BRDA:611,29,1,0
BRDA:613,30,0,0
BRDA:613,30,1,0
BRDA:614,31,0,0
BRDA:614,31,1,0
BRDA:615,32,0,0
BRDA:615,32,1,0
BRDA:616,33,0,0
BRDA:616,33,1,0
BRDA:617,34,0,0
BRDA:617,34,1,0
BRDA:618,35,0,0
BRDA:618,35,1,0
BRDA:622,36,0,0
BRDA:622,36,1,0
BRDA:649,37,0,1
BRDA:649,37,1,0
BRDA:661,38,0,1
BRDA:661,38,1,1
BRDA:682,39,0,3
BRDA:682,39,1,0
BRDA:693,40,0,1
BRDA:693,40,1,1
BRDA:708,41,0,1
BRDA:708,41,1,0
BRDA:749,42,0,1
BRDA:749,42,1,0
BRDA:749,43,0,1
BRDA:749,43,1,1
BRF:88
BRH:45
end_of_record
